#
# There is insufficient memory for the Java Runtime Environment to continue.
# Native memory allocation (malloc) failed to allocate 2314576 bytes for Chunk::new
# Possible reasons:
#   The system is out of physical RAM or swap space
#   The process is running with CompressedOops enabled, and the Java Heap may be blocking the growth of the native heap
# Possible solutions:
#   Reduce memory load on the system
#   Increase physical memory or swap space
#   Check if swap backing store is full
#   Decrease Java heap size (-Xmx/-Xms)
#   Decrease number of Java threads
#   Decrease Java thread stack sizes (-Xss)
#   Set larger code cache with -XX:ReservedCodeCacheSize=
#   JVM is running with Unscaled Compressed Oops mode in which the Java heap is
#     placed in the first 4GB address space. The Java Heap base address is the
#     maximum limit for the native heap growth. Please use -XX:HeapBaseMinAddress
#     to set the Java Heap base and to place the Java Heap above 4GB virtual address.
# This output file may be truncated or incomplete.
#
#  Out of Memory Error (allocation.cpp:389), pid=6784, tid=0x00000000000018dc
#
# JRE version: OpenJDK Runtime Environment (8.0_242-b01) (build 1.8.0_242-release-1644-b01)
# Java VM: OpenJDK 64-Bit Server VM (25.242-b01 mixed mode windows-amd64 compressed oops)
# Failed to write core dump. Minidumps are not enabled by default on client versions of Windows
#

---------------  T H R E A D  ---------------

Current thread (0x0000000019a66000):  JavaThread "C2 CompilerThread1" daemon [_thread_in_native, id=6364, stack(0x000000001a440000,0x000000001a540000)]

Stack: [0x000000001a440000,0x000000001a540000]
[error occurred during error reporting (printing stack bounds), id 0xc0000005]

Native frames: (J=compiled Java code, j=interpreted, Vv=VM code, C=native code)


Current CompileTask:
C2:   7254 8600       4       org.antlr.v4.runtime.atn.ParserATNSimulator::closure_ (295 bytes)


---------------  P R O C E S S  ---------------

Java Threads: ( => current thread )
  0x0000000023d0d800 JavaThread "Cache worker for Java compile cache (C:\Users\USER\AndroidStudioProjects\Protocols\.gradle\6.5\javaCompile)" [_thread_blocked, id=6496, stack(0x000000002e0a0000,0x000000002e1a0000)]
  0x0000000023d10800 JavaThread "Cache worker for Java compile cache (C:\Users\USER\.gradle\caches\6.5\javaCompile)" [_thread_blocked, id=11544, stack(0x000000002dea0000,0x000000002dfa0000)]
  0x0000000023d14000 JavaThread "Cache worker for execution history cache (C:\Users\USER\AndroidStudioProjects\Protocols\.gradle\6.5\executionHistory)" [_thread_blocked, id=12920, stack(0x000000002dba0000,0x000000002dca0000)]
  0x0000000023d0f800 JavaThread "Execution worker for ':' Thread 7" [_thread_blocked, id=10024, stack(0x000000002daa0000,0x000000002dba0000)]
  0x0000000023d0f000 JavaThread "Execution worker for ':' Thread 6" [_thread_blocked, id=5132, stack(0x000000002d9a0000,0x000000002daa0000)]
  0x0000000023d0c800 JavaThread "Execution worker for ':' Thread 5" [_thread_in_vm, id=2936, stack(0x000000002d8a0000,0x000000002d9a0000)]
  0x0000000023d11000 JavaThread "Execution worker for ':' Thread 4" [_thread_blocked, id=9300, stack(0x000000002d7a0000,0x000000002d8a0000)]
  0x0000000023d13800 JavaThread "Execution worker for ':' Thread 3" [_thread_blocked, id=1580, stack(0x000000002d6a0000,0x000000002d7a0000)]
  0x0000000023d12800 JavaThread "Execution worker for ':' Thread 2" [_thread_blocked, id=7280, stack(0x000000002d5a0000,0x000000002d6a0000)]
  0x0000000023d0c000 JavaThread "Execution worker for ':'" [_thread_blocked, id=8664, stack(0x000000002d4a0000,0x000000002d5a0000)]
  0x0000000023d12000 JavaThread "Cache worker for file content cache (C:\Users\USER\AndroidStudioProjects\Protocols\.gradle\6.5\fileContent)" [_thread_blocked, id=6760, stack(0x000000002cae0000,0x000000002cbe0000)]
  0x000000001f1ad800 JavaThread "Memory manager" [_thread_blocked, id=7972, stack(0x000000002b1f0000,0x000000002b2f0000)]
  0x000000001f1ad000 JavaThread "Cache worker for Build Output Cleanup Cache (C:\Users\USER\AndroidStudioProjects\Protocols\.gradle\buildOutputCleanup)" [_thread_blocked, id=3272, stack(0x000000002aa60000,0x000000002ab60000)]
  0x000000001f1af000 JavaThread "jar transforms Thread 92" [_thread_blocked, id=12356, stack(0x000000002a760000,0x000000002a860000)]
  0x000000001f1ab800 JavaThread "jar transforms Thread 91" [_thread_blocked, id=11024, stack(0x000000002a660000,0x000000002a760000)]
  0x000000001f1aa800 JavaThread "jar transforms Thread 90" [_thread_blocked, id=1144, stack(0x000000002a560000,0x000000002a660000)]
  0x000000001f1ac000 JavaThread "jar transforms Thread 89" [_thread_blocked, id=2568, stack(0x000000002a460000,0x000000002a560000)]
  0x000000001f1b0000 JavaThread "jar transforms Thread 88" [_thread_blocked, id=8592, stack(0x000000002a360000,0x000000002a460000)]
  0x000000001f1b0800 JavaThread "jar transforms Thread 87" [_thread_blocked, id=7240, stack(0x000000002a260000,0x000000002a360000)]
  0x000000001f1a3000 JavaThread "jar transforms Thread 86" [_thread_blocked, id=4416, stack(0x000000002a160000,0x000000002a260000)]
  0x000000001f1aa000 JavaThread "jar transforms Thread 85" [_thread_blocked, id=6892, stack(0x000000002a060000,0x000000002a160000)]
  0x000000001f1a8800 JavaThread "jar transforms Thread 84" [_thread_blocked, id=13236, stack(0x0000000029f60000,0x000000002a060000)]
  0x000000001f1a9000 JavaThread "jar transforms Thread 83" [_thread_blocked, id=3672, stack(0x0000000029e60000,0x0000000029f60000)]
  0x000000001f1a7800 JavaThread "jar transforms Thread 82" [_thread_blocked, id=7860, stack(0x0000000029d60000,0x0000000029e60000)]
  0x000000001f1a7000 JavaThread "jar transforms Thread 81" [_thread_blocked, id=7352, stack(0x0000000029c60000,0x0000000029d60000)]
  0x000000001f1a5800 JavaThread "jar transforms Thread 80" [_thread_blocked, id=7524, stack(0x0000000029b60000,0x0000000029c60000)]
  0x000000001f1a4800 JavaThread "jar transforms Thread 79" [_thread_blocked, id=2344, stack(0x0000000029a60000,0x0000000029b60000)]
  0x000000001f1a6000 JavaThread "jar transforms Thread 78" [_thread_blocked, id=10316, stack(0x0000000029960000,0x0000000029a60000)]
  0x000000001f1a2800 JavaThread "jar transforms Thread 77" [_thread_blocked, id=5440, stack(0x0000000029860000,0x0000000029960000)]
  0x000000001f1a4000 JavaThread "jar transforms Thread 76" [_thread_blocked, id=11420, stack(0x0000000029760000,0x0000000029860000)]
  0x000000001f1a1800 JavaThread "jar transforms Thread 75" [_thread_blocked, id=2000, stack(0x0000000029660000,0x0000000029760000)]
  0x000000002347e800 JavaThread "jar transforms Thread 74" [_thread_blocked, id=9812, stack(0x0000000029560000,0x0000000029660000)]
  0x000000002347d800 JavaThread "jar transforms Thread 73" [_thread_blocked, id=8524, stack(0x0000000029460000,0x0000000029560000)]
  0x000000002347c000 JavaThread "jar transforms Thread 72" [_thread_blocked, id=10556, stack(0x0000000029360000,0x0000000029460000)]
  0x000000002347a800 JavaThread "jar transforms Thread 71" [_thread_blocked, id=1764, stack(0x0000000029260000,0x0000000029360000)]
  0x000000002347b800 JavaThread "jar transforms Thread 70" [_thread_blocked, id=6792, stack(0x0000000029160000,0x0000000029260000)]
  0x000000002347a000 JavaThread "jar transforms Thread 69" [_thread_blocked, id=6844, stack(0x0000000029060000,0x0000000029160000)]
  0x000000002347d000 JavaThread "jar transforms Thread 68" [_thread_blocked, id=12224, stack(0x0000000028f60000,0x0000000029060000)]
  0x0000000023472800 JavaThread "jar transforms Thread 67" [_thread_blocked, id=10944, stack(0x0000000028e60000,0x0000000028f60000)]
  0x0000000023479000 JavaThread "jar transforms Thread 66" [_thread_blocked, id=6944, stack(0x0000000028d60000,0x0000000028e60000)]
  0x0000000023471800 JavaThread "jar transforms Thread 65" [_thread_blocked, id=11748, stack(0x0000000028c60000,0x0000000028d60000)]
  0x0000000023478800 JavaThread "jar transforms Thread 64" [_thread_blocked, id=9004, stack(0x0000000028b60000,0x0000000028c60000)]
  0x0000000023477800 JavaThread "jar transforms Thread 63" [_thread_blocked, id=7776, stack(0x0000000028a60000,0x0000000028b60000)]
  0x0000000023474000 JavaThread "jar transforms Thread 62" [_thread_blocked, id=12440, stack(0x0000000028960000,0x0000000028a60000)]
  0x0000000023477000 JavaThread "jar transforms Thread 61" [_thread_blocked, id=12300, stack(0x0000000028860000,0x0000000028960000)]
  0x000000002346f800 JavaThread "jar transforms Thread 60" [_thread_blocked, id=9984, stack(0x0000000028760000,0x0000000028860000)]
  0x0000000023473000 JavaThread "jar transforms Thread 59" [_thread_blocked, id=8328, stack(0x0000000028660000,0x0000000028760000)]
  0x0000000023476000 JavaThread "jar transforms Thread 58" [_thread_blocked, id=3096, stack(0x0000000028560000,0x0000000028660000)]
  0x0000000023475800 JavaThread "jar transforms Thread 57" [_thread_blocked, id=7896, stack(0x0000000028460000,0x0000000028560000)]
  0x0000000023474800 JavaThread "jar transforms Thread 56" [_thread_blocked, id=12508, stack(0x0000000028360000,0x0000000028460000)]
  0x0000000023471000 JavaThread "jar transforms Thread 55" [_thread_blocked, id=12648, stack(0x0000000028260000,0x0000000028360000)]
  0x0000000023470000 JavaThread "jar transforms Thread 54" [_thread_blocked, id=9136, stack(0x0000000028160000,0x0000000028260000)]
  0x000000001f173000 JavaThread "jar transforms Thread 53" [_thread_blocked, id=12932, stack(0x0000000028060000,0x0000000028160000)]
  0x000000001f172000 JavaThread "jar transforms Thread 52" [_thread_blocked, id=3500, stack(0x0000000027f60000,0x0000000028060000)]
  0x000000001f173800 JavaThread "jar transforms Thread 51" [_thread_blocked, id=10204, stack(0x0000000027e60000,0x0000000027f60000)]
  0x000000001f171800 JavaThread "jar transforms Thread 50" [_thread_blocked, id=800, stack(0x0000000027d60000,0x0000000027e60000)]
  0x000000001f16a000 JavaThread "jar transforms Thread 49" [_thread_blocked, id=12616, stack(0x0000000027c60000,0x0000000027d60000)]
  0x000000001f170800 JavaThread "jar transforms Thread 48" [_thread_blocked, id=384, stack(0x0000000027b60000,0x0000000027c60000)]
  0x000000001f169000 JavaThread "jar transforms Thread 47" [_thread_blocked, id=1864, stack(0x0000000027a60000,0x0000000027b60000)]
  0x000000001f170000 JavaThread "jar transforms Thread 46" [_thread_blocked, id=10716, stack(0x0000000027960000,0x0000000027a60000)]
  0x000000001f16d800 JavaThread "jar transforms Thread 45" [_thread_blocked, id=11720, stack(0x0000000027860000,0x0000000027960000)]
  0x000000001f16f000 JavaThread "jar transforms Thread 44" [_thread_blocked, id=12428, stack(0x0000000027760000,0x0000000027860000)]
  0x000000001f16e800 JavaThread "jar transforms Thread 43" [_thread_blocked, id=8432, stack(0x0000000027660000,0x0000000027760000)]
  0x000000001f166000 JavaThread "jar transforms Thread 42" [_thread_blocked, id=12688, stack(0x0000000027560000,0x0000000027660000)]
  0x000000001f167800 JavaThread "jar transforms Thread 41" [_thread_blocked, id=3760, stack(0x0000000027460000,0x0000000027560000)]
  0x000000001f16b800 JavaThread "jar transforms Thread 40" [_thread_blocked, id=7876, stack(0x0000000027360000,0x0000000027460000)]
  0x000000001f16d000 JavaThread "jar transforms Thread 39" [_thread_blocked, id=9388, stack(0x0000000027260000,0x0000000027360000)]
  0x000000001f16c000 JavaThread "jar transforms Thread 38" [_thread_blocked, id=3264, stack(0x0000000027160000,0x0000000027260000)]
  0x000000001f16a800 JavaThread "jar transforms Thread 37" [_thread_blocked, id=12060, stack(0x0000000027060000,0x0000000027160000)]
  0x000000001f165000 JavaThread "jar transforms Thread 36" [_thread_blocked, id=8240, stack(0x0000000026f60000,0x0000000027060000)]
  0x000000001f166800 JavaThread "jar transforms Thread 35" [_thread_blocked, id=6208, stack(0x0000000026e60000,0x0000000026f60000)]
  0x000000001f164800 JavaThread "jar transforms Thread 34" [_thread_blocked, id=12124, stack(0x0000000026d60000,0x0000000026e60000)]
  0x000000001f168000 JavaThread "jar transforms Thread 33" [_thread_blocked, id=2352, stack(0x0000000026c60000,0x0000000026d60000)]
  0x000000001f186000 JavaThread "jar transforms Thread 32" [_thread_blocked, id=500, stack(0x0000000026b60000,0x0000000026c60000)]
  0x000000001f185800 JavaThread "jar transforms Thread 31" [_thread_blocked, id=7928, stack(0x0000000026a60000,0x0000000026b60000)]
  0x000000001f184800 JavaThread "jar transforms Thread 30" [_thread_blocked, id=1240, stack(0x0000000026960000,0x0000000026a60000)]
  0x000000001f183800 JavaThread "jar transforms Thread 29" [_thread_blocked, id=10592, stack(0x0000000026860000,0x0000000026960000)]
  0x000000001f187000 JavaThread "jar transforms Thread 28" [_thread_blocked, id=4340, stack(0x0000000026760000,0x0000000026860000)]
  0x000000001f187800 JavaThread "jar transforms Thread 27" [_thread_blocked, id=6668, stack(0x0000000026660000,0x0000000026760000)]
  0x000000001f17c000 JavaThread "jar transforms Thread 26" [_thread_blocked, id=12804, stack(0x0000000026560000,0x0000000026660000)]
  0x000000001f183000 JavaThread "jar transforms Thread 25" [_thread_blocked, id=3604, stack(0x0000000026460000,0x0000000026560000)]
  0x000000001f182000 JavaThread "jar transforms Thread 24" [_thread_blocked, id=12668, stack(0x0000000026360000,0x0000000026460000)]
  0x000000001f17a800 JavaThread "jar transforms Thread 23" [_thread_blocked, id=2996, stack(0x0000000025e90000,0x0000000025f90000)]
  0x000000001f181800 JavaThread "jar transforms Thread 22" [_thread_blocked, id=1180, stack(0x0000000026260000,0x0000000026360000)]
  0x000000001f17a000 JavaThread "jar transforms Thread 21" [_thread_blocked, id=10916, stack(0x0000000026160000,0x0000000026260000)]
  0x000000001f17f000 JavaThread "jar transforms Thread 20" [_thread_blocked, id=3848, stack(0x0000000026060000,0x0000000026160000)]
  0x000000001f17d000 JavaThread "jar transforms Thread 19" [_thread_blocked, id=11936, stack(0x0000000025d90000,0x0000000025e90000)]
  0x000000001f180000 JavaThread "jar transforms Thread 18" [_thread_blocked, id=12456, stack(0x0000000025c90000,0x0000000025d90000)]
  0x000000001f17e800 JavaThread "jar transforms Thread 17" [_thread_blocked, id=1704, stack(0x0000000025b90000,0x0000000025c90000)]
  0x000000001f180800 JavaThread "jar transforms Thread 16" [_thread_blocked, id=5248, stack(0x0000000025a90000,0x0000000025b90000)]
  0x000000001f17b800 JavaThread "jar transforms Thread 15" [_thread_blocked, id=9944, stack(0x0000000025990000,0x0000000025a90000)]
  0x000000001f17d800 JavaThread "jar transforms Thread 14" [_thread_blocked, id=5236, stack(0x0000000025890000,0x0000000025990000)]
  0x000000001f179000 JavaThread "jar transforms Thread 13" [_thread_blocked, id=7920, stack(0x0000000025790000,0x0000000025890000)]
  0x000000001f178800 JavaThread "jar transforms Thread 12" [_thread_blocked, id=4196, stack(0x0000000025690000,0x0000000025790000)]
  0x000000001cb5c800 JavaThread "jar transforms Thread 11" [_thread_blocked, id=10612, stack(0x0000000025590000,0x0000000025690000)]
  0x000000001cb5f800 JavaThread "jar transforms Thread 10" [_thread_blocked, id=3172, stack(0x0000000025490000,0x0000000025590000)]
  0x000000001cb5e800 JavaThread "jar transforms Thread 9" [_thread_blocked, id=11476, stack(0x0000000025390000,0x0000000025490000)]
  0x000000001cb5b800 JavaThread "jar transforms Thread 8" [_thread_blocked, id=2584, stack(0x0000000025290000,0x0000000025390000)]
  0x000000001cb5e000 JavaThread "jar transforms Thread 7" [_thread_blocked, id=488, stack(0x0000000025190000,0x0000000025290000)]
  0x000000001cb5b000 JavaThread "jar transforms Thread 6" [_thread_blocked, id=12704, stack(0x0000000025090000,0x0000000025190000)]
  0x000000001cb5d000 JavaThread "jar transforms Thread 5" [_thread_blocked, id=8984, stack(0x0000000024f90000,0x0000000025090000)]
  0x000000001cb53800 JavaThread "jar transforms Thread 4" [_thread_blocked, id=10956, stack(0x0000000024e90000,0x0000000024f90000)]
  0x000000001cb5a000 JavaThread "jar transforms Thread 3" [_thread_blocked, id=7316, stack(0x0000000024d90000,0x0000000024e90000)]
  0x000000001cb52800 JavaThread "jar transforms Thread 2" [_thread_blocked, id=13024, stack(0x0000000024c90000,0x0000000024d90000)]
  0x000000001cb54000 JavaThread "Build operations Thread 8" [_thread_blocked, id=7868, stack(0x0000000024a90000,0x0000000024b90000)]
  0x000000001cb59800 JavaThread "Build operations Thread 7" [_thread_blocked, id=4392, stack(0x0000000024990000,0x0000000024a90000)]
  0x000000001cb58000 JavaThread "Build operations Thread 6" [_thread_blocked, id=11568, stack(0x0000000024890000,0x0000000024990000)]
  0x000000001cb55000 JavaThread "Build operations Thread 5" [_thread_blocked, id=2984, stack(0x0000000024790000,0x0000000024890000)]
  0x000000001cb57000 JavaThread "Build operations Thread 4" [_thread_blocked, id=6916, stack(0x0000000024690000,0x0000000024790000)]
  0x000000001cb58800 JavaThread "Build operations Thread 3" [_thread_blocked, id=5600, stack(0x0000000024590000,0x0000000024690000)]
  0x000000001cb50800 JavaThread "Build operations Thread 2" [_thread_blocked, id=3228, stack(0x0000000024490000,0x0000000024590000)]
  0x000000001cb56800 JavaThread "Build operations" [_thread_blocked, id=9008, stack(0x0000000024390000,0x0000000024490000)]
  0x000000001c7cb000 JavaThread "Cache worker for file content cache (C:\Users\USER\.gradle\caches\6.5\fileContent)" [_thread_blocked, id=10856, stack(0x0000000022cc0000,0x0000000022dc0000)]
  0x000000001c7ca000 JavaThread "jar transforms" [_thread_blocked, id=2456, stack(0x0000000022bc0000,0x0000000022cc0000)]
  0x000000001c7c9800 JavaThread "Cache worker for execution history cache (C:\Users\USER\.gradle\caches\6.5\executionHistory)" [_thread_blocked, id=9640, stack(0x00000000224c0000,0x00000000225c0000)]
  0x000000001c7c8800 JavaThread "Cache worker for cache directory md-rule (C:\Users\USER\.gradle\caches\6.5\md-rule)" [_thread_blocked, id=9520, stack(0x00000000223c0000,0x00000000224c0000)]
  0x000000001c7c8000 JavaThread "Cache worker for cache directory md-supplier (C:\Users\USER\.gradle\caches\6.5\md-supplier)" [_thread_blocked, id=9128, stack(0x00000000222c0000,0x00000000223c0000)]
  0x000000001c7cc800 JavaThread "Cache worker for checksums cache (C:\Users\USER\AndroidStudioProjects\Protocols\.gradle\checksums)" [_thread_blocked, id=1172, stack(0x0000000020d40000,0x0000000020e40000)]
  0x000000001c7c6800 JavaThread "Cache worker for file hash cache (C:\Users\USER\AndroidStudioProjects\Protocols\.gradle\6.5\fileHashes)" [_thread_blocked, id=6988, stack(0x000000001ea70000,0x000000001eb70000)]
  0x000000001c7c7000 JavaThread "Cache worker for file hash cache (C:\Users\USER\.gradle\caches\6.5\fileHashes)" [_thread_blocked, id=12092, stack(0x000000001e970000,0x000000001ea70000)]
  0x000000001c7cd000 JavaThread "File lock request listener" [_thread_in_native, id=12604, stack(0x000000001e870000,0x000000001e970000)]
  0x000000001c70a800 JavaThread "Cache worker for journal cache (C:\Users\USER\.gradle\caches\journal-1)" [_thread_blocked, id=6112, stack(0x000000001e770000,0x000000001e870000)]
  0x000000001c518800 JavaThread "Thread-9" [_thread_blocked, id=7620, stack(0x000000001e470000,0x000000001e570000)]
  0x000000001ac91000 JavaThread "Stdin handler" [_thread_blocked, id=7960, stack(0x000000001e370000,0x000000001e470000)]
  0x000000001ac90000 JavaThread "Asynchronous log dispatcher for DefaultDaemonConnection: socket connection from /127.0.0.1:57689 to /127.0.0.1:57690" [_thread_blocked, id=13148, stack(0x000000001e270000,0x000000001e370000)]
  0x000000001aa2d800 JavaThread "Daemon worker" [_thread_blocked, id=12344, stack(0x000000001e170000,0x000000001e270000)]
  0x000000001aa28800 JavaThread "Cancel handler" [_thread_blocked, id=9688, stack(0x000000001e070000,0x000000001e170000)]
  0x000000001abdc000 JavaThread "Handler for socket connection from /127.0.0.1:57689 to /127.0.0.1:57690" [_thread_in_native, id=7716, stack(0x000000001df70000,0x000000001e070000)]
  0x000000001c5b0800 JavaThread "Daemon" [_thread_blocked, id=6856, stack(0x000000001dc70000,0x000000001dd70000)]
  0x000000001ac9d800 JavaThread "Daemon periodic checks" [_thread_blocked, id=12292, stack(0x000000001db70000,0x000000001dc70000)]
  0x000000001c4f0000 JavaThread "Incoming local TCP Connector on port 57689" [_thread_in_native, id=8868, stack(0x000000001d920000,0x000000001da20000)]
  0x000000001c408000 JavaThread "Daemon health stats" [_thread_blocked, id=12580, stack(0x000000001d2e0000,0x000000001d3e0000)]
  0x0000000019a78800 JavaThread "Service Thread" daemon [_thread_blocked, id=13092, stack(0x000000001a740000,0x000000001a840000)]
  0x0000000019a6c800 JavaThread "C1 CompilerThread3" daemon [_thread_in_native, id=6464, stack(0x000000001a640000,0x000000001a740000)]
  0x0000000019a68000 JavaThread "C2 CompilerThread2" daemon [_thread_in_native, id=3320, stack(0x000000001a540000,0x000000001a640000)]
=>0x0000000019a66000 JavaThread "C2 CompilerThread1" daemon [_thread_in_native, id=6364, stack(0x000000001a440000,0x000000001a540000)]
  0x0000000019a5f000 JavaThread "C2 CompilerThread0" daemon [_thread_in_native, id=10400, stack(0x000000001a340000,0x000000001a440000)]
  0x0000000019a5e000 JavaThread "Attach Listener" daemon [_thread_blocked, id=10972, stack(0x000000001a240000,0x000000001a340000)]
  0x0000000017c5e000 JavaThread "Signal Dispatcher" daemon [_thread_blocked, id=11840, stack(0x000000001a140000,0x000000001a240000)]
  0x0000000019a51000 JavaThread "Finalizer" daemon [_thread_blocked, id=12076, stack(0x0000000019f30000,0x000000001a030000)]
  0x0000000017c4c800 JavaThread "Reference Handler" daemon [_thread_blocked, id=5028, stack(0x0000000019e30000,0x0000000019f30000)]
  0x00000000029dd800 JavaThread "main" [_thread_blocked, id=8928, stack(0x00000000029e0000,0x0000000002ae0000)]

Other Threads:
  0x0000000017c48000 VMThread [stack: 0x0000000019930000,0x0000000019a30000] [id=9956]
  0x0000000019a79000 WatcherThread [stack: 0x000000001a840000,0x000000001a940000] [id=9080]

VM state:not at safepoint (normal execution)

VM Mutex/Monitor currently owned by a thread: None

heap address: 0x0000000080000000, size: 2048 MB, Compressed Oops mode: 32-bit
Narrow klass base: 0x0000000000000000, Narrow klass shift: 3
Compressed class space size: 1073741824 Address: 0x0000000100000000

Heap:
 PSYoungGen      total 267264K, used 98861K [0x00000000d5580000, 0x00000000e7480000, 0x0000000100000000)
  eden space 244736K, 31% used [0x00000000d5580000,0x00000000da057080,0x00000000e4480000)
  from space 22528K, 98% used [0x00000000e4480000,0x00000000e5a34708,0x00000000e5a80000)
  to   space 17408K, 0% used [0x00000000e5a80000,0x00000000e5a80000,0x00000000e6b80000)
 ParOldGen       total 86528K, used 36831K [0x0000000080000000, 0x0000000085480000, 0x00000000d5580000)
  object space 86528K, 42% used [0x0000000080000000,0x00000000823f7d10,0x0000000085480000)
 Metaspace       used 75623K, capacity 79322K, committed 79512K, reserved 1118208K
  class space    used 10229K, capacity 10911K, committed 10928K, reserved 1048576K

Card table byte_map: [0x0000000011fa0000,0x00000000123b0000] byte_map_base: 0x0000000011ba0000

Marking Bits: (ParMarkBitMap*) 0x0000000052bff030
 Begin Bits: [0x0000000012e60000, 0x0000000014e60000)
 End Bits:   [0x0000000014e60000, 0x0000000016e60000)

Polling page: 0x00000000010f0000

CodeCache: size=245760Kb used=25219Kb max_used=25221Kb free=220540Kb
 bounds [0x0000000002be0000, 0x00000000044a0000, 0x0000000011be0000]
 total_blobs=8740 nmethods=7926 adapters=726
 compilation: enabled

Compilation events (10 events):
Event: 7.245 Thread 0x0000000019a6c800 8865       3       java.util.Collections$UnmodifiableList::listIterator (10 bytes)
Event: 7.245 Thread 0x0000000019a6c800 nmethod 8865 0x000000000448cc10 code [0x000000000448cd80, 0x000000000448d0e8]
Event: 7.246 Thread 0x0000000019a6c800 8861       3       com.squareup.javapoet.TypeName::emit (24 bytes)
Event: 7.246 Thread 0x0000000019a6c800 nmethod 8861 0x000000000448d250 code [0x000000000448d3e0, 0x000000000448d6d8]
Event: 7.246 Thread 0x0000000019a6c800 8867       1       java.util.Collections$EmptySet::contains (2 bytes)
Event: 7.246 Thread 0x0000000019a6c800 nmethod 8867 0x000000000448d810 code [0x000000000448d960, 0x000000000448da70]
Event: 7.246 Thread 0x0000000019a6c800 8869       3       com.squareup.javapoet.TypeName::equals (38 bytes)
Event: 7.246 Thread 0x0000000019a6c800 nmethod 8869 0x000000000448dad0 code [0x000000000448dc60, 0x000000000448e208]
Event: 7.246 Thread 0x0000000019a6c800 8868       3       com.squareup.javapoet.TypeName::emitAnnotations (47 bytes)
Event: 7.246 Thread 0x0000000019a6c800 nmethod 8868 0x000000000448e350 code [0x000000000448e520, 0x000000000448eca8]

GC Heap History (10 events):
Event: 2.689 GC heap before
{Heap before GC invocations=10 (full 2):
 PSYoungGen      total 211456K, used 8591K [0x00000000d5580000, 0x00000000e3500000, 0x0000000100000000)
  eden space 197120K, 0% used [0x00000000d5580000,0x00000000d5580000,0x00000000e1600000)
  from space 14336K, 59% used [0x00000000e2380000,0x00000000e2be3c18,0x00000000e3180000)
  to   space 13824K, 0% used [0x00000000e1600000,0x00000000e1600000,0x00000000e2380000)
 ParOldGen       total 56320K, used 9920K [0x0000000080000000, 0x0000000083700000, 0x00000000d5580000)
  object space 56320K, 17% used [0x0000000080000000,0x00000000809b01c0,0x0000000083700000)
 Metaspace       used 34333K, capacity 35432K, committed 35496K, reserved 1079296K
  class space    used 4730K, capacity 5007K, committed 5040K, reserved 1048576K
Event: 2.722 GC heap after
Heap after GC invocations=10 (full 2):
 PSYoungGen      total 211456K, used 0K [0x00000000d5580000, 0x00000000e3500000, 0x0000000100000000)
  eden space 197120K, 0% used [0x00000000d5580000,0x00000000d5580000,0x00000000e1600000)
  from space 14336K, 0% used [0x00000000e2380000,0x00000000e2380000,0x00000000e3180000)
  to   space 13824K, 0% used [0x00000000e1600000,0x00000000e1600000,0x00000000e2380000)
 ParOldGen       total 86528K, used 14842K [0x0000000080000000, 0x0000000085480000, 0x00000000d5580000)
  object space 86528K, 17% used [0x0000000080000000,0x0000000080e7eb60,0x0000000085480000)
 Metaspace       used 34333K, capacity 35432K, committed 35496K, reserved 1079296K
  class space    used 4730K, capacity 5007K, committed 5040K, reserved 1048576K
}
Event: 3.647 GC heap before
{Heap before GC invocations=11 (full 2):
 PSYoungGen      total 211456K, used 197120K [0x00000000d5580000, 0x00000000e3500000, 0x0000000100000000)
  eden space 197120K, 100% used [0x00000000d5580000,0x00000000e1600000,0x00000000e1600000)
  from space 14336K, 0% used [0x00000000e2380000,0x00000000e2380000,0x00000000e3180000)
  to   space 13824K, 0% used [0x00000000e1600000,0x00000000e1600000,0x00000000e2380000)
 ParOldGen       total 86528K, used 14842K [0x0000000080000000, 0x0000000085480000, 0x00000000d5580000)
  object space 86528K, 17% used [0x0000000080000000,0x0000000080e7eb60,0x0000000085480000)
 Metaspace       used 45373K, capacity 47250K, committed 47528K, reserved 1089536K
  class space    used 6146K, capacity 6501K, committed 6576K, reserved 1048576K
Event: 3.658 GC heap after
Heap after GC invocations=11 (full 2):
 PSYoungGen      total 210944K, used 13794K [0x00000000d5580000, 0x00000000e6b80000, 0x0000000100000000)
  eden space 197120K, 0% used [0x00000000d5580000,0x00000000d5580000,0x00000000e1600000)
  from space 13824K, 99% used [0x00000000e1600000,0x00000000e2378a58,0x00000000e2380000)
  to   space 17408K, 0% used [0x00000000e5a80000,0x00000000e5a80000,0x00000000e6b80000)
 ParOldGen       total 86528K, used 18879K [0x0000000080000000, 0x0000000085480000, 0x00000000d5580000)
  object space 86528K, 21% used [0x0000000080000000,0x000000008126fe30,0x0000000085480000)
 Metaspace       used 45373K, capacity 47250K, committed 47528K, reserved 1089536K
  class space    used 6146K, capacity 6501K, committed 6576K, reserved 1048576K
}
Event: 4.688 GC heap before
{Heap before GC invocations=12 (full 2):
 PSYoungGen      total 210944K, used 154701K [0x00000000d5580000, 0x00000000e6b80000, 0x0000000100000000)
  eden space 197120K, 71% used [0x00000000d5580000,0x00000000ddf1ad08,0x00000000e1600000)
  from space 13824K, 99% used [0x00000000e1600000,0x00000000e2378a58,0x00000000e2380000)
  to   space 17408K, 0% used [0x00000000e5a80000,0x00000000e5a80000,0x00000000e6b80000)
 ParOldGen       total 86528K, used 18879K [0x0000000080000000, 0x0000000085480000, 0x00000000d5580000)
  object space 86528K, 21% used [0x0000000080000000,0x000000008126fe30,0x0000000085480000)
 Metaspace       used 56741K, capacity 59142K, committed 59160K, reserved 1099776K
  class space    used 7768K, capacity 8224K, committed 8240K, reserved 1048576K
Event: 4.705 GC heap after
Heap after GC invocations=12 (full 2):
 PSYoungGen      total 262144K, used 17388K [0x00000000d5580000, 0x00000000e7480000, 0x0000000100000000)
  eden space 244736K, 0% used [0x00000000d5580000,0x00000000d5580000,0x00000000e4480000)
  from space 17408K, 99% used [0x00000000e5a80000,0x00000000e6b7b330,0x00000000e6b80000)
  to   space 22528K, 0% used [0x00000000e4480000,0x00000000e4480000,0x00000000e5a80000)
 ParOldGen       total 86528K, used 26580K [0x0000000080000000, 0x0000000085480000, 0x00000000d5580000)
  object space 86528K, 30% used [0x0000000080000000,0x00000000819f52a8,0x0000000085480000)
 Metaspace       used 56741K, capacity 59142K, committed 59160K, reserved 1099776K
  class space    used 7768K, capacity 8224K, committed 8240K, reserved 1048576K
}
Event: 4.705 GC heap before
{Heap before GC invocations=13 (full 3):
 PSYoungGen      total 262144K, used 17388K [0x00000000d5580000, 0x00000000e7480000, 0x0000000100000000)
  eden space 244736K, 0% used [0x00000000d5580000,0x00000000d5580000,0x00000000e4480000)
  from space 17408K, 99% used [0x00000000e5a80000,0x00000000e6b7b330,0x00000000e6b80000)
  to   space 22528K, 0% used [0x00000000e4480000,0x00000000e4480000,0x00000000e5a80000)
 ParOldGen       total 86528K, used 26580K [0x0000000080000000, 0x0000000085480000, 0x00000000d5580000)
  object space 86528K, 30% used [0x0000000080000000,0x00000000819f52a8,0x0000000085480000)
 Metaspace       used 56741K, capacity 59142K, committed 59160K, reserved 1099776K
  class space    used 7768K, capacity 8224K, committed 8240K, reserved 1048576K
Event: 4.857 GC heap after
Heap after GC invocations=13 (full 3):
 PSYoungGen      total 262144K, used 0K [0x00000000d5580000, 0x00000000e7480000, 0x0000000100000000)
  eden space 244736K, 0% used [0x00000000d5580000,0x00000000d5580000,0x00000000e4480000)
  from space 17408K, 0% used [0x00000000e5a80000,0x00000000e5a80000,0x00000000e6b80000)
  to   space 22528K, 0% used [0x00000000e4480000,0x00000000e4480000,0x00000000e5a80000)
 ParOldGen       total 86528K, used 36823K [0x0000000080000000, 0x0000000085480000, 0x00000000d5580000)
  object space 86528K, 42% used [0x0000000080000000,0x00000000823f5d10,0x0000000085480000)
 Metaspace       used 56694K, capacity 58980K, committed 59160K, reserved 1099776K
  class space    used 7753K, capacity 8197K, committed 8240K, reserved 1048576K
}
Event: 6.537 GC heap before
{Heap before GC invocations=14 (full 3):
 PSYoungGen      total 262144K, used 244736K [0x00000000d5580000, 0x00000000e7480000, 0x0000000100000000)
  eden space 244736K, 100% used [0x00000000d5580000,0x00000000e4480000,0x00000000e4480000)
  from space 17408K, 0% used [0x00000000e5a80000,0x00000000e5a80000,0x00000000e6b80000)
  to   space 22528K, 0% used [0x00000000e4480000,0x00000000e4480000,0x00000000e5a80000)
 ParOldGen       total 86528K, used 36823K [0x0000000080000000, 0x0000000085480000, 0x00000000d5580000)
  object space 86528K, 42% used [0x0000000080000000,0x00000000823f5d10,0x0000000085480000)
 Metaspace       used 68474K, capacity 72154K, committed 72472K, reserved 1112064K
  class space    used 9490K, capacity 10207K, committed 10288K, reserved 1048576K
Event: 6.554 GC heap after
Heap after GC invocations=14 (full 3):
 PSYoungGen      total 267264K, used 22225K [0x00000000d5580000, 0x00000000e7480000, 0x0000000100000000)
  eden space 244736K, 0% used [0x00000000d5580000,0x00000000d5580000,0x00000000e4480000)
  from space 22528K, 98% used [0x00000000e4480000,0x00000000e5a34708,0x00000000e5a80000)
  to   space 17408K, 0% used [0x00000000e5a80000,0x00000000e5a80000,0x00000000e6b80000)
 ParOldGen       total 86528K, used 36831K [0x0000000080000000, 0x0000000085480000, 0x00000000d5580000)
  object space 86528K, 42% used [0x0000000080000000,0x00000000823f7d10,0x0000000085480000)
 Metaspace       used 68474K, capacity 72154K, committed 72472K, reserved 1112064K
  class space    used 9490K, capacity 10207K, committed 10288K, reserved 1048576K
}

Deoptimization events (10 events):
Event: 7.145 Thread 0x0000000023d0c800 Uncommon trap: reason=class_check action=maybe_recompile pc=0x00000000042b0618 method=com.sun.tools.javac.code.Type.containsAny(Lcom/sun/tools/javac/util/List;)Z @ 6
Event: 7.145 Thread 0x0000000023d0c800 Uncommon trap: reason=class_check action=maybe_recompile pc=0x00000000042b0618 method=com.sun.tools.javac.code.Type.containsAny(Lcom/sun/tools/javac/util/List;)Z @ 6
Event: 7.156 Thread 0x0000000023d0c800 Uncommon trap: reason=array_check action=maybe_recompile pc=0x000000000440e440 method=org.antlr.v4.runtime.misc.Array2DHashSet.getOrAddImpl(Ljava/lang/Object;)Ljava/lang/Object; @ 128
Event: 7.156 Thread 0x0000000023d0c800 Uncommon trap: reason=array_check action=maybe_recompile pc=0x000000000440e440 method=org.antlr.v4.runtime.misc.Array2DHashSet.getOrAddImpl(Ljava/lang/Object;)Ljava/lang/Object; @ 128
Event: 7.179 Thread 0x0000000023d0c800 Uncommon trap: reason=bimorphic action=maybe_recompile pc=0x00000000043d5a6c method=java.util.Collections$UnmodifiableCollection.contains(Ljava/lang/Object;)Z @ 5
Event: 7.184 Thread 0x0000000023d0c800 Uncommon trap: reason=bimorphic action=maybe_recompile pc=0x00000000043d5a6c method=java.util.Collections$UnmodifiableCollection.contains(Ljava/lang/Object;)Z @ 5
Event: 7.184 Thread 0x0000000023d0c800 Uncommon trap: reason=bimorphic action=maybe_recompile pc=0x00000000043d5a6c method=java.util.Collections$UnmodifiableCollection.contains(Ljava/lang/Object;)Z @ 5
Event: 7.184 Thread 0x0000000023d0c800 Uncommon trap: reason=bimorphic action=maybe_recompile pc=0x00000000043d5a6c method=java.util.Collections$UnmodifiableCollection.contains(Ljava/lang/Object;)Z @ 5
Event: 7.216 Thread 0x0000000023d0c800 Uncommon trap: reason=unstable_if action=reinterpret pc=0x0000000003048bb0 method=sun.nio.cs.UTF_8$Encoder.encodeArrayLoop(Ljava/nio/CharBuffer;Ljava/nio/ByteBuffer;)Ljava/nio/charset/CoderResult; @ 113
Event: 7.241 Thread 0x0000000023d0c800 Uncommon trap: reason=unstable_if action=reinterpret pc=0x0000000002dd0790 method=sun.nio.cs.UTF_8$Encoder.encode([CII[B)I @ 33

Classes redefined (0 events):
No events

Internal exceptions (10 events):
Event: 6.225 Thread 0x0000000023d0c800 Exception <a 'sun/nio/fs/WindowsException'> (0x00000000e2148370) thrown at [C:\src\AOSP-openjdk-git\hotspot\src\share\vm\prims\jni.cpp, line 710]
Event: 6.225 Thread 0x0000000023d0c800 Exception <a 'sun/nio/fs/WindowsException'> (0x00000000e21496a8) thrown at [C:\src\AOSP-openjdk-git\hotspot\src\share\vm\prims\jni.cpp, line 710]
Event: 6.227 Thread 0x0000000023d0c800 Exception <a 'sun/nio/fs/WindowsException'> (0x00000000e217c7e8) thrown at [C:\src\AOSP-openjdk-git\hotspot\src\share\vm\prims\jni.cpp, line 710]
Event: 6.227 Thread 0x0000000023d0c800 Exception <a 'sun/nio/fs/WindowsException'> (0x00000000e217d520) thrown at [C:\src\AOSP-openjdk-git\hotspot\src\share\vm\prims\jni.cpp, line 710]
Event: 6.227 Thread 0x0000000023d0c800 Exception <a 'sun/nio/fs/WindowsException'> (0x00000000e217f628) thrown at [C:\src\AOSP-openjdk-git\hotspot\src\share\vm\prims\jni.cpp, line 710]
Event: 6.227 Thread 0x0000000023d0c800 Exception <a 'sun/nio/fs/WindowsException'> (0x00000000e2180370) thrown at [C:\src\AOSP-openjdk-git\hotspot\src\share\vm\prims\jni.cpp, line 710]
Event: 6.236 Thread 0x0000000023d0c800 Exception <a 'java/lang/NoSuchMethodError': java.lang.Object.lambda$comparingByKey$bbdbfea9$1(Ljava/util/Map$Entry;Ljava/util/Map$Entry;)I> (0x00000000e2292310) thrown at [C:\src\AOSP-openjdk-git\hotspot\src\share\vm\interpreter\linkResolver.cpp, line 620
Event: 6.879 Thread 0x0000000023d0c800 Implicit null exception at 0x00000000035ffd82 to 0x00000000035ffec5
Event: 6.926 Thread 0x0000000023d0c800 Implicit null exception at 0x0000000002e6d356 to 0x0000000002e6d6f1
Event: 7.249 Thread 0x0000000023d0c800 Exception <a 'java/lang/NullPointerException'> (0x00000000d9f558b0) thrown at [C:\src\AOSP-openjdk-git\hotspot\src\share\vm\interpreter\linkResolver.cpp, line 1185]

Events (10 events):
Event: 7.252 loading class com/sun/tools/javac/util/Log$WriterKind
Event: 7.252 loading class com/sun/tools/javac/util/Log$WriterKind done
Event: 7.253 loading class com/sun/tools/javac/util/RichDiagnosticFormatter$ClassNameSimplifier
Event: 7.253 loading class com/sun/tools/javac/util/RichDiagnosticFormatter$ClassNameSimplifier done
Event: 7.253 loading class com/sun/tools/javac/api/DiagnosticFormatter$PositionKind
Event: 7.253 loading class com/sun/tools/javac/api/DiagnosticFormatter$PositionKind done
Event: 7.253 loading class com/sun/tools/javac/util/AbstractDiagnosticFormatter$2
Event: 7.253 loading class com/sun/tools/javac/util/AbstractDiagnosticFormatter$2 done
Event: 7.253 loading class com/sun/tools/javac/util/JCDiagnostic$SourcePosition
Event: 7.253 loading class com/sun/tools/javac/util/JCDiagnostic$SourcePosition done


Dynamic libraries:
0x00007ff720110000 - 0x00007ff720141000 	C:\Program Files\Android\Android Studio\jre\bin\java.exe
0x00007ffbb66b0000 - 0x00007ffbb68a5000 	C:\WINDOWS\SYSTEM32\ntdll.dll
0x00007ffbb4770000 - 0x00007ffbb482d000 	C:\WINDOWS\System32\KERNEL32.DLL
0x00007ffbb4160000 - 0x00007ffbb4428000 	C:\WINDOWS\System32\KERNELBASE.dll
0x00007ffbb4ab0000 - 0x00007ffbb4b5c000 	C:\WINDOWS\System32\ADVAPI32.dll
0x00007ffbb5380000 - 0x00007ffbb541e000 	C:\WINDOWS\System32\msvcrt.dll
0x00007ffbb49f0000 - 0x00007ffbb4a8b000 	C:\WINDOWS\System32\sechost.dll
0x00007ffbb5e40000 - 0x00007ffbb5f6b000 	C:\WINDOWS\System32\RPCRT4.dll
0x00007ffbb5820000 - 0x00007ffbb59c0000 	C:\WINDOWS\System32\USER32.dll
0x00007ffbb46e0000 - 0x00007ffbb4702000 	C:\WINDOWS\System32\win32u.dll
0x00007ffbb5f70000 - 0x00007ffbb5f9a000 	C:\WINDOWS\System32\GDI32.dll
0x00007ffbb3ea0000 - 0x00007ffbb3fab000 	C:\WINDOWS\System32\gdi32full.dll
0x00007ffbb4640000 - 0x00007ffbb46dd000 	C:\WINDOWS\System32\msvcp_win.dll
0x00007ffbb4060000 - 0x00007ffbb4160000 	C:\WINDOWS\System32\ucrtbase.dll
0x00007ffb9ef10000 - 0x00007ffb9f1aa000 	C:\WINDOWS\WinSxS\amd64_microsoft.windows.common-controls_6595b64144ccf1df_6.0.19041.844_none_ca00b6081b84eb1d\COMCTL32.dll
0x00007ffbb5420000 - 0x00007ffbb5450000 	C:\WINDOWS\System32\IMM32.DLL
0x0000000052270000 - 0x0000000052342000 	C:\Program Files\Android\Android Studio\jre\jre\bin\msvcr100.dll
0x0000000052430000 - 0x0000000052c7b000 	C:\Program Files\Android\Android Studio\jre\jre\bin\server\jvm.dll
0x00007ffbb4bc0000 - 0x00007ffbb4bc8000 	C:\WINDOWS\System32\PSAPI.DLL
0x00007ffb9f300000 - 0x00007ffb9f327000 	C:\WINDOWS\SYSTEM32\WINMM.dll
0x00007ffbb1370000 - 0x00007ffbb1379000 	C:\WINDOWS\SYSTEM32\WSOCK32.dll
0x00007ffbad5a0000 - 0x00007ffbad5aa000 	C:\WINDOWS\SYSTEM32\VERSION.dll
0x00007ffbb57b0000 - 0x00007ffbb581b000 	C:\WINDOWS\System32\WS2_32.dll
0x00007ffbae320000 - 0x00007ffbae32f000 	C:\Program Files\Android\Android Studio\jre\jre\bin\verify.dll
0x00007ffbae220000 - 0x00007ffbae249000 	C:\Program Files\Android\Android Studio\jre\jre\bin\java.dll
0x00007ffbae300000 - 0x00007ffbae316000 	C:\Program Files\Android\Android Studio\jre\jre\bin\zip.dll
0x00007ffbb4c30000 - 0x00007ffbb5372000 	C:\WINDOWS\System32\SHELL32.dll
0x00007ffbb1ef0000 - 0x00007ffbb2680000 	C:\WINDOWS\SYSTEM32\windows.storage.dll
0x00007ffbb5450000 - 0x00007ffbb57a5000 	C:\WINDOWS\System32\combase.dll
0x00007ffbb37f0000 - 0x00007ffbb381c000 	C:\WINDOWS\SYSTEM32\Wldp.dll
0x00007ffbb5d30000 - 0x00007ffbb5dde000 	C:\WINDOWS\System32\SHCORE.dll
0x00007ffbb4710000 - 0x00007ffbb4765000 	C:\WINDOWS\System32\shlwapi.dll
0x00007ffbb3d30000 - 0x00007ffbb3d4f000 	C:\WINDOWS\SYSTEM32\profapi.dll
0x00007ffbae2b0000 - 0x00007ffbae2ca000 	C:\Program Files\Android\Android Studio\jre\jre\bin\net.dll
0x00007ffbb3500000 - 0x00007ffbb356a000 	C:\WINDOWS\system32\mswsock.dll
0x00007ffbae1a0000 - 0x00007ffbae1b3000 	C:\Program Files\Android\Android Studio\jre\jre\bin\nio.dll
0x00007ffba60a0000 - 0x00007ffba60c7000 	C:\Users\USER\.gradle\native\f6784746aeab05261644944871eae4fe03e0ef1612fff0a4a95f87b438bc6780\windows-amd64\native-platform.dll
0x00007ffbae050000 - 0x00007ffbae05d000 	C:\Program Files\Android\Android Studio\jre\jre\bin\management.dll
0x00007ffbb3740000 - 0x00007ffbb3758000 	C:\WINDOWS\SYSTEM32\CRYPTSP.dll
0x00007ffbb2ea0000 - 0x00007ffbb2ed4000 	C:\WINDOWS\system32\rsaenh.dll
0x00007ffbb4590000 - 0x00007ffbb45b7000 	C:\WINDOWS\System32\bcrypt.dll
0x00007ffbb3cb0000 - 0x00007ffbb3cde000 	C:\WINDOWS\SYSTEM32\USERENV.dll
0x00007ffbb45c0000 - 0x00007ffbb4640000 	C:\WINDOWS\System32\bcryptprimitives.dll
0x00007ffbb3730000 - 0x00007ffbb373c000 	C:\WINDOWS\SYSTEM32\CRYPTBASE.dll
0x00007ffbb31f0000 - 0x00007ffbb322b000 	C:\WINDOWS\SYSTEM32\IPHLPAPI.DLL
0x00007ffbb4aa0000 - 0x00007ffbb4aa8000 	C:\WINDOWS\System32\NSI.dll
0x00007ffbaca70000 - 0x00007ffbaca87000 	C:\WINDOWS\SYSTEM32\dhcpcsvc6.DLL
0x00007ffbad380000 - 0x00007ffbad39d000 	C:\WINDOWS\SYSTEM32\dhcpcsvc.DLL
0x00007ffbb3230000 - 0x00007ffbb32fc000 	C:\WINDOWS\SYSTEM32\DNSAPI.dll
0x00007ffbaf530000 - 0x00007ffbaf53b000 	C:\WINDOWS\SYSTEM32\WINNSI.DLL
0x000000006adc0000 - 0x000000006aeb2000 	C:\Users\USER\AppData\Local\Temp\room-d50a270f-f280-4481-a244-246a700f0ac7\sqlite-3.20.1-d4a0efa2-f28c-4988-996d-0097f617b2cb-sqlitejdbc.dll

VM Arguments:
jvm_args: -Xmx2048m -Dfile.encoding=UTF-8 -Duser.country=RU -Duser.language=ru -Duser.variant 
java_command: org.gradle.launcher.daemon.bootstrap.GradleDaemon 6.5
java_class_path (initial): C:\Users\USER\.gradle\wrapper\dists\gradle-6.5-bin\6nifqtx7604sqp1q6g8wikw7p\gradle-6.5\lib\gradle-launcher-6.5.jar
Launcher Type: SUN_STANDARD

Environment Variables:
PATH=C:\Program Files (x86)\Intel\Intel(R) Management Engine Components\iCLS\;C:\Program Files\Intel\Intel(R) Management Engine Components\iCLS\;C:\WINDOWS\system32;C:\WINDOWS;C:\WINDOWS\System32\Wbem;C:\WINDOWS\System32\WindowsPowerShell\v1.0\;C:\WINDOWS\System32\OpenSSH\;C:\Program Files (x86)\Intel\Intel(R) Management Engine Components\DAL;C:\Program Files\Intel\Intel(R) Management Engine Components\DAL;C:\Program Files\Git\cmd;C:\Users\USER\AppData\Local\Microsoft\WindowsApps;
USERNAME=USER
OS=Windows_NT
PROCESSOR_IDENTIFIER=Intel64 Family 6 Model 142 Stepping 12, GenuineIntel



---------------  S Y S T E M  ---------------

OS: Windows 10.0 , 64 bit Build 19041 (10.0.19041.928)

CPU:total 8 (initial active 8) (4 cores per cpu, 2 threads per core) family 6 model 142 stepping 12, cmov, cx8, fxsr, mmx, sse, sse2, sse3, ssse3, sse4.1, sse4.2, popcnt, avx, avx2, aes, clmul, erms, 3dnowpref, lzcnt, ht, tsc, tscinvbit, bmi1, bmi2, adx

Memory: 4k page, physical 7975408k(1701796k free), swap 7975408k(6268k free)

vm_info: OpenJDK 64-Bit Server VM (25.242-b01) for windows-amd64 JRE (1.8.0_242-release-1644-b01), built by "builder" with MS VC++ 10.0 (VS2010)

time: Thu Jun 10 12:35:19 2021
timezone: 
elapsed time: 7 seconds (0d 0h 0m 7s)

