#
# There is insufficient memory for the Java Runtime Environment to continue.
# Native memory allocation (malloc) failed to allocate 1816544 bytes for Chunk::new
# Possible reasons:
#   The system is out of physical RAM or swap space
#   The process is running with CompressedOops enabled, and the Java Heap may be blocking the growth of the native heap
# Possible solutions:
#   Reduce memory load on the system
#   Increase physical memory or swap space
#   Check if swap backing store is full
#   Decrease Java heap size (-Xmx/-Xms)
#   Decrease number of Java threads
#   Decrease Java thread stack sizes (-Xss)
#   Set larger code cache with -XX:ReservedCodeCacheSize=
#   JVM is running with Unscaled Compressed Oops mode in which the Java heap is
#     placed in the first 4GB address space. The Java Heap base address is the
#     maximum limit for the native heap growth. Please use -XX:HeapBaseMinAddress
#     to set the Java Heap base and to place the Java Heap above 4GB virtual address.
# This output file may be truncated or incomplete.
#
#  Out of Memory Error (allocation.cpp:389), pid=12692, tid=0x00000000000003d8
#
# JRE version: OpenJDK Runtime Environment (8.0_242-b01) (build 1.8.0_242-release-1644-b01)
# Java VM: OpenJDK 64-Bit Server VM (25.242-b01 mixed mode windows-amd64 compressed oops)
# Failed to write core dump. Minidumps are not enabled by default on client versions of Windows
#

---------------  T H R E A D  ---------------

Current thread (0x0000000019de2000):  JavaThread "C2 CompilerThread0" daemon [_thread_in_native, id=984, stack(0x000000001a6c0000,0x000000001a7c0000)]

Stack: [0x000000001a6c0000,0x000000001a7c0000]
[error occurred during error reporting (printing stack bounds), id 0xc0000005]

Native frames: (J=compiled Java code, j=interpreted, Vv=VM code, C=native code)


Current CompileTask:
C2:   3404 3736       4       java.net.URLClassLoader$1::run (5 bytes)


---------------  P R O C E S S  ---------------

Java Threads: ( => current thread )
  0x00000000204cd000 JavaThread "Cache worker for Build Output Cleanup Cache (C:\Users\USER\AndroidStudioProjects\Protocols\.gradle\buildOutputCleanup)" [_thread_blocked, id=9720, stack(0x00000000296d0000,0x00000000297d0000)]
  0x00000000204c7000 JavaThread "jar transforms Thread 92" [_thread_blocked, id=13300, stack(0x000000002ae40000,0x000000002af40000)]
  0x00000000204ca000 JavaThread "jar transforms Thread 91" [_thread_blocked, id=8588, stack(0x000000002ad40000,0x000000002ae40000)]
  0x00000000204cb800 JavaThread "jar transforms Thread 90" [_thread_blocked, id=6324, stack(0x000000002ac40000,0x000000002ad40000)]
  0x00000000204c8800 JavaThread "jar transforms Thread 89" [_thread_blocked, id=8144, stack(0x000000002ab40000,0x000000002ac40000)]
  0x00000000204ce000 JavaThread "jar transforms Thread 88" [_thread_blocked, id=5008, stack(0x000000002aa40000,0x000000002ab40000)]
  0x00000000204cc800 JavaThread "jar transforms Thread 87" [_thread_blocked, id=6152, stack(0x000000002a940000,0x000000002aa40000)]
  0x00000000204cb000 JavaThread "jar transforms Thread 86" [_thread_blocked, id=11192, stack(0x000000002a840000,0x000000002a940000)]
  0x00000000204c3800 JavaThread "jar transforms Thread 85" [_thread_blocked, id=12744, stack(0x000000002a740000,0x000000002a840000)]
  0x00000000204c1000 JavaThread "jar transforms Thread 84" [_thread_blocked, id=8160, stack(0x000000002a640000,0x000000002a740000)]
  0x00000000204c8000 JavaThread "jar transforms Thread 83" [_thread_blocked, id=7952, stack(0x000000002a540000,0x000000002a640000)]
  0x00000000204c2000 JavaThread "jar transforms Thread 82" [_thread_blocked, id=11028, stack(0x000000002a440000,0x000000002a540000)]
  0x00000000204bf800 JavaThread "jar transforms Thread 81" [_thread_blocked, id=8492, stack(0x000000002a340000,0x000000002a440000)]
  0x00000000204c2800 JavaThread "jar transforms Thread 80" [_thread_blocked, id=132, stack(0x000000002a240000,0x000000002a340000)]
  0x00000000204c0800 JavaThread "jar transforms Thread 79" [_thread_blocked, id=10000, stack(0x000000002a140000,0x000000002a240000)]
  0x00000000204c6800 JavaThread "jar transforms Thread 78" [_thread_blocked, id=3856, stack(0x000000002a040000,0x000000002a140000)]
  0x00000000204c5000 JavaThread "jar transforms Thread 77" [_thread_blocked, id=11256, stack(0x0000000029f40000,0x000000002a040000)]
  0x00000000204c5800 JavaThread "jar transforms Thread 76" [_thread_blocked, id=7816, stack(0x0000000029e40000,0x0000000029f40000)]
  0x00000000204c4000 JavaThread "jar transforms Thread 75" [_thread_blocked, id=7444, stack(0x0000000029d40000,0x0000000029e40000)]
  0x0000000022410800 JavaThread "jar transforms Thread 74" [_thread_blocked, id=11852, stack(0x0000000029c40000,0x0000000029d40000)]
  0x0000000022410000 JavaThread "jar transforms Thread 73" [_thread_blocked, id=12856, stack(0x0000000029b40000,0x0000000029c40000)]
  0x0000000022412000 JavaThread "jar transforms Thread 72" [_thread_blocked, id=5576, stack(0x0000000029a40000,0x0000000029b40000)]
  0x000000002240e800 JavaThread "jar transforms Thread 71" [_thread_blocked, id=10812, stack(0x00000000295d0000,0x00000000296d0000)]
  0x000000002240f000 JavaThread "jar transforms Thread 70" [_thread_blocked, id=6992, stack(0x00000000294d0000,0x00000000295d0000)]
  0x000000002240a800 JavaThread "jar transforms Thread 69" [_thread_blocked, id=8152, stack(0x00000000293d0000,0x00000000294d0000)]
  0x0000000022411800 JavaThread "jar transforms Thread 68" [_thread_blocked, id=7768, stack(0x00000000292d0000,0x00000000293d0000)]
  0x000000002240d800 JavaThread "jar transforms Thread 67" [_thread_blocked, id=2024, stack(0x00000000291d0000,0x00000000292d0000)]
  0x000000002240c800 JavaThread "jar transforms Thread 66" [_thread_blocked, id=6376, stack(0x00000000290d0000,0x00000000291d0000)]
  0x0000000022408000 JavaThread "jar transforms Thread 65" [_thread_blocked, id=11864, stack(0x0000000028fd0000,0x00000000290d0000)]
  0x0000000022409800 JavaThread "jar transforms Thread 64" [_thread_blocked, id=6440, stack(0x0000000028ed0000,0x0000000028fd0000)]
  0x000000002240c000 JavaThread "jar transforms Thread 63" [_thread_blocked, id=6664, stack(0x0000000028dd0000,0x0000000028ed0000)]
  0x000000002240b000 JavaThread "jar transforms Thread 62" [_thread_blocked, id=2476, stack(0x0000000028cd0000,0x0000000028dd0000)]
  0x0000000022404800 JavaThread "jar transforms Thread 61" [_thread_blocked, id=3184, stack(0x0000000028bd0000,0x0000000028cd0000)]
  0x0000000022407800 JavaThread "jar transforms Thread 60" [_thread_blocked, id=2484, stack(0x0000000028ad0000,0x0000000028bd0000)]
  0x0000000022406800 JavaThread "jar transforms Thread 59" [_thread_blocked, id=6240, stack(0x00000000289d0000,0x0000000028ad0000)]
  0x0000000022409000 JavaThread "jar transforms Thread 58" [_thread_blocked, id=11564, stack(0x00000000288d0000,0x00000000289d0000)]
  0x0000000022406000 JavaThread "jar transforms Thread 57" [_thread_blocked, id=6800, stack(0x00000000287d0000,0x00000000288d0000)]
  0x0000000022403800 JavaThread "jar transforms Thread 56" [_thread_blocked, id=5796, stack(0x00000000286d0000,0x00000000287d0000)]
  0x0000000022405000 JavaThread "jar transforms Thread 55" [_thread_blocked, id=11384, stack(0x00000000285d0000,0x00000000286d0000)]
  0x0000000022403000 JavaThread "jar transforms Thread 54" [_thread_blocked, id=9492, stack(0x00000000284d0000,0x00000000285d0000)]
  0x000000001f09c800 JavaThread "jar transforms Thread 53" [_thread_blocked, id=3204, stack(0x00000000283d0000,0x00000000284d0000)]
  0x000000001f098800 JavaThread "jar transforms Thread 52" [_thread_blocked, id=11460, stack(0x00000000282d0000,0x00000000283d0000)]
  0x000000001f09b800 JavaThread "jar transforms Thread 51" [_thread_blocked, id=9732, stack(0x00000000281d0000,0x00000000282d0000)]
  0x000000001f099800 JavaThread "jar transforms Thread 50" [_thread_blocked, id=3240, stack(0x00000000280d0000,0x00000000281d0000)]
  0x000000001f098000 JavaThread "jar transforms Thread 49" [_thread_blocked, id=12596, stack(0x0000000027fd0000,0x00000000280d0000)]
  0x000000001f09e000 JavaThread "jar transforms Thread 48" [_thread_blocked, id=1768, stack(0x0000000027ed0000,0x0000000027fd0000)]
  0x000000001f09b000 JavaThread "jar transforms Thread 47" [_thread_blocked, id=8952, stack(0x0000000027dd0000,0x0000000027ed0000)]
  0x000000001f09d000 JavaThread "jar transforms Thread 46" [_thread_blocked, id=11616, stack(0x0000000027cd0000,0x0000000027dd0000)]
  0x000000001f09a000 JavaThread "jar transforms Thread 45" [_thread_blocked, id=8220, stack(0x0000000027bd0000,0x0000000027cd0000)]
  0x000000001f090800 JavaThread "jar transforms Thread 44" [_thread_blocked, id=6308, stack(0x0000000027ad0000,0x0000000027bd0000)]
  0x000000001f095000 JavaThread "jar transforms Thread 43" [_thread_blocked, id=12304, stack(0x00000000279d0000,0x0000000027ad0000)]
  0x000000001f094000 JavaThread "jar transforms Thread 42" [_thread_blocked, id=8, stack(0x00000000278d0000,0x00000000279d0000)]
  0x000000001f092000 JavaThread "jar transforms Thread 41" [_thread_blocked, id=9340, stack(0x00000000277d0000,0x00000000278d0000)]
  0x000000001f097000 JavaThread "jar transforms Thread 40" [_thread_blocked, id=2372, stack(0x00000000276d0000,0x00000000277d0000)]
  0x000000001f092800 JavaThread "jar transforms Thread 39" [_thread_blocked, id=9348, stack(0x00000000275d0000,0x00000000276d0000)]
  0x000000001f08f800 JavaThread "jar transforms Thread 38" [_thread_blocked, id=5164, stack(0x00000000274d0000,0x00000000275d0000)]
  0x000000001f096800 JavaThread "jar transforms Thread 37" [_thread_blocked, id=11988, stack(0x00000000273d0000,0x00000000274d0000)]
  0x000000001f091000 JavaThread "jar transforms Thread 36" [_thread_blocked, id=8212, stack(0x00000000272d0000,0x00000000273d0000)]
  0x000000001f095800 JavaThread "jar transforms Thread 35" [_thread_blocked, id=4164, stack(0x00000000271d0000,0x00000000272d0000)]
  0x000000001f08f000 JavaThread "jar transforms Thread 34" [_thread_blocked, id=7560, stack(0x00000000270d0000,0x00000000271d0000)]
  0x000000001f093800 JavaThread "jar transforms Thread 33" [_thread_blocked, id=2244, stack(0x0000000026fd0000,0x00000000270d0000)]
  0x000000001fa36000 JavaThread "jar transforms Thread 32" [_thread_blocked, id=3348, stack(0x0000000026ed0000,0x0000000026fd0000)]
  0x000000001fa33800 JavaThread "jar transforms Thread 31" [_thread_blocked, id=12868, stack(0x0000000026dd0000,0x0000000026ed0000)]
  0x000000001fa34800 JavaThread "jar transforms Thread 30" [_thread_blocked, id=7372, stack(0x0000000026cd0000,0x0000000026dd0000)]
  0x000000001fa33000 JavaThread "jar transforms Thread 29" [_thread_blocked, id=4024, stack(0x0000000026bd0000,0x0000000026cd0000)]
  0x000000001fa35000 JavaThread "jar transforms Thread 28" [_thread_blocked, id=7668, stack(0x0000000026ad0000,0x0000000026bd0000)]
  0x000000001fa32000 JavaThread "jar transforms Thread 27" [_thread_blocked, id=12164, stack(0x00000000269d0000,0x0000000026ad0000)]
  0x000000001fa36800 JavaThread "jar transforms Thread 26" [_thread_blocked, id=10408, stack(0x00000000268d0000,0x00000000269d0000)]
  0x000000001fa37800 JavaThread "jar transforms Thread 25" [_thread_blocked, id=6132, stack(0x00000000267d0000,0x00000000268d0000)]
  0x000000001fa31800 JavaThread "jar transforms Thread 24" [_thread_blocked, id=1596, stack(0x00000000266d0000,0x00000000267d0000)]
  0x000000001fa2a800 JavaThread "jar transforms Thread 23" [_thread_blocked, id=5292, stack(0x00000000265d0000,0x00000000266d0000)]
  0x000000001fa2d800 JavaThread "jar transforms Thread 22" [_thread_blocked, id=6224, stack(0x00000000264d0000,0x00000000265d0000)]
  0x000000001fa2d000 JavaThread "jar transforms Thread 21" [_thread_blocked, id=6076, stack(0x00000000263d0000,0x00000000264d0000)]
  0x000000001fa2c000 JavaThread "jar transforms Thread 20" [_thread_blocked, id=5812, stack(0x00000000262d0000,0x00000000263d0000)]
  0x000000001fa30800 JavaThread "jar transforms Thread 19" [_thread_blocked, id=1804, stack(0x00000000261d0000,0x00000000262d0000)]
  0x000000001fa29000 JavaThread "jar transforms Thread 18" [_thread_blocked, id=6236, stack(0x00000000260d0000,0x00000000261d0000)]
  0x000000001fa2b800 JavaThread "jar transforms Thread 17" [_thread_blocked, id=10108, stack(0x0000000025fd0000,0x00000000260d0000)]
  0x000000001fa30000 JavaThread "jar transforms Thread 16" [_thread_blocked, id=380, stack(0x0000000025ed0000,0x0000000025fd0000)]
  0x000000001fa28800 JavaThread "jar transforms Thread 15" [_thread_blocked, id=8396, stack(0x0000000025dd0000,0x0000000025ed0000)]
  0x000000001fa2f000 JavaThread "jar transforms Thread 14" [_thread_blocked, id=8112, stack(0x0000000025cd0000,0x0000000025dd0000)]
  0x000000001fa2e800 JavaThread "jar transforms Thread 13" [_thread_blocked, id=10136, stack(0x0000000025bd0000,0x0000000025cd0000)]
  0x000000001fa2a000 JavaThread "jar transforms Thread 12" [_thread_blocked, id=2752, stack(0x0000000025ad0000,0x0000000025bd0000)]
  0x000000001c339800 JavaThread "jar transforms Thread 11" [_thread_blocked, id=9784, stack(0x00000000259d0000,0x0000000025ad0000)]
  0x000000001c340800 JavaThread "jar transforms Thread 10" [_thread_blocked, id=12384, stack(0x00000000258d0000,0x00000000259d0000)]
  0x000000001c33f800 JavaThread "jar transforms Thread 9" [_thread_blocked, id=9904, stack(0x00000000257d0000,0x00000000258d0000)]
  0x000000001c33f000 JavaThread "jar transforms Thread 8" [_thread_blocked, id=3252, stack(0x00000000256d0000,0x00000000257d0000)]
  0x000000001c33e000 JavaThread "jar transforms Thread 7" [_thread_blocked, id=9476, stack(0x00000000255d0000,0x00000000256d0000)]
  0x000000001c33d800 JavaThread "jar transforms Thread 6" [_thread_blocked, id=9772, stack(0x00000000254d0000,0x00000000255d0000)]
  0x000000001c33a800 JavaThread "jar transforms Thread 5" [_thread_blocked, id=11088, stack(0x00000000253d0000,0x00000000254d0000)]
  0x000000001c33c800 JavaThread "jar transforms Thread 4" [_thread_blocked, id=3840, stack(0x00000000252d0000,0x00000000253d0000)]
  0x000000001c33b000 JavaThread "jar transforms Thread 3" [_thread_blocked, id=10388, stack(0x00000000251d0000,0x00000000252d0000)]
  0x000000001c33c000 JavaThread "jar transforms Thread 2" [_thread_blocked, id=10740, stack(0x00000000250d0000,0x00000000251d0000)]
  0x000000001c339000 JavaThread "Build operations Thread 8" [_thread_blocked, id=10728, stack(0x0000000024ed0000,0x0000000024fd0000)]
  0x000000001c332000 JavaThread "Build operations Thread 7" [_thread_blocked, id=13172, stack(0x0000000024dd0000,0x0000000024ed0000)]
  0x000000001c334800 JavaThread "Build operations Thread 6" [_thread_blocked, id=9208, stack(0x0000000024cd0000,0x0000000024dd0000)]
  0x000000001c333000 JavaThread "Build operations Thread 5" [_thread_blocked, id=4208, stack(0x0000000024bd0000,0x0000000024cd0000)]
  0x000000001c336800 JavaThread "Build operations Thread 4" [_thread_blocked, id=6300, stack(0x0000000024ad0000,0x0000000024bd0000)]
  0x000000001c333800 JavaThread "Build operations Thread 3" [_thread_blocked, id=11592, stack(0x00000000249d0000,0x0000000024ad0000)]
  0x000000001c336000 JavaThread "Build operations Thread 2" [_thread_blocked, id=12820, stack(0x00000000248d0000,0x00000000249d0000)]
  0x000000001c338000 JavaThread "Build operations" [_thread_blocked, id=10512, stack(0x00000000247d0000,0x00000000248d0000)]
  0x000000001c5f8800 JavaThread "Cache worker for file content cache (C:\Users\USER\.gradle\caches\6.5\fileContent)" [_thread_blocked, id=9916, stack(0x0000000023100000,0x0000000023200000)]
  0x000000001c5fc800 JavaThread "jar transforms" [_thread_blocked, id=3284, stack(0x0000000023000000,0x0000000023100000)]
  0x000000001c5fb000 JavaThread "Cache worker for execution history cache (C:\Users\USER\.gradle\caches\6.5\executionHistory)" [_thread_blocked, id=10088, stack(0x0000000022900000,0x0000000022a00000)]
  0x000000001c5f8000 JavaThread "Cache worker for cache directory md-rule (C:\Users\USER\.gradle\caches\6.5\md-rule)" [_thread_blocked, id=12212, stack(0x0000000021550000,0x0000000021650000)]
  0x000000001c5fe800 JavaThread "Cache worker for cache directory md-supplier (C:\Users\USER\.gradle\caches\6.5\md-supplier)" [_thread_blocked, id=6288, stack(0x0000000021090000,0x0000000021190000)]
  0x000000001c5fa000 JavaThread "Cache worker for checksums cache (C:\Users\USER\AndroidStudioProjects\Protocols\.gradle\checksums)" [_thread_blocked, id=12492, stack(0x0000000020f90000,0x0000000021090000)]
  0x000000001c5f9800 JavaThread "Cache worker for file hash cache (C:\Users\USER\AndroidStudioProjects\Protocols\.gradle\6.5\fileHashes)" [_thread_blocked, id=12956, stack(0x0000000021230000,0x0000000021330000)]
  0x000000001c5fe000 JavaThread "Cache worker for file hash cache (C:\Users\USER\.gradle\caches\6.5\fileHashes)" [_thread_blocked, id=10160, stack(0x000000001ecf0000,0x000000001edf0000)]
  0x000000001c5fd000 JavaThread "File lock request listener" [_thread_in_native, id=11848, stack(0x000000001ebf0000,0x000000001ecf0000)]
  0x000000001c84f000 JavaThread "Cache worker for journal cache (C:\Users\USER\.gradle\caches\journal-1)" [_thread_blocked, id=6356, stack(0x000000001eaf0000,0x000000001ebf0000)]
  0x000000001c76b800 JavaThread "Thread-9" [_thread_blocked, id=6432, stack(0x000000001e7f0000,0x000000001e8f0000)]
  0x000000001c786000 JavaThread "Stdin handler" [_thread_blocked, id=11672, stack(0x000000001e6f0000,0x000000001e7f0000)]
  0x000000001c783800 JavaThread "Asynchronous log dispatcher for DefaultDaemonConnection: socket connection from /127.0.0.1:57683 to /127.0.0.1:57684" [_thread_blocked, id=9016, stack(0x000000001e5f0000,0x000000001e6f0000)]
  0x000000001c773800 JavaThread "Daemon worker" [_thread_in_vm, id=6816, stack(0x000000001e4f0000,0x000000001e5f0000)]
  0x000000001c769000 JavaThread "Cancel handler" [_thread_blocked, id=4308, stack(0x000000001e3f0000,0x000000001e4f0000)]
  0x000000001c749800 JavaThread "Handler for socket connection from /127.0.0.1:57683 to /127.0.0.1:57684" [_thread_in_native, id=2108, stack(0x000000001e2f0000,0x000000001e3f0000)]
  0x000000001c757800 JavaThread "Daemon" [_thread_blocked, id=10924, stack(0x000000001dff0000,0x000000001e0f0000)]
  0x000000001c6b1800 JavaThread "Daemon periodic checks" [_thread_blocked, id=7260, stack(0x000000001def0000,0x000000001dff0000)]
  0x000000001c6b0800 JavaThread "Incoming local TCP Connector on port 57683" [_thread_in_native, id=13040, stack(0x000000001dca0000,0x000000001dda0000)]
  0x000000001c651800 JavaThread "Daemon health stats" [_thread_blocked, id=11392, stack(0x000000001d660000,0x000000001d760000)]
  0x0000000019e78800 JavaThread "Service Thread" daemon [_thread_blocked, id=5856, stack(0x000000001aac0000,0x000000001abc0000)]
  0x0000000019deb800 JavaThread "C1 CompilerThread3" daemon [_thread_blocked, id=5676, stack(0x000000001a9c0000,0x000000001aac0000)]
  0x0000000019de7800 JavaThread "C2 CompilerThread2" daemon [_thread_blocked, id=13104, stack(0x000000001a8c0000,0x000000001a9c0000)]
  0x0000000017feb000 JavaThread "C2 CompilerThread1" daemon [_thread_blocked, id=12404, stack(0x000000001a7c0000,0x000000001a8c0000)]
=>0x0000000019de2000 JavaThread "C2 CompilerThread0" daemon [_thread_in_native, id=984, stack(0x000000001a6c0000,0x000000001a7c0000)]
  0x0000000019de1000 JavaThread "Attach Listener" daemon [_thread_blocked, id=4916, stack(0x000000001a5c0000,0x000000001a6c0000)]
  0x0000000019de0000 JavaThread "Signal Dispatcher" daemon [_thread_blocked, id=5620, stack(0x000000001a4c0000,0x000000001a5c0000)]
  0x0000000019dd1800 JavaThread "Finalizer" daemon [_thread_blocked, id=4064, stack(0x000000001a2b0000,0x000000001a3b0000)]
  0x0000000019dd0800 JavaThread "Reference Handler" daemon [_thread_blocked, id=596, stack(0x000000001a1b0000,0x000000001a2b0000)]
  0x0000000002e6d800 JavaThread "main" [_thread_blocked, id=12812, stack(0x0000000002cc0000,0x0000000002dc0000)]

Other Threads:
  0x0000000017fd8000 VMThread [stack: 0x0000000019cb0000,0x0000000019db0000] [id=7740]
  0x0000000019e79800 WatcherThread [stack: 0x000000001abc0000,0x000000001acc0000] [id=9556]

VM state:not at safepoint (normal execution)

VM Mutex/Monitor currently owned by a thread: None

heap address: 0x0000000080000000, size: 2048 MB, Compressed Oops mode: 32-bit
Narrow klass base: 0x0000000000000000, Narrow klass shift: 3
Compressed class space size: 1073741824 Address: 0x0000000100000000

Heap:
 PSYoungGen      total 259072K, used 186172K [0x00000000d5580000, 0x00000000e9e80000, 0x0000000100000000)
  eden space 243712K, 76% used [0x00000000d5580000,0x00000000e0b4f2a8,0x00000000e4380000)
  from space 15360K, 0% used [0x00000000e4380000,0x00000000e4380000,0x00000000e5280000)
  to   space 14336K, 0% used [0x00000000e9080000,0x00000000e9080000,0x00000000e9e80000)
 ParOldGen       total 91136K, used 14744K [0x0000000080000000, 0x0000000085900000, 0x00000000d5580000)
  object space 91136K, 16% used [0x0000000080000000,0x0000000080e66390,0x0000000085900000)
 Metaspace       used 42416K, capacity 44246K, committed 44456K, reserved 1087488K
  class space    used 5808K, capacity 6195K, committed 6320K, reserved 1048576K

Card table byte_map: [0x0000000012330000,0x0000000012740000] byte_map_base: 0x0000000011f30000

Marking Bits: (ParMarkBitMap*) 0x0000000052bff030
 Begin Bits: [0x00000000131f0000, 0x00000000151f0000)
 End Bits:   [0x00000000151f0000, 0x00000000171f0000)

Polling page: 0x0000000002dc0000

CodeCache: size=245760Kb used=13290Kb max_used=13290Kb free=232469Kb
 bounds [0x0000000002f70000, 0x0000000003c80000, 0x0000000011f70000]
 total_blobs=4613 nmethods=3885 adapters=640
 compilation: enabled

Compilation events (10 events):
Event: 3.389 Thread 0x0000000017feb000 nmethod 3866 0x0000000003c6b010 code [0x0000000003c6b180, 0x0000000003c6b838]
Event: 3.390 Thread 0x0000000019deb800 3885       3       java.util.TreeMap::keySet (5 bytes)
Event: 3.390 Thread 0x0000000019de7800 nmethod 3856 0x0000000003c6e450 code [0x0000000003c6e600, 0x0000000003c6f1f8]
Event: 3.390 Thread 0x0000000019deb800 nmethod 3885 0x0000000003c67fd0 code [0x0000000003c68160, 0x0000000003c68570]
Event: 3.390 Thread 0x0000000019deb800 3886       3       java.util.TreeMap$KeySet::iterator (32 bytes)
Event: 3.391 Thread 0x0000000019deb800 nmethod 3886 0x0000000003c6a010 code [0x0000000003c6a1e0, 0x0000000003c6aa78]
Event: 3.391 Thread 0x0000000019deb800 3887       3       javax.management.ImmutableDescriptor::<init> (210 bytes)
Event: 3.391 Thread 0x0000000019deb800 nmethod 3887 0x0000000003c70090 code [0x0000000003c70420, 0x0000000003c723e8]
Event: 3.392 Thread 0x0000000019deb800 3888       3       java.util.TreeMap$KeySet::size (10 bytes)
Event: 3.392 Thread 0x0000000019deb800 nmethod 3888 0x0000000003c67b90 code [0x0000000003c67d00, 0x0000000003c67f28]

GC Heap History (10 events):
Event: 1.683 GC heap before
{Heap before GC invocations=5 (full 0):
 PSYoungGen      total 130048K, used 22987K [0x00000000d5580000, 0x00000000dd980000, 0x0000000100000000)
  eden space 124928K, 14% used [0x00000000d5580000,0x00000000d66faf58,0x00000000dcf80000)
  from space 5120K, 99% used [0x00000000dd480000,0x00000000dd978030,0x00000000dd980000)
  to   space 5120K, 0% used [0x00000000dcf80000,0x00000000dcf80000,0x00000000dd480000)
 ParOldGen       total 83456K, used 9731K [0x0000000080000000, 0x0000000085180000, 0x00000000d5580000)
  object space 83456K, 11% used [0x0000000080000000,0x0000000080980c80,0x0000000085180000)
 Metaspace       used 20572K, capacity 21236K, committed 21296K, reserved 1067008K
  class space    used 2878K, capacity 3080K, committed 3120K, reserved 1048576K
Event: 1.688 GC heap after
Heap after GC invocations=5 (full 0):
 PSYoungGen      total 130048K, used 5108K [0x00000000d5580000, 0x00000000e6180000, 0x0000000100000000)
  eden space 124928K, 0% used [0x00000000d5580000,0x00000000d5580000,0x00000000dcf80000)
  from space 5120K, 99% used [0x00000000dcf80000,0x00000000dd47d040,0x00000000dd480000)
  to   space 12288K, 0% used [0x00000000e5580000,0x00000000e5580000,0x00000000e6180000)
 ParOldGen       total 83456K, used 11132K [0x0000000080000000, 0x0000000085180000, 0x00000000d5580000)
  object space 83456K, 13% used [0x0000000080000000,0x0000000080adf010,0x0000000085180000)
 Metaspace       used 20572K, capacity 21236K, committed 21296K, reserved 1067008K
  class space    used 2878K, capacity 3080K, committed 3120K, reserved 1048576K
}
Event: 1.688 GC heap before
{Heap before GC invocations=6 (full 1):
 PSYoungGen      total 130048K, used 5108K [0x00000000d5580000, 0x00000000e6180000, 0x0000000100000000)
  eden space 124928K, 0% used [0x00000000d5580000,0x00000000d5580000,0x00000000dcf80000)
  from space 5120K, 99% used [0x00000000dcf80000,0x00000000dd47d040,0x00000000dd480000)
  to   space 12288K, 0% used [0x00000000e5580000,0x00000000e5580000,0x00000000e6180000)
 ParOldGen       total 83456K, used 11132K [0x0000000080000000, 0x0000000085180000, 0x00000000d5580000)
  object space 83456K, 13% used [0x0000000080000000,0x0000000080adf010,0x0000000085180000)
 Metaspace       used 20572K, capacity 21236K, committed 21296K, reserved 1067008K
  class space    used 2878K, capacity 3080K, committed 3120K, reserved 1048576K
Event: 1.717 GC heap after
Heap after GC invocations=6 (full 1):
 PSYoungGen      total 130048K, used 0K [0x00000000d5580000, 0x00000000e6180000, 0x0000000100000000)
  eden space 124928K, 0% used [0x00000000d5580000,0x00000000d5580000,0x00000000dcf80000)
  from space 5120K, 0% used [0x00000000dcf80000,0x00000000dcf80000,0x00000000dd480000)
  to   space 12288K, 0% used [0x00000000e5580000,0x00000000e5580000,0x00000000e6180000)
 ParOldGen       total 62976K, used 11684K [0x0000000080000000, 0x0000000083d80000, 0x00000000d5580000)
  object space 62976K, 18% used [0x0000000080000000,0x0000000080b69168,0x0000000083d80000)
 Metaspace       used 20572K, capacity 21236K, committed 21296K, reserved 1067008K
  class space    used 2878K, capacity 3080K, committed 3120K, reserved 1048576K
}
Event: 2.438 GC heap before
{Heap before GC invocations=7 (full 1):
 PSYoungGen      total 130048K, used 124928K [0x00000000d5580000, 0x00000000e6180000, 0x0000000100000000)
  eden space 124928K, 100% used [0x00000000d5580000,0x00000000dcf80000,0x00000000dcf80000)
  from space 5120K, 0% used [0x00000000dcf80000,0x00000000dcf80000,0x00000000dd480000)
  to   space 12288K, 0% used [0x00000000e5580000,0x00000000e5580000,0x00000000e6180000)
 ParOldGen       total 62976K, used 11684K [0x0000000080000000, 0x0000000083d80000, 0x00000000d5580000)
  object space 62976K, 18% used [0x0000000080000000,0x0000000080b69168,0x0000000083d80000)
 Metaspace       used 32584K, capacity 33616K, committed 33712K, reserved 1079296K
  class space    used 4446K, capacity 4690K, committed 4784K, reserved 1048576K
Event: 2.448 GC heap after
Heap after GC invocations=7 (full 1):
 PSYoungGen      total 206336K, used 12283K [0x00000000d5580000, 0x00000000e6180000, 0x0000000100000000)
  eden space 194048K, 0% used [0x00000000d5580000,0x00000000d5580000,0x00000000e1300000)
  from space 12288K, 99% used [0x00000000e5580000,0x00000000e617ecc8,0x00000000e6180000)
  to   space 15360K, 0% used [0x00000000e4380000,0x00000000e4380000,0x00000000e5280000)
 ParOldGen       total 62976K, used 13129K [0x0000000080000000, 0x0000000083d80000, 0x00000000d5580000)
  object space 62976K, 20% used [0x0000000080000000,0x0000000080cd2550,0x0000000083d80000)
 Metaspace       used 32584K, capacity 33616K, committed 33712K, reserved 1079296K
  class space    used 4446K, capacity 4690K, committed 4784K, reserved 1048576K
}
Event: 2.619 GC heap before
{Heap before GC invocations=8 (full 1):
 PSYoungGen      total 206336K, used 50299K [0x00000000d5580000, 0x00000000e6180000, 0x0000000100000000)
  eden space 194048K, 19% used [0x00000000d5580000,0x00000000d7a9ffd8,0x00000000e1300000)
  from space 12288K, 99% used [0x00000000e5580000,0x00000000e617ecc8,0x00000000e6180000)
  to   space 15360K, 0% used [0x00000000e4380000,0x00000000e4380000,0x00000000e5280000)
 ParOldGen       total 62976K, used 13129K [0x0000000080000000, 0x0000000083d80000, 0x00000000d5580000)
  object space 62976K, 20% used [0x0000000080000000,0x0000000080cd2550,0x0000000083d80000)
 Metaspace       used 34339K, capacity 35432K, committed 35496K, reserved 1079296K
  class space    used 4729K, capacity 5007K, committed 5040K, reserved 1048576K
Event: 2.626 GC heap after
Heap after GC invocations=8 (full 1):
 PSYoungGen      total 259072K, used 8464K [0x00000000d5580000, 0x00000000e9e80000, 0x0000000100000000)
  eden space 243712K, 0% used [0x00000000d5580000,0x00000000d5580000,0x00000000e4380000)
  from space 15360K, 55% used [0x00000000e4380000,0x00000000e4bc42b0,0x00000000e5280000)
  to   space 14336K, 0% used [0x00000000e9080000,0x00000000e9080000,0x00000000e9e80000)
 ParOldGen       total 62976K, used 13137K [0x0000000080000000, 0x0000000083d80000, 0x00000000d5580000)
  object space 62976K, 20% used [0x0000000080000000,0x0000000080cd4550,0x0000000083d80000)
 Metaspace       used 34339K, capacity 35432K, committed 35496K, reserved 1079296K
  class space    used 4729K, capacity 5007K, committed 5040K, reserved 1048576K
}
Event: 2.626 GC heap before
{Heap before GC invocations=9 (full 2):
 PSYoungGen      total 259072K, used 8464K [0x00000000d5580000, 0x00000000e9e80000, 0x0000000100000000)
  eden space 243712K, 0% used [0x00000000d5580000,0x00000000d5580000,0x00000000e4380000)
  from space 15360K, 55% used [0x00000000e4380000,0x00000000e4bc42b0,0x00000000e5280000)
  to   space 14336K, 0% used [0x00000000e9080000,0x00000000e9080000,0x00000000e9e80000)
 ParOldGen       total 62976K, used 13137K [0x0000000080000000, 0x0000000083d80000, 0x00000000d5580000)
  object space 62976K, 20% used [0x0000000080000000,0x0000000080cd4550,0x0000000083d80000)
 Metaspace       used 34339K, capacity 35432K, committed 35496K, reserved 1079296K
  class space    used 4729K, capacity 5007K, committed 5040K, reserved 1048576K
Event: 2.669 GC heap after
Heap after GC invocations=9 (full 2):
 PSYoungGen      total 259072K, used 0K [0x00000000d5580000, 0x00000000e9e80000, 0x0000000100000000)
  eden space 243712K, 0% used [0x00000000d5580000,0x00000000d5580000,0x00000000e4380000)
  from space 15360K, 0% used [0x00000000e4380000,0x00000000e4380000,0x00000000e5280000)
  to   space 14336K, 0% used [0x00000000e9080000,0x00000000e9080000,0x00000000e9e80000)
 ParOldGen       total 91136K, used 14744K [0x0000000080000000, 0x0000000085900000, 0x00000000d5580000)
  object space 91136K, 16% used [0x0000000080000000,0x0000000080e66390,0x0000000085900000)
 Metaspace       used 34339K, capacity 35432K, committed 35496K, reserved 1079296K
  class space    used 4729K, capacity 5007K, committed 5040K, reserved 1048576K
}

Deoptimization events (10 events):
Event: 3.099 Thread 0x000000001c773800 Uncommon trap: reason=bimorphic action=maybe_recompile pc=0x0000000003970074 method=java.lang.ClassLoader.getPackage(Ljava/lang/String;)Ljava/lang/Package; @ 47
Event: 3.100 Thread 0x000000001c773800 Uncommon trap: reason=bimorphic action=maybe_recompile pc=0x0000000003970074 method=java.lang.ClassLoader.getPackage(Ljava/lang/String;)Ljava/lang/Package; @ 47
Event: 3.100 Thread 0x000000001c773800 Uncommon trap: reason=bimorphic action=maybe_recompile pc=0x0000000003970074 method=java.lang.ClassLoader.getPackage(Ljava/lang/String;)Ljava/lang/Package; @ 47
Event: 3.100 Thread 0x000000001c773800 Uncommon trap: reason=bimorphic action=maybe_recompile pc=0x0000000003970074 method=java.lang.ClassLoader.getPackage(Ljava/lang/String;)Ljava/lang/Package; @ 47
Event: 3.186 Thread 0x000000001c773800 Uncommon trap: reason=unstable_if action=reinterpret pc=0x0000000003aadc7c method=java.io.BufferedInputStream.read([BII)I @ 56
Event: 3.223 Thread 0x000000001c773800 Uncommon trap: reason=bimorphic action=maybe_recompile pc=0x0000000003853288 method=java.util.AbstractCollection.addAll(Ljava/util/Collection;)Z @ 29
Event: 3.229 Thread 0x000000001c773800 Uncommon trap: reason=bimorphic action=maybe_recompile pc=0x0000000003853288 method=java.util.AbstractCollection.addAll(Ljava/util/Collection;)Z @ 29
Event: 3.362 Thread 0x000000001c773800 Uncommon trap: reason=unstable_if action=reinterpret pc=0x00000000038c00dc method=org.objectweb.asm.ByteVector.putUTF8(Ljava/lang/String;)Lorg/objectweb/asm/ByteVector; @ 93
Event: 3.367 Thread 0x000000001c773800 Uncommon trap: reason=unstable_if action=reinterpret pc=0x0000000003600ce8 method=org.objectweb.asm.ByteVector.putUTF8(Ljava/lang/String;)Lorg/objectweb/asm/ByteVector; @ 93
Event: 3.379 Thread 0x000000001c773800 Uncommon trap: reason=predicate action=maybe_recompile pc=0x0000000003b6f648 method=java.util.Arrays.binarySearch0([Ljava/lang/Object;IILjava/lang/Object;Ljava/util/Comparator;)I @ 28

Classes redefined (0 events):
No events

Internal exceptions (10 events):
Event: 3.070 Thread 0x000000001c76b800 Exception <a 'java/lang/NoSuchMethodError': <clinit>> (0x00000000d7ee1fd8) thrown at [C:\src\AOSP-openjdk-git\hotspot\src\share\vm\prims\jni.cpp, line 1615]
Event: 3.070 Thread 0x000000001c76b800 Exception <a 'java/lang/NoSuchMethodError': <clinit>> (0x00000000d7eec248) thrown at [C:\src\AOSP-openjdk-git\hotspot\src\share\vm\prims\jni.cpp, line 1615]
Event: 3.071 Thread 0x000000001c76b800 Exception <a 'java/lang/NoSuchMethodError': <clinit>> (0x00000000d7ef7688) thrown at [C:\src\AOSP-openjdk-git\hotspot\src\share\vm\prims\jni.cpp, line 1615]
Event: 3.072 Thread 0x000000001c76b800 Exception <a 'java/lang/NoSuchMethodError': <clinit>> (0x00000000d7f0aa58) thrown at [C:\src\AOSP-openjdk-git\hotspot\src\share\vm\prims\jni.cpp, line 1615]
Event: 3.080 Thread 0x000000001c773800 Exception <a 'java/lang/ClassNotFoundException': build_eigk5bw24o0ql69r6zh4mon4iBeanInfo> (0x00000000ddb3e9a0) thrown at [C:\src\AOSP-openjdk-git\hotspot\src\share\vm\classfile\systemDictionary.cpp, line 210]
Event: 3.080 Thread 0x000000001c773800 Exception <a 'java/lang/ClassNotFoundException': build_eigk5bw24o0ql69r6zh4mon4iCustomizer> (0x00000000ddb4a5e0) thrown at [C:\src\AOSP-openjdk-git\hotspot\src\share\vm\classfile\systemDictionary.cpp, line 210]
Event: 3.087 Thread 0x000000001c773800 Exception <a 'java/lang/ClassNotFoundException': org/gradle/plugin/use/internal/PluginRequestCollector$PluginDependenciesSpecImplBeanInfo> (0x00000000ddbea328) thrown at [C:\src\AOSP-openjdk-git\hotspot\src\share\vm\classfile\systemDictionary.cpp, line 21
Event: 3.087 Thread 0x000000001c773800 Exception <a 'java/lang/ClassNotFoundException': org/gradle/plugin/use/internal/PluginRequestCollector$PluginDependenciesSpecImplCustomizer> (0x00000000ddc2a268) thrown at [C:\src\AOSP-openjdk-git\hotspot\src\share\vm\classfile\systemDictionary.cpp, line 
Event: 3.108 Thread 0x000000001c773800 Exception <a 'java/lang/ClassNotFoundException': org/gradle/api/internal/plugins/DefaultObjectConfigurationActionBeanInfo> (0x00000000ddf256d0) thrown at [C:\src\AOSP-openjdk-git\hotspot\src\share\vm\classfile\systemDictionary.cpp, line 210]
Event: 3.109 Thread 0x000000001c773800 Exception <a 'java/lang/ClassNotFoundException': org/gradle/api/internal/plugins/DefaultObjectConfigurationActionCustomizer> (0x00000000ddf69a30) thrown at [C:\src\AOSP-openjdk-git\hotspot\src\share\vm\classfile\systemDictionary.cpp, line 210]

Events (10 events):
Event: 3.392 loading class kotlin/reflect/jvm/internal/KDeclarationContainerImpl$Data$moduleData$2
Event: 3.392 loading class kotlin/reflect/jvm/internal/KDeclarationContainerImpl$Data$moduleData$2 done
Event: 3.392 loading class kotlin/reflect/jvm/internal/KClassImpl$Data$descriptor$2
Event: 3.392 loading class kotlin/reflect/jvm/internal/KClassImpl$Data$descriptor$2 done
Event: 3.393 loading class kotlin/reflect/jvm/internal/KClassImpl$Data$annotations$2
Event: 3.393 loading class kotlin/reflect/jvm/internal/KClassImpl$Data$annotations$2 done
Event: 3.393 loading class kotlin/reflect/jvm/internal/KClassImpl$Data$simpleName$2
Event: 3.393 loading class kotlin/reflect/jvm/internal/KClassImpl$Data$simpleName$2 done
Event: 3.393 loading class kotlin/reflect/jvm/internal/KClassImpl$Data$qualifiedName$2
Event: 3.393 loading class kotlin/reflect/jvm/internal/KClassImpl$Data$qualifiedName$2 done


Dynamic libraries:
0x00007ff720110000 - 0x00007ff720141000 	C:\Program Files\Android\Android Studio\jre\bin\java.exe
0x00007ffbb66b0000 - 0x00007ffbb68a5000 	C:\WINDOWS\SYSTEM32\ntdll.dll
0x00007ffbb4770000 - 0x00007ffbb482d000 	C:\WINDOWS\System32\KERNEL32.DLL
0x00007ffbb4160000 - 0x00007ffbb4428000 	C:\WINDOWS\System32\KERNELBASE.dll
0x00007ffbb4ab0000 - 0x00007ffbb4b5c000 	C:\WINDOWS\System32\ADVAPI32.dll
0x00007ffbb5380000 - 0x00007ffbb541e000 	C:\WINDOWS\System32\msvcrt.dll
0x00007ffbb49f0000 - 0x00007ffbb4a8b000 	C:\WINDOWS\System32\sechost.dll
0x00007ffbb5e40000 - 0x00007ffbb5f6b000 	C:\WINDOWS\System32\RPCRT4.dll
0x00007ffbb5820000 - 0x00007ffbb59c0000 	C:\WINDOWS\System32\USER32.dll
0x00007ffbb46e0000 - 0x00007ffbb4702000 	C:\WINDOWS\System32\win32u.dll
0x00007ffbb5f70000 - 0x00007ffbb5f9a000 	C:\WINDOWS\System32\GDI32.dll
0x00007ffbb3ea0000 - 0x00007ffbb3fab000 	C:\WINDOWS\System32\gdi32full.dll
0x00007ffbb4640000 - 0x00007ffbb46dd000 	C:\WINDOWS\System32\msvcp_win.dll
0x00007ffbb4060000 - 0x00007ffbb4160000 	C:\WINDOWS\System32\ucrtbase.dll
0x00007ffb9ef10000 - 0x00007ffb9f1aa000 	C:\WINDOWS\WinSxS\amd64_microsoft.windows.common-controls_6595b64144ccf1df_6.0.19041.844_none_ca00b6081b84eb1d\COMCTL32.dll
0x00007ffbb5420000 - 0x00007ffbb5450000 	C:\WINDOWS\System32\IMM32.DLL
0x0000000052270000 - 0x0000000052342000 	C:\Program Files\Android\Android Studio\jre\jre\bin\msvcr100.dll
0x0000000052430000 - 0x0000000052c7b000 	C:\Program Files\Android\Android Studio\jre\jre\bin\server\jvm.dll
0x00007ffbb4bc0000 - 0x00007ffbb4bc8000 	C:\WINDOWS\System32\PSAPI.DLL
0x00007ffb9f300000 - 0x00007ffb9f327000 	C:\WINDOWS\SYSTEM32\WINMM.dll
0x00007ffbb1370000 - 0x00007ffbb1379000 	C:\WINDOWS\SYSTEM32\WSOCK32.dll
0x00007ffbad5a0000 - 0x00007ffbad5aa000 	C:\WINDOWS\SYSTEM32\VERSION.dll
0x00007ffbb57b0000 - 0x00007ffbb581b000 	C:\WINDOWS\System32\WS2_32.dll
0x00007ffbae320000 - 0x00007ffbae32f000 	C:\Program Files\Android\Android Studio\jre\jre\bin\verify.dll
0x00007ffbae220000 - 0x00007ffbae249000 	C:\Program Files\Android\Android Studio\jre\jre\bin\java.dll
0x00007ffbae300000 - 0x00007ffbae316000 	C:\Program Files\Android\Android Studio\jre\jre\bin\zip.dll
0x00007ffbb4c30000 - 0x00007ffbb5372000 	C:\WINDOWS\System32\SHELL32.dll
0x00007ffbb1ef0000 - 0x00007ffbb2680000 	C:\WINDOWS\SYSTEM32\windows.storage.dll
0x00007ffbb5450000 - 0x00007ffbb57a5000 	C:\WINDOWS\System32\combase.dll
0x00007ffbb37f0000 - 0x00007ffbb381c000 	C:\WINDOWS\SYSTEM32\Wldp.dll
0x00007ffbb5d30000 - 0x00007ffbb5dde000 	C:\WINDOWS\System32\SHCORE.dll
0x00007ffbb4710000 - 0x00007ffbb4765000 	C:\WINDOWS\System32\shlwapi.dll
0x00007ffbb3d30000 - 0x00007ffbb3d4f000 	C:\WINDOWS\SYSTEM32\profapi.dll
0x00007ffbae2b0000 - 0x00007ffbae2ca000 	C:\Program Files\Android\Android Studio\jre\jre\bin\net.dll
0x00007ffbb3500000 - 0x00007ffbb356a000 	C:\WINDOWS\system32\mswsock.dll
0x00007ffbae1a0000 - 0x00007ffbae1b3000 	C:\Program Files\Android\Android Studio\jre\jre\bin\nio.dll
0x00007ffba60a0000 - 0x00007ffba60c7000 	C:\Users\USER\.gradle\native\f6784746aeab05261644944871eae4fe03e0ef1612fff0a4a95f87b438bc6780\windows-amd64\native-platform.dll
0x00007ffbae050000 - 0x00007ffbae05d000 	C:\Program Files\Android\Android Studio\jre\jre\bin\management.dll
0x00007ffbb3740000 - 0x00007ffbb3758000 	C:\WINDOWS\SYSTEM32\CRYPTSP.dll
0x00007ffbb2ea0000 - 0x00007ffbb2ed4000 	C:\WINDOWS\system32\rsaenh.dll
0x00007ffbb4590000 - 0x00007ffbb45b7000 	C:\WINDOWS\System32\bcrypt.dll
0x00007ffbb3cb0000 - 0x00007ffbb3cde000 	C:\WINDOWS\SYSTEM32\USERENV.dll
0x00007ffbb45c0000 - 0x00007ffbb4640000 	C:\WINDOWS\System32\bcryptprimitives.dll
0x00007ffbb3730000 - 0x00007ffbb373c000 	C:\WINDOWS\SYSTEM32\CRYPTBASE.dll
0x00007ffbb31f0000 - 0x00007ffbb322b000 	C:\WINDOWS\SYSTEM32\IPHLPAPI.DLL
0x00007ffbb4aa0000 - 0x00007ffbb4aa8000 	C:\WINDOWS\System32\NSI.dll
0x00007ffbaca70000 - 0x00007ffbaca87000 	C:\WINDOWS\SYSTEM32\dhcpcsvc6.DLL
0x00007ffbad380000 - 0x00007ffbad39d000 	C:\WINDOWS\SYSTEM32\dhcpcsvc.DLL
0x00007ffbb3230000 - 0x00007ffbb32fc000 	C:\WINDOWS\SYSTEM32\DNSAPI.dll
0x00007ffbaf530000 - 0x00007ffbaf53b000 	C:\WINDOWS\SYSTEM32\WINNSI.DLL

VM Arguments:
jvm_args: -Xmx2048m -Dfile.encoding=UTF-8 -Duser.country=RU -Duser.language=ru -Duser.variant 
java_command: org.gradle.launcher.daemon.bootstrap.GradleDaemon 6.5
java_class_path (initial): C:\Users\USER\.gradle\wrapper\dists\gradle-6.5-bin\6nifqtx7604sqp1q6g8wikw7p\gradle-6.5\lib\gradle-launcher-6.5.jar
Launcher Type: SUN_STANDARD

Environment Variables:
PATH=C:\Program Files (x86)\Intel\Intel(R) Management Engine Components\iCLS\;C:\Program Files\Intel\Intel(R) Management Engine Components\iCLS\;C:\WINDOWS\system32;C:\WINDOWS;C:\WINDOWS\System32\Wbem;C:\WINDOWS\System32\WindowsPowerShell\v1.0\;C:\WINDOWS\System32\OpenSSH\;C:\Program Files (x86)\Intel\Intel(R) Management Engine Components\DAL;C:\Program Files\Intel\Intel(R) Management Engine Components\DAL;C:\Program Files\Git\cmd;C:\Users\USER\AppData\Local\Microsoft\WindowsApps;
USERNAME=USER
OS=Windows_NT
PROCESSOR_IDENTIFIER=Intel64 Family 6 Model 142 Stepping 12, GenuineIntel



---------------  S Y S T E M  ---------------

OS: Windows 10.0 , 64 bit Build 19041 (10.0.19041.928)

CPU:total 8 (initial active 8) (4 cores per cpu, 2 threads per core) family 6 model 142 stepping 12, cmov, cx8, fxsr, mmx, sse, sse2, sse3, ssse3, sse4.1, sse4.2, popcnt, avx, avx2, aes, clmul, erms, 3dnowpref, lzcnt, ht, tsc, tscinvbit, bmi1, bmi2, adx

Memory: 4k page, physical 7975408k(1894780k free), swap 7975408k(5604k free)

vm_info: OpenJDK 64-Bit Server VM (25.242-b01) for windows-amd64 JRE (1.8.0_242-release-1644-b01), built by "builder" with MS VC++ 10.0 (VS2010)

time: Thu Jun 10 12:35:07 2021
timezone: 
elapsed time: 3 seconds (0d 0h 0m 3s)

