#
# There is insufficient memory for the Java Runtime Environment to continue.
# Native memory allocation (malloc) failed to allocate 818016 bytes for Chunk::new
# Possible reasons:
#   The system is out of physical RAM or swap space
#   The process is running with CompressedOops enabled, and the Java Heap may be blocking the growth of the native heap
# Possible solutions:
#   Reduce memory load on the system
#   Increase physical memory or swap space
#   Check if swap backing store is full
#   Decrease Java heap size (-Xmx/-Xms)
#   Decrease number of Java threads
#   Decrease Java thread stack sizes (-Xss)
#   Set larger code cache with -XX:ReservedCodeCacheSize=
#   JVM is running with Unscaled Compressed Oops mode in which the Java heap is
#     placed in the first 4GB address space. The Java Heap base address is the
#     maximum limit for the native heap growth. Please use -XX:HeapBaseMinAddress
#     to set the Java Heap base and to place the Java Heap above 4GB virtual address.
# This output file may be truncated or incomplete.
#
#  Out of Memory Error (allocation.cpp:389), pid=1520, tid=0x0000000000002d34
#
# JRE version: OpenJDK Runtime Environment (8.0_242-b01) (build 1.8.0_242-release-1644-b01)
# Java VM: OpenJDK 64-Bit Server VM (25.242-b01 mixed mode windows-amd64 compressed oops)
# Failed to write core dump. Minidumps are not enabled by default on client versions of Windows
#

---------------  T H R E A D  ---------------

Current thread (0x0000000019d40800):  JavaThread "C2 CompilerThread0" daemon [_thread_in_native, id=11572, stack(0x000000001a620000,0x000000001a720000)]

Stack: [0x000000001a620000,0x000000001a720000]
[error occurred during error reporting (printing stack bounds), id 0xc0000005]

Native frames: (J=compiled Java code, j=interpreted, Vv=VM code, C=native code)


Current CompileTask:
C2:   8847 9019       4       org.objectweb.asm.signature.SignatureReader::parseType (411 bytes)


---------------  P R O C E S S  ---------------

Java Threads: ( => current thread )
  0x0000000020c38800 JavaThread "Memory manager" [_thread_blocked, id=5572, stack(0x000000002d7e0000,0x000000002d8e0000)]
  0x0000000020c33800 JavaThread "Cache worker for execution history cache (C:\Users\USER\AndroidStudioProjects\Protocols\.gradle\6.5\executionHistory)" [_thread_blocked, id=380, stack(0x000000002de40000,0x000000002df40000)]
  0x0000000024dbe800 JavaThread "jar transforms Thread 92" [_thread_blocked, id=11392, stack(0x000000002b3b0000,0x000000002b4b0000)]
  0x0000000024dc1800 JavaThread "jar transforms Thread 91" [_thread_blocked, id=6760, stack(0x000000002b2b0000,0x000000002b3b0000)]
  0x0000000024dc2800 JavaThread "jar transforms Thread 90" [_thread_blocked, id=13076, stack(0x000000002b1b0000,0x000000002b2b0000)]
  0x0000000024dbf800 JavaThread "jar transforms Thread 89" [_thread_blocked, id=3304, stack(0x000000002b0b0000,0x000000002b1b0000)]
  0x0000000024dbe000 JavaThread "jar transforms Thread 88" [_thread_blocked, id=520, stack(0x000000002afb0000,0x000000002b0b0000)]
  0x0000000024dc1000 JavaThread "jar transforms Thread 87" [_thread_blocked, id=11628, stack(0x000000002aeb0000,0x000000002afb0000)]
  0x0000000024dc3000 JavaThread "jar transforms Thread 86" [_thread_blocked, id=7808, stack(0x000000002adb0000,0x000000002aeb0000)]
  0x0000000024dbd000 JavaThread "jar transforms Thread 85" [_thread_blocked, id=2976, stack(0x000000002acb0000,0x000000002adb0000)]
  0x0000000024dc0000 JavaThread "jar transforms Thread 84" [_thread_blocked, id=12392, stack(0x000000002abb0000,0x000000002acb0000)]
  0x0000000024db5800 JavaThread "jar transforms Thread 83" [_thread_blocked, id=7580, stack(0x000000002aab0000,0x000000002abb0000)]
  0x0000000024dbc800 JavaThread "jar transforms Thread 82" [_thread_blocked, id=8912, stack(0x000000002a9b0000,0x000000002aab0000)]
  0x0000000024db5000 JavaThread "jar transforms Thread 81" [_thread_blocked, id=11024, stack(0x000000002a8b0000,0x000000002a9b0000)]
  0x0000000024dbb800 JavaThread "jar transforms Thread 80" [_thread_blocked, id=9820, stack(0x000000002a7b0000,0x000000002a8b0000)]
  0x0000000024db9800 JavaThread "jar transforms Thread 79" [_thread_blocked, id=12932, stack(0x000000002a6b0000,0x000000002a7b0000)]
  0x0000000024db6800 JavaThread "jar transforms Thread 78" [_thread_blocked, id=2800, stack(0x000000002a5b0000,0x000000002a6b0000)]
  0x0000000024db8000 JavaThread "jar transforms Thread 77" [_thread_blocked, id=4376, stack(0x000000002a4b0000,0x000000002a5b0000)]
  0x0000000024db7000 JavaThread "jar transforms Thread 76" [_thread_blocked, id=9388, stack(0x000000002a3b0000,0x000000002a4b0000)]
  0x0000000024db4000 JavaThread "jar transforms Thread 75" [_thread_blocked, id=6308, stack(0x000000002a2b0000,0x000000002a3b0000)]
  0x0000000024db8800 JavaThread "jar transforms Thread 74" [_thread_blocked, id=12088, stack(0x000000002a1b0000,0x000000002a2b0000)]
  0x0000000024dbb000 JavaThread "jar transforms Thread 73" [_thread_blocked, id=2340, stack(0x000000002a0b0000,0x000000002a1b0000)]
  0x0000000024dba000 JavaThread "jar transforms Thread 72" [_thread_blocked, id=11672, stack(0x0000000029fb0000,0x000000002a0b0000)]
  0x0000000025339000 JavaThread "jar transforms Thread 71" [_thread_blocked, id=1080, stack(0x0000000029eb0000,0x0000000029fb0000)]
  0x0000000025338000 JavaThread "jar transforms Thread 70" [_thread_blocked, id=12196, stack(0x0000000029db0000,0x0000000029eb0000)]
  0x0000000025334800 JavaThread "jar transforms Thread 69" [_thread_blocked, id=13148, stack(0x0000000029cb0000,0x0000000029db0000)]
  0x0000000025337800 JavaThread "jar transforms Thread 68" [_thread_blocked, id=9312, stack(0x0000000029bb0000,0x0000000029cb0000)]
  0x0000000025330000 JavaThread "jar transforms Thread 67" [_thread_blocked, id=10976, stack(0x0000000029ab0000,0x0000000029bb0000)]
  0x0000000025333800 JavaThread "jar transforms Thread 66" [_thread_blocked, id=3732, stack(0x00000000299b0000,0x0000000029ab0000)]
  0x0000000025336000 JavaThread "jar transforms Thread 65" [_thread_blocked, id=6280, stack(0x00000000298b0000,0x00000000299b0000)]
  0x0000000025336800 JavaThread "jar transforms Thread 64" [_thread_blocked, id=4772, stack(0x00000000297b0000,0x00000000298b0000)]
  0x0000000025333000 JavaThread "jar transforms Thread 63" [_thread_blocked, id=11860, stack(0x00000000296b0000,0x00000000297b0000)]
  0x000000002532e800 JavaThread "jar transforms Thread 62" [_thread_blocked, id=3200, stack(0x00000000295b0000,0x00000000296b0000)]
  0x0000000025331800 JavaThread "jar transforms Thread 61" [_thread_blocked, id=9932, stack(0x00000000294b0000,0x00000000295b0000)]
  0x000000002532f000 JavaThread "jar transforms Thread 60" [_thread_blocked, id=8096, stack(0x00000000293b0000,0x00000000294b0000)]
  0x0000000025332000 JavaThread "jar transforms Thread 59" [_thread_blocked, id=12964, stack(0x00000000292b0000,0x00000000293b0000)]
  0x0000000025335000 JavaThread "jar transforms Thread 58" [_thread_blocked, id=10048, stack(0x00000000291b0000,0x00000000292b0000)]
  0x000000002532a000 JavaThread "jar transforms Thread 57" [_thread_blocked, id=8872, stack(0x00000000290b0000,0x00000000291b0000)]
  0x000000002532d000 JavaThread "jar transforms Thread 56" [_thread_blocked, id=9648, stack(0x0000000028fb0000,0x00000000290b0000)]
  0x000000002532d800 JavaThread "jar transforms Thread 55" [_thread_blocked, id=5356, stack(0x0000000028eb0000,0x0000000028fb0000)]
  0x000000002532c000 JavaThread "jar transforms Thread 54" [_thread_blocked, id=6324, stack(0x0000000028db0000,0x0000000028eb0000)]
  0x0000000025330800 JavaThread "jar transforms Thread 53" [_thread_blocked, id=8584, stack(0x0000000028cb0000,0x0000000028db0000)]
  0x000000002532b800 JavaThread "jar transforms Thread 52" [_thread_blocked, id=1116, stack(0x0000000028bb0000,0x0000000028cb0000)]
  0x000000002532a800 JavaThread "jar transforms Thread 51" [_thread_blocked, id=6356, stack(0x0000000028ab0000,0x0000000028bb0000)]
  0x000000001cb38800 JavaThread "jar transforms Thread 50" [_thread_blocked, id=11128, stack(0x00000000289b0000,0x0000000028ab0000)]
  0x000000001cb37800 JavaThread "jar transforms Thread 49" [_thread_blocked, id=8888, stack(0x00000000288b0000,0x00000000289b0000)]
  0x000000001cb3a000 JavaThread "jar transforms Thread 48" [_thread_blocked, id=3320, stack(0x00000000287b0000,0x00000000288b0000)]
  0x000000001cb37000 JavaThread "jar transforms Thread 47" [_thread_blocked, id=4656, stack(0x00000000286b0000,0x00000000287b0000)]
  0x000000001cb39000 JavaThread "jar transforms Thread 46" [_thread_blocked, id=11616, stack(0x00000000285b0000,0x00000000286b0000)]
  0x000000001cb2f000 JavaThread "jar transforms Thread 45" [_thread_blocked, id=10992, stack(0x00000000284b0000,0x00000000285b0000)]
  0x000000001cb36000 JavaThread "jar transforms Thread 44" [_thread_blocked, id=6548, stack(0x00000000283b0000,0x00000000284b0000)]
  0x000000001cb2e800 JavaThread "jar transforms Thread 43" [_thread_blocked, id=932, stack(0x00000000282b0000,0x00000000283b0000)]
  0x000000001cb35800 JavaThread "jar transforms Thread 42" [_thread_blocked, id=6032, stack(0x00000000281b0000,0x00000000282b0000)]
  0x000000001cb2d800 JavaThread "jar transforms Thread 41" [_thread_blocked, id=7680, stack(0x00000000280b0000,0x00000000281b0000)]
  0x000000001cb34800 JavaThread "jar transforms Thread 40" [_thread_blocked, id=2148, stack(0x0000000027fb0000,0x00000000280b0000)]
  0x000000001cb33800 JavaThread "jar transforms Thread 39" [_thread_blocked, id=2744, stack(0x0000000027eb0000,0x0000000027fb0000)]
  0x000000001cb33000 JavaThread "jar transforms Thread 38" [_thread_blocked, id=11704, stack(0x0000000027db0000,0x0000000027eb0000)]
  0x000000001cb2d000 JavaThread "jar transforms Thread 37" [_thread_blocked, id=6648, stack(0x0000000027cb0000,0x0000000027db0000)]
  0x000000001cb30800 JavaThread "jar transforms Thread 36" [_thread_blocked, id=11524, stack(0x0000000027bb0000,0x0000000027cb0000)]
  0x000000001cb32000 JavaThread "jar transforms Thread 35" [_thread_blocked, id=6856, stack(0x0000000027ab0000,0x0000000027bb0000)]
  0x000000001cb2b800 JavaThread "jar transforms Thread 34" [_thread_blocked, id=6316, stack(0x00000000279b0000,0x0000000027ab0000)]
  0x000000001cb2a800 JavaThread "jar transforms Thread 33" [_thread_blocked, id=13016, stack(0x00000000278b0000,0x00000000279b0000)]
  0x000000001cb30000 JavaThread "jar transforms Thread 32" [_thread_blocked, id=7192, stack(0x00000000277b0000,0x00000000278b0000)]
  0x000000001cb31800 JavaThread "jar transforms Thread 31" [_thread_blocked, id=11792, stack(0x00000000276b0000,0x00000000277b0000)]
  0x000000001cb2c000 JavaThread "jar transforms Thread 30" [_thread_blocked, id=1608, stack(0x00000000275b0000,0x00000000276b0000)]
  0x000000002225c000 JavaThread "jar transforms Thread 29" [_thread_blocked, id=2184, stack(0x00000000274b0000,0x00000000275b0000)]
  0x000000002225d800 JavaThread "jar transforms Thread 28" [_thread_blocked, id=2996, stack(0x00000000273b0000,0x00000000274b0000)]
  0x000000002225b000 JavaThread "jar transforms Thread 27" [_thread_blocked, id=6208, stack(0x00000000272b0000,0x00000000273b0000)]
  0x000000002225f800 JavaThread "jar transforms Thread 26" [_thread_blocked, id=7412, stack(0x00000000271b0000,0x00000000272b0000)]
  0x000000002225a800 JavaThread "Build operations Thread 8" [_thread_blocked, id=12200, stack(0x00000000270b0000,0x00000000271b0000)]
  0x0000000022260800 JavaThread "Build operations Thread 7" [_thread_blocked, id=8372, stack(0x0000000026fb0000,0x00000000270b0000)]
  0x000000002225f000 JavaThread "Build operations Thread 6" [_thread_blocked, id=13308, stack(0x0000000026eb0000,0x0000000026fb0000)]
  0x000000002225e000 JavaThread "Build operations Thread 5" [_thread_blocked, id=3516, stack(0x0000000026db0000,0x0000000026eb0000)]
  0x000000002225c800 JavaThread "Build operations Thread 4" [_thread_blocked, id=3776, stack(0x0000000026cb0000,0x0000000026db0000)]
  0x0000000022261000 JavaThread "Build operations Thread 3" [_thread_in_native, id=8628, stack(0x0000000026700000,0x0000000026800000)]
  0x000000001b15e000 JavaThread "Build operations Thread 2" [_thread_blocked, id=8444, stack(0x0000000026600000,0x0000000026700000)]
  0x000000001b15a000 JavaThread "Build operations" [_thread_blocked, id=2508, stack(0x0000000025f30000,0x0000000026030000)]
  0x000000001b159800 JavaThread "Cache worker for Build Output Cleanup Cache (C:\Users\USER\AndroidStudioProjects\Protocols\.gradle\buildOutputCleanup)" [_thread_blocked, id=796, stack(0x00000000245a0000,0x00000000246a0000)]
  0x000000001b15e800 JavaThread "Cache worker for file content cache (C:\Users\USER\.gradle\caches\6.5\fileContent)" [_thread_blocked, id=2016, stack(0x00000000244a0000,0x00000000245a0000)]
  0x000000001b15b800 JavaThread "Cache worker for execution history cache (C:\Users\USER\.gradle\caches\6.5\executionHistory)" [_thread_blocked, id=11040, stack(0x00000000236d0000,0x00000000237d0000)]
  0x000000001b939000 JavaThread "Cache worker for cache directory md-rule (C:\Users\USER\.gradle\caches\6.5\md-rule)" [_thread_blocked, id=6488, stack(0x00000000233d0000,0x00000000234d0000)]
  0x000000001b937800 JavaThread "Cache worker for cache directory md-supplier (C:\Users\USER\.gradle\caches\6.5\md-supplier)" [_thread_blocked, id=11136, stack(0x00000000232d0000,0x00000000233d0000)]
  0x000000001b937000 JavaThread "Cache worker for checksums cache (C:\Users\USER\AndroidStudioProjects\Protocols\.gradle\checksums)" [_thread_blocked, id=9100, stack(0x00000000231d0000,0x00000000232d0000)]
  0x000000001b936000 JavaThread "jar transforms Thread 25" [_thread_blocked, id=1728, stack(0x0000000026300000,0x0000000026400000)]
  0x000000001b935800 JavaThread "jar transforms Thread 24" [_thread_blocked, id=5312, stack(0x0000000026200000,0x0000000026300000)]
  0x000000001b938800 JavaThread "jar transforms Thread 23" [_thread_blocked, id=1672, stack(0x0000000026100000,0x0000000026200000)]
  0x000000001b934800 JavaThread "jar transforms Thread 22" [_thread_blocked, id=5856, stack(0x0000000024900000,0x0000000024a00000)]
  0x000000001b93b800 JavaThread "jar transforms Thread 21" [_thread_blocked, id=13288, stack(0x0000000023bd0000,0x0000000023cd0000)]
  0x000000001b93a800 JavaThread "jar transforms Thread 20" [_thread_blocked, id=8120, stack(0x0000000023ad0000,0x0000000023bd0000)]
  0x000000001b934000 JavaThread "jar transforms Thread 19" [_thread_blocked, id=5992, stack(0x00000000239d0000,0x0000000023ad0000)]
  0x000000001b93a000 JavaThread "jar transforms Thread 18" [_thread_blocked, id=5196, stack(0x00000000238d0000,0x00000000239d0000)]
  0x000000001b92c800 JavaThread "jar transforms Thread 17" [_thread_blocked, id=148, stack(0x00000000237d0000,0x00000000238d0000)]
  0x000000001b932800 JavaThread "jar transforms Thread 16" [_thread_blocked, id=10432, stack(0x0000000024a60000,0x0000000024b60000)]
  0x000000001b931000 JavaThread "jar transforms Thread 15" [_thread_blocked, id=1960, stack(0x0000000023ea0000,0x0000000023fa0000)]
  0x000000001b92e000 JavaThread "jar transforms Thread 14" [_thread_blocked, id=10208, stack(0x0000000023da0000,0x0000000023ea0000)]
  0x000000001b931800 JavaThread "jar transforms Thread 13" [_thread_blocked, id=12300, stack(0x0000000022d50000,0x0000000022e50000)]
  0x000000001b92d000 JavaThread "jar transforms Thread 12" [_thread_blocked, id=12632, stack(0x0000000022c50000,0x0000000022d50000)]
  0x000000001b930000 JavaThread "jar transforms Thread 11" [_thread_blocked, id=1604, stack(0x0000000022b50000,0x0000000022c50000)]
  0x000000001b933000 JavaThread "jar transforms Thread 10" [_thread_blocked, id=11192, stack(0x0000000022a50000,0x0000000022b50000)]
  0x000000001b92e800 JavaThread "jar transforms Thread 9" [_thread_blocked, id=4784, stack(0x0000000022950000,0x0000000022a50000)]
  0x000000001b92f800 JavaThread "jar transforms Thread 8" [_thread_blocked, id=12764, stack(0x0000000022850000,0x0000000022950000)]
  0x000000001c869800 JavaThread "jar transforms Thread 7" [_thread_blocked, id=7876, stack(0x0000000022ed0000,0x0000000022fd0000)]
  0x000000001c868800 JavaThread "jar transforms Thread 6" [_thread_blocked, id=7672, stack(0x00000000211f0000,0x00000000212f0000)]
  0x000000001c86e000 JavaThread "jar transforms Thread 5" [_thread_blocked, id=8296, stack(0x00000000210f0000,0x00000000211f0000)]
  0x000000001c86d000 JavaThread "jar transforms Thread 4" [_thread_blocked, id=7124, stack(0x0000000020ff0000,0x00000000210f0000)]
  0x000000001c86c800 JavaThread "jar transforms Thread 3" [_thread_blocked, id=13056, stack(0x0000000020ef0000,0x0000000020ff0000)]
  0x000000001c86e800 JavaThread "jar transforms Thread 2" [_thread_blocked, id=13184, stack(0x0000000022750000,0x0000000022850000)]
  0x000000001c86b800 JavaThread "jar transforms" [_thread_blocked, id=1104, stack(0x0000000022650000,0x0000000022750000)]
  0x000000001c86a000 JavaThread "Cache worker for file hash cache (C:\Users\USER\AndroidStudioProjects\Protocols\.gradle\6.5\fileHashes)" [_thread_blocked, id=6120, stack(0x0000000022550000,0x0000000022650000)]
  0x000000001c86f800 JavaThread "Cache worker for file hash cache (C:\Users\USER\.gradle\caches\6.5\fileHashes)" [_thread_blocked, id=8512, stack(0x000000001ec50000,0x000000001ed50000)]
  0x000000001c86b000 JavaThread "File lock request listener" [_thread_in_native, id=2152, stack(0x000000001eb50000,0x000000001ec50000)]
  0x000000001c79d000 JavaThread "Cache worker for journal cache (C:\Users\USER\.gradle\caches\journal-1)" [_thread_blocked, id=10556, stack(0x000000001ea50000,0x000000001eb50000)]
  0x000000001ace4800 JavaThread "Thread-9" [_thread_blocked, id=3148, stack(0x000000001e750000,0x000000001e850000)]
  0x000000001ace2000 JavaThread "Stdin handler" [_thread_blocked, id=3812, stack(0x000000001e650000,0x000000001e750000)]
  0x000000001ace1000 JavaThread "Asynchronous log dispatcher for DefaultDaemonConnection: socket connection from /127.0.0.1:56035 to /127.0.0.1:56036" [_thread_blocked, id=8940, stack(0x000000001e550000,0x000000001e650000)]
  0x000000001b4c1800 JavaThread "Daemon worker" [_thread_blocked, id=12100, stack(0x000000001e450000,0x000000001e550000)]
  0x000000001b4c1000 JavaThread "Cancel handler" [_thread_blocked, id=10132, stack(0x000000001e350000,0x000000001e450000)]
  0x000000001ada7800 JavaThread "Handler for socket connection from /127.0.0.1:56035 to /127.0.0.1:56036" [_thread_in_native, id=4380, stack(0x000000001e050000,0x000000001e150000)]
  0x000000001ada7000 JavaThread "Daemon" [_thread_blocked, id=12756, stack(0x000000001df50000,0x000000001e050000)]
  0x000000001c6a7800 JavaThread "Daemon periodic checks" [_thread_blocked, id=10760, stack(0x000000001de50000,0x000000001df50000)]
  0x000000001c6a4800 JavaThread "Incoming local TCP Connector on port 56035" [_thread_in_native, id=9260, stack(0x000000001dc00000,0x000000001dd00000)]
  0x000000001ad0f800 JavaThread "Daemon health stats" [_thread_blocked, id=2936, stack(0x000000001d5c0000,0x000000001d6c0000)]
  0x0000000019d58000 JavaThread "Service Thread" daemon [_thread_blocked, id=7296, stack(0x000000001aa20000,0x000000001ab20000)]
  0x0000000019d4b000 JavaThread "C1 CompilerThread3" daemon [_thread_in_vm, id=10140, stack(0x000000001a920000,0x000000001aa20000)]
  0x0000000019d47000 JavaThread "C2 CompilerThread2" daemon [_thread_in_native, id=1688, stack(0x000000001a820000,0x000000001a920000)]
  0x0000000019d42800 JavaThread "C2 CompilerThread1" daemon [_thread_in_native, id=12772, stack(0x000000001a720000,0x000000001a820000)]
=>0x0000000019d40800 JavaThread "C2 CompilerThread0" daemon [_thread_in_native, id=11572, stack(0x000000001a620000,0x000000001a720000)]
  0x0000000019d3f000 JavaThread "Attach Listener" daemon [_thread_blocked, id=10912, stack(0x000000001a520000,0x000000001a620000)]
  0x0000000017f4e000 JavaThread "Signal Dispatcher" daemon [_thread_blocked, id=6988, stack(0x000000001a420000,0x000000001a520000)]
  0x0000000002dc8800 JavaThread "Finalizer" daemon [_thread_blocked, id=8832, stack(0x000000001a210000,0x000000001a310000)]
  0x0000000017f3c000 JavaThread "Reference Handler" daemon [_thread_blocked, id=6768, stack(0x000000001a110000,0x000000001a210000)]
  0x0000000002ecd800 JavaThread "main" [_thread_blocked, id=8744, stack(0x0000000002ba0000,0x0000000002ca0000)]

Other Threads:
  0x0000000017f37800 VMThread [stack: 0x0000000019c10000,0x0000000019d10000] [id=1408]
  0x0000000019d59000 WatcherThread [stack: 0x000000001ab20000,0x000000001ac20000] [id=10520]

VM state:not at safepoint (normal execution)

VM Mutex/Monitor currently owned by a thread: None

heap address: 0x0000000080000000, size: 2048 MB, Compressed Oops mode: 32-bit
Narrow klass base: 0x0000000000000000, Narrow klass shift: 3
Compressed class space size: 1073741824 Address: 0x0000000100000000

Heap:
 PSYoungGen      total 280576K, used 207763K [0x00000000d5580000, 0x00000000eba80000, 0x0000000100000000)
  eden space 258048K, 71% used [0x00000000d5580000,0x00000000e0a6a750,0x00000000e5180000)
  from space 22528K, 99% used [0x00000000e5180000,0x00000000e677a820,0x00000000e6780000)
  to   space 26624K, 0% used [0x00000000ea080000,0x00000000ea080000,0x00000000eba80000)
 ParOldGen       total 131072K, used 40152K [0x0000000080000000, 0x0000000088000000, 0x00000000d5580000)
  object space 131072K, 30% used [0x0000000080000000,0x0000000082736238,0x0000000088000000)
 Metaspace       used 75840K, capacity 80302K, committed 80600K, reserved 1118208K
  class space    used 10338K, capacity 11164K, committed 11264K, reserved 1048576K

Card table byte_map: [0x0000000012290000,0x00000000126a0000] byte_map_base: 0x0000000011e90000

Marking Bits: (ParMarkBitMap*) 0x0000000052bff030
 Begin Bits: [0x0000000013150000, 0x0000000015150000)
 End Bits:   [0x0000000015150000, 0x0000000017150000)

Polling page: 0x0000000001360000

CodeCache: size=245760Kb used=26379Kb max_used=26379Kb free=219380Kb
 bounds [0x0000000002ed0000, 0x00000000048b0000, 0x0000000011ed0000]
 total_blobs=8853 nmethods=8029 adapters=735
 compilation: enabled

Compilation events (10 events):
Event: 8.840 Thread 0x0000000019d4b000 nmethod 9181 0x000000000489df50 code [0x000000000489e0c0, 0x000000000489e248]
Event: 8.840 Thread 0x0000000019d4b000 9154       2       org.objectweb.asm.ClassReader::readElementValue (1237 bytes)
Event: 8.844 Thread 0x0000000019d4b000 nmethod 9154 0x000000000489e2d0 code [0x000000000489e820, 0x00000000048a0c98]
Event: 8.844 Thread 0x0000000019d4b000 9186 %     3       sun.nio.fs.WindowsPath::compareTo @ 49 (118 bytes)
Event: 8.845 Thread 0x0000000019d4b000 nmethod 9186% 0x00000000048a4510 code [0x00000000048a4780, 0x00000000048a57c8]
Event: 8.845 Thread 0x0000000019d4b000 9184       2       org.objectweb.asm.commons.AnnotationRemapper::<init> (12 bytes)
Event: 8.845 Thread 0x0000000019d4b000 nmethod 9184 0x00000000048a6210 code [0x00000000048a6380, 0x00000000048a6528]
Event: 8.845 Thread 0x0000000019d4b000 9185       2       org.objectweb.asm.AnnotationVisitor::visitEnd (15 bytes)
Event: 8.845 Thread 0x0000000019d4b000 nmethod 9185 0x00000000048a65d0 code [0x00000000048a6740, 0x00000000048a68c8]
Event: 8.845 Thread 0x0000000019d4b000 9187   !   2       com.android.tools.build.jetifier.processor.transform.bytecode.ByteCodeTransformer::runTransform (159 bytes)

GC Heap History (10 events):
Event: 3.026 GC heap before
{Heap before GC invocations=10 (full 2):
 PSYoungGen      total 216576K, used 8587K [0x00000000d5580000, 0x00000000e3c00000, 0x0000000100000000)
  eden space 202752K, 0% used [0x00000000d5580000,0x00000000d5580000,0x00000000e1b80000)
  from space 13824K, 62% used [0x00000000e2900000,0x00000000e3162ec0,0x00000000e3680000)
  to   space 13824K, 0% used [0x00000000e1b80000,0x00000000e1b80000,0x00000000e2900000)
 ParOldGen       total 54784K, used 8967K [0x0000000080000000, 0x0000000083580000, 0x00000000d5580000)
  object space 54784K, 16% used [0x0000000080000000,0x00000000808c1f88,0x0000000083580000)
 Metaspace       used 34164K, capacity 35296K, committed 35416K, reserved 1079296K
  class space    used 4625K, capacity 4923K, committed 4992K, reserved 1048576K
Event: 3.072 GC heap after
Heap after GC invocations=10 (full 2):
 PSYoungGen      total 216576K, used 0K [0x00000000d5580000, 0x00000000e3c00000, 0x0000000100000000)
  eden space 202752K, 0% used [0x00000000d5580000,0x00000000d5580000,0x00000000e1b80000)
  from space 13824K, 0% used [0x00000000e2900000,0x00000000e2900000,0x00000000e3680000)
  to   space 13824K, 0% used [0x00000000e1b80000,0x00000000e1b80000,0x00000000e2900000)
 ParOldGen       total 80896K, used 15016K [0x0000000080000000, 0x0000000084f00000, 0x00000000d5580000)
  object space 80896K, 18% used [0x0000000080000000,0x0000000080eaa0b8,0x0000000084f00000)
 Metaspace       used 34164K, capacity 35296K, committed 35416K, reserved 1079296K
  class space    used 4625K, capacity 4923K, committed 4992K, reserved 1048576K
}
Event: 4.394 GC heap before
{Heap before GC invocations=11 (full 2):
 PSYoungGen      total 216576K, used 202752K [0x00000000d5580000, 0x00000000e3c00000, 0x0000000100000000)
  eden space 202752K, 100% used [0x00000000d5580000,0x00000000e1b80000,0x00000000e1b80000)
  from space 13824K, 0% used [0x00000000e2900000,0x00000000e2900000,0x00000000e3680000)
  to   space 13824K, 0% used [0x00000000e1b80000,0x00000000e1b80000,0x00000000e2900000)
 ParOldGen       total 80896K, used 15016K [0x0000000080000000, 0x0000000084f00000, 0x00000000d5580000)
  object space 80896K, 18% used [0x0000000080000000,0x0000000080eaa0b8,0x0000000084f00000)
 Metaspace       used 43355K, capacity 45510K, committed 45784K, reserved 1089536K
  class space    used 5855K, capacity 6289K, committed 6400K, reserved 1048576K
Event: 4.405 GC heap after
Heap after GC invocations=11 (full 2):
 PSYoungGen      total 216576K, used 13822K [0x00000000d5580000, 0x00000000e7800000, 0x0000000100000000)
  eden space 202752K, 0% used [0x00000000d5580000,0x00000000d5580000,0x00000000e1b80000)
  from space 13824K, 99% used [0x00000000e1b80000,0x00000000e28ffb78,0x00000000e2900000)
  to   space 16896K, 0% used [0x00000000e6780000,0x00000000e6780000,0x00000000e7800000)
 ParOldGen       total 80896K, used 17768K [0x0000000080000000, 0x0000000084f00000, 0x00000000d5580000)
  object space 80896K, 21% used [0x0000000080000000,0x000000008115a378,0x0000000084f00000)
 Metaspace       used 43355K, capacity 45510K, committed 45784K, reserved 1089536K
  class space    used 5855K, capacity 6289K, committed 6400K, reserved 1048576K
}
Event: 5.468 GC heap before
{Heap before GC invocations=12 (full 2):
 PSYoungGen      total 216576K, used 161332K [0x00000000d5580000, 0x00000000e7800000, 0x0000000100000000)
  eden space 202752K, 72% used [0x00000000d5580000,0x00000000de58d4e8,0x00000000e1b80000)
  from space 13824K, 99% used [0x00000000e1b80000,0x00000000e28ffb78,0x00000000e2900000)
  to   space 16896K, 0% used [0x00000000e6780000,0x00000000e6780000,0x00000000e7800000)
 ParOldGen       total 80896K, used 17768K [0x0000000080000000, 0x0000000084f00000, 0x00000000d5580000)
  object space 80896K, 21% used [0x0000000080000000,0x000000008115a378,0x0000000084f00000)
 Metaspace       used 56512K, capacity 58902K, committed 59028K, reserved 1099776K
  class space    used 7457K, capacity 7933K, committed 7936K, reserved 1048576K
Event: 5.483 GC heap after
Heap after GC invocations=12 (full 2):
 PSYoungGen      total 274944K, used 16884K [0x00000000d5580000, 0x00000000e7f80000, 0x0000000100000000)
  eden space 258048K, 0% used [0x00000000d5580000,0x00000000d5580000,0x00000000e5180000)
  from space 16896K, 99% used [0x00000000e6780000,0x00000000e77fd320,0x00000000e7800000)
  to   space 22528K, 0% used [0x00000000e5180000,0x00000000e5180000,0x00000000e6780000)
 ParOldGen       total 80896K, used 27740K [0x0000000080000000, 0x0000000084f00000, 0x00000000d5580000)
  object space 80896K, 34% used [0x0000000080000000,0x0000000081b17020,0x0000000084f00000)
 Metaspace       used 56512K, capacity 58902K, committed 59028K, reserved 1099776K
  class space    used 7457K, capacity 7933K, committed 7936K, reserved 1048576K
}
Event: 5.483 GC heap before
{Heap before GC invocations=13 (full 3):
 PSYoungGen      total 274944K, used 16884K [0x00000000d5580000, 0x00000000e7f80000, 0x0000000100000000)
  eden space 258048K, 0% used [0x00000000d5580000,0x00000000d5580000,0x00000000e5180000)
  from space 16896K, 99% used [0x00000000e6780000,0x00000000e77fd320,0x00000000e7800000)
  to   space 22528K, 0% used [0x00000000e5180000,0x00000000e5180000,0x00000000e6780000)
 ParOldGen       total 80896K, used 27740K [0x0000000080000000, 0x0000000084f00000, 0x00000000d5580000)
  object space 80896K, 34% used [0x0000000080000000,0x0000000081b17020,0x0000000084f00000)
 Metaspace       used 56512K, capacity 58902K, committed 59028K, reserved 1099776K
  class space    used 7457K, capacity 7933K, committed 7936K, reserved 1048576K
Event: 5.636 GC heap after
Heap after GC invocations=13 (full 3):
 PSYoungGen      total 274944K, used 0K [0x00000000d5580000, 0x00000000e7f80000, 0x0000000100000000)
  eden space 258048K, 0% used [0x00000000d5580000,0x00000000d5580000,0x00000000e5180000)
  from space 16896K, 0% used [0x00000000e6780000,0x00000000e6780000,0x00000000e7800000)
  to   space 22528K, 0% used [0x00000000e5180000,0x00000000e5180000,0x00000000e6780000)
 ParOldGen       total 131072K, used 38933K [0x0000000080000000, 0x0000000088000000, 0x00000000d5580000)
  object space 131072K, 29% used [0x0000000080000000,0x0000000082605440,0x0000000088000000)
 Metaspace       used 56417K, capacity 58630K, committed 59028K, reserved 1099776K
  class space    used 7430K, capacity 7893K, committed 7936K, reserved 1048576K
}
Event: 7.935 GC heap before
{Heap before GC invocations=14 (full 3):
 PSYoungGen      total 274944K, used 258048K [0x00000000d5580000, 0x00000000e7f80000, 0x0000000100000000)
  eden space 258048K, 100% used [0x00000000d5580000,0x00000000e5180000,0x00000000e5180000)
  from space 16896K, 0% used [0x00000000e6780000,0x00000000e6780000,0x00000000e7800000)
  to   space 22528K, 0% used [0x00000000e5180000,0x00000000e5180000,0x00000000e6780000)
 ParOldGen       total 131072K, used 38933K [0x0000000080000000, 0x0000000088000000, 0x00000000d5580000)
  object space 131072K, 29% used [0x0000000080000000,0x0000000082605440,0x0000000088000000)
 Metaspace       used 72954K, capacity 76406K, committed 76504K, reserved 1116160K
  class space    used 9990K, capacity 10692K, committed 10752K, reserved 1048576K
Event: 7.960 GC heap after
Heap after GC invocations=14 (full 3):
 PSYoungGen      total 280576K, used 22506K [0x00000000d5580000, 0x00000000eba80000, 0x0000000100000000)
  eden space 258048K, 0% used [0x00000000d5580000,0x00000000d5580000,0x00000000e5180000)
  from space 22528K, 99% used [0x00000000e5180000,0x00000000e677a820,0x00000000e6780000)
  to   space 26624K, 0% used [0x00000000ea080000,0x00000000ea080000,0x00000000eba80000)
 ParOldGen       total 131072K, used 40152K [0x0000000080000000, 0x0000000088000000, 0x00000000d5580000)
  object space 131072K, 30% used [0x0000000080000000,0x0000000082736238,0x0000000088000000)
 Metaspace       used 72954K, capacity 76406K, committed 76504K, reserved 1116160K
  class space    used 9990K, capacity 10692K, committed 10752K, reserved 1048576K
}

Deoptimization events (10 events):
Event: 8.587 Thread 0x0000000022260800 Uncommon trap: reason=class_check action=maybe_recompile pc=0x00000000033ffcf0 method=java.util.zip.InflaterInputStream.read([BII)I @ 100
Event: 8.587 Thread 0x000000002225e000 Uncommon trap: reason=class_check action=maybe_recompile pc=0x00000000033ffcf0 method=java.util.zip.InflaterInputStream.read([BII)I @ 100
Event: 8.587 Thread 0x0000000022260800 Uncommon trap: reason=unstable_if action=reinterpret pc=0x0000000003ed0720 method=sun.nio.fs.WindowsPathParser.isSlash(C)Z @ 9
Event: 8.587 Thread 0x0000000022260800 Uncommon trap: reason=unstable_if action=reinterpret pc=0x00000000031d6778 method=sun.nio.fs.WindowsPathParser.isSlash(C)Z @ 9
Event: 8.602 Thread 0x0000000022261000 Uncommon trap: reason=unstable_if action=reinterpret pc=0x00000000034a80f8 method=java.util.concurrent.ConcurrentHashMap.replaceNode(Ljava/lang/Object;Ljava/lang/Object;Ljava/lang/Object;)Ljava/lang/Object; @ 136
Event: 8.683 Thread 0x000000001b4c1800 Uncommon trap: reason=bimorphic action=maybe_recompile pc=0x0000000004685030 method=com.google.common.collect.ImmutableList.copyOf(Ljava/util/Collection;)Lcom/google/common/collect/ImmutableList; @ 11
Event: 8.686 Thread 0x000000001b4c1800 Uncommon trap: reason=bimorphic action=maybe_recompile pc=0x0000000004685030 method=com.google.common.collect.ImmutableList.copyOf(Ljava/util/Collection;)Lcom/google/common/collect/ImmutableList; @ 11
Event: 8.687 Thread 0x000000001b4c1800 Uncommon trap: reason=bimorphic action=maybe_recompile pc=0x0000000004685030 method=com.google.common.collect.ImmutableList.copyOf(Ljava/util/Collection;)Lcom/google/common/collect/ImmutableList; @ 11
Event: 8.811 Thread 0x000000002225a800 Uncommon trap: reason=bimorphic action=maybe_recompile pc=0x00000000033ecdbc method=java.util.regex.Pattern$Slice.match(Ljava/util/regex/Matcher;ILjava/lang/CharSequence;)Z @ 75
Event: 8.811 Thread 0x000000002225a800 Uncommon trap: reason=bimorphic action=maybe_recompile pc=0x00000000033ecdbc method=java.util.regex.Pattern$Slice.match(Ljava/util/regex/Matcher;ILjava/lang/CharSequence;)Z @ 75

Classes redefined (0 events):
No events

Internal exceptions (10 events):
Event: 7.981 Thread 0x000000002225e000 Exception <a 'java/lang/NoSuchMethodError': java.lang.Object.lambda$flatMap$2(Ljava/util/function/Function;Ljava/lang/Object;)Lorg/gradle/internal/Try;> (0x00000000d5e50b88) thrown at [C:\src\AOSP-openjdk-git\hotspot\src\share\vm\interpreter\linkResolver.
Event: 8.024 Thread 0x0000000022261000 Exception <a 'java/lang/NoSuchMethodError': java.lang.Object.lambda$flatMap$0(Ljava/lang/Throwable;)Lorg/gradle/api/internal/artifacts/transform/CacheableInvocation;> (0x00000000d674a310) thrown at [C:\src\AOSP-openjdk-git\hotspot\src\share\vm\interpreter
Event: 8.645 Thread 0x000000002225e000 Exception <a 'sun/nio/fs/WindowsException'> (0x00000000db96ecc0) thrown at [C:\src\AOSP-openjdk-git\hotspot\src\share\vm\prims\jni.cpp, line 710]
Event: 8.656 Thread 0x0000000022260800 Exception <a 'sun/nio/fs/WindowsException'> (0x00000000dbb0c738) thrown at [C:\src\AOSP-openjdk-git\hotspot\src\share\vm\prims\jni.cpp, line 710]
Event: 8.728 Thread 0x000000001b15a000 Exception <a 'sun/nio/fs/WindowsException'> (0x00000000dc7f9260) thrown at [C:\src\AOSP-openjdk-git\hotspot\src\share\vm\prims\jni.cpp, line 710]
Event: 8.750 Thread 0x000000001b4c1800 Exception <a 'sun/nio/fs/WindowsException'> (0x00000000da9bc110) thrown at [C:\src\AOSP-openjdk-git\hotspot\src\share\vm\prims\jni.cpp, line 710]
Event: 8.752 Thread 0x000000002225c800 Exception <a 'sun/nio/fs/WindowsException'> (0x00000000dd310cc0) thrown at [C:\src\AOSP-openjdk-git\hotspot\src\share\vm\prims\jni.cpp, line 710]
Event: 8.779 Thread 0x000000001b15e000 Exception <a 'sun/nio/fs/WindowsException'> (0x00000000de3cac60) thrown at [C:\src\AOSP-openjdk-git\hotspot\src\share\vm\prims\jni.cpp, line 710]
Event: 8.786 Thread 0x0000000022260800 Exception <a 'sun/nio/fs/WindowsException'> (0x00000000de7c7288) thrown at [C:\src\AOSP-openjdk-git\hotspot\src\share\vm\prims\jni.cpp, line 710]
Event: 8.817 Thread 0x000000002225a800 Exception <a 'sun/nio/fs/WindowsException'> (0x00000000df8a9ec8) thrown at [C:\src\AOSP-openjdk-git\hotspot\src\share\vm\prims\jni.cpp, line 710]

Events (10 events):
Event: 8.808 loading class org/jdom2/ContentList$FilterListIterator
Event: 8.808 loading class org/jdom2/ContentList$FilterListIterator done
Event: 8.810 loading class org/jdom2/ContentList$CLIterator
Event: 8.810 loading class org/jdom2/ContentList$CLIterator done
Event: 8.811 Thread 0x000000002225a800 Uncommon trap: trap_request=0xffffffc6 fr.pc=0x00000000033ecdbc
Event: 8.811 Thread 0x000000002225a800 DEOPT PACKING pc=0x00000000033ecdbc sp=0x00000000271abdf0
Event: 8.811 Thread 0x000000002225a800 DEOPT UNPACKING pc=0x0000000002f1557b sp=0x00000000271abce8 mode 2
Event: 8.811 Thread 0x000000002225a800 Uncommon trap: trap_request=0xffffffc6 fr.pc=0x00000000033ecdbc
Event: 8.811 Thread 0x000000002225a800 DEOPT PACKING pc=0x00000000033ecdbc sp=0x00000000271abdf0
Event: 8.811 Thread 0x000000002225a800 DEOPT UNPACKING pc=0x0000000002f1557b sp=0x00000000271abce8 mode 2


Dynamic libraries:
0x00007ff720110000 - 0x00007ff720141000 	C:\Program Files\Android\Android Studio\jre\bin\java.exe
0x00007ffbb66b0000 - 0x00007ffbb68a5000 	C:\WINDOWS\SYSTEM32\ntdll.dll
0x00007ffbb4770000 - 0x00007ffbb482d000 	C:\WINDOWS\System32\KERNEL32.DLL
0x00007ffbb4160000 - 0x00007ffbb4428000 	C:\WINDOWS\System32\KERNELBASE.dll
0x00007ffbb4ab0000 - 0x00007ffbb4b5c000 	C:\WINDOWS\System32\ADVAPI32.dll
0x00007ffbb5380000 - 0x00007ffbb541e000 	C:\WINDOWS\System32\msvcrt.dll
0x00007ffbb49f0000 - 0x00007ffbb4a8b000 	C:\WINDOWS\System32\sechost.dll
0x00007ffbb5e40000 - 0x00007ffbb5f6b000 	C:\WINDOWS\System32\RPCRT4.dll
0x00007ffbb5820000 - 0x00007ffbb59c0000 	C:\WINDOWS\System32\USER32.dll
0x00007ffbb46e0000 - 0x00007ffbb4702000 	C:\WINDOWS\System32\win32u.dll
0x00007ffbb5f70000 - 0x00007ffbb5f9a000 	C:\WINDOWS\System32\GDI32.dll
0x00007ffbb3ea0000 - 0x00007ffbb3fab000 	C:\WINDOWS\System32\gdi32full.dll
0x00007ffbb4640000 - 0x00007ffbb46dd000 	C:\WINDOWS\System32\msvcp_win.dll
0x00007ffbb4060000 - 0x00007ffbb4160000 	C:\WINDOWS\System32\ucrtbase.dll
0x00007ffb9ef10000 - 0x00007ffb9f1aa000 	C:\WINDOWS\WinSxS\amd64_microsoft.windows.common-controls_6595b64144ccf1df_6.0.19041.844_none_ca00b6081b84eb1d\COMCTL32.dll
0x00007ffbb5420000 - 0x00007ffbb5450000 	C:\WINDOWS\System32\IMM32.DLL
0x0000000052270000 - 0x0000000052342000 	C:\Program Files\Android\Android Studio\jre\jre\bin\msvcr100.dll
0x0000000052430000 - 0x0000000052c7b000 	C:\Program Files\Android\Android Studio\jre\jre\bin\server\jvm.dll
0x00007ffbb4bc0000 - 0x00007ffbb4bc8000 	C:\WINDOWS\System32\PSAPI.DLL
0x00007ffbb1340000 - 0x00007ffbb1349000 	C:\WINDOWS\SYSTEM32\WSOCK32.dll
0x00007ffbad5a0000 - 0x00007ffbad5aa000 	C:\WINDOWS\SYSTEM32\VERSION.dll
0x00007ffb9f300000 - 0x00007ffb9f327000 	C:\WINDOWS\SYSTEM32\WINMM.dll
0x00007ffbb57b0000 - 0x00007ffbb581b000 	C:\WINDOWS\System32\WS2_32.dll
0x00007ffbae360000 - 0x00007ffbae36f000 	C:\Program Files\Android\Android Studio\jre\jre\bin\verify.dll
0x00007ffbae330000 - 0x00007ffbae359000 	C:\Program Files\Android\Android Studio\jre\jre\bin\java.dll
0x00007ffbae310000 - 0x00007ffbae326000 	C:\Program Files\Android\Android Studio\jre\jre\bin\zip.dll
0x00007ffbb4c30000 - 0x00007ffbb5372000 	C:\WINDOWS\System32\SHELL32.dll
0x00007ffbb1ef0000 - 0x00007ffbb2680000 	C:\WINDOWS\SYSTEM32\windows.storage.dll
0x00007ffbb5450000 - 0x00007ffbb57a5000 	C:\WINDOWS\System32\combase.dll
0x00007ffbb37f0000 - 0x00007ffbb381c000 	C:\WINDOWS\SYSTEM32\Wldp.dll
0x00007ffbb5d30000 - 0x00007ffbb5dde000 	C:\WINDOWS\System32\SHCORE.dll
0x00007ffbb4710000 - 0x00007ffbb4765000 	C:\WINDOWS\System32\shlwapi.dll
0x00007ffbb3d30000 - 0x00007ffbb3d4f000 	C:\WINDOWS\SYSTEM32\profapi.dll
0x00007ffbae220000 - 0x00007ffbae23a000 	C:\Program Files\Android\Android Studio\jre\jre\bin\net.dll
0x00007ffbb3500000 - 0x00007ffbb356a000 	C:\WINDOWS\system32\mswsock.dll
0x00007ffbac720000 - 0x00007ffbac733000 	C:\Program Files\Android\Android Studio\jre\jre\bin\nio.dll
0x00007ffba52b0000 - 0x00007ffba52d7000 	C:\Users\USER\.gradle\native\f6784746aeab05261644944871eae4fe03e0ef1612fff0a4a95f87b438bc6780\windows-amd64\native-platform.dll
0x00007ffbae300000 - 0x00007ffbae30d000 	C:\Program Files\Android\Android Studio\jre\jre\bin\management.dll
0x00007ffbb3740000 - 0x00007ffbb3758000 	C:\WINDOWS\SYSTEM32\CRYPTSP.dll
0x00007ffbb2ea0000 - 0x00007ffbb2ed4000 	C:\WINDOWS\system32\rsaenh.dll
0x00007ffbb4590000 - 0x00007ffbb45b7000 	C:\WINDOWS\System32\bcrypt.dll
0x00007ffbb3cb0000 - 0x00007ffbb3cde000 	C:\WINDOWS\SYSTEM32\USERENV.dll
0x00007ffbb45c0000 - 0x00007ffbb4640000 	C:\WINDOWS\System32\bcryptprimitives.dll
0x00007ffbb3730000 - 0x00007ffbb373c000 	C:\WINDOWS\SYSTEM32\CRYPTBASE.dll
0x00007ffbb31f0000 - 0x00007ffbb322b000 	C:\WINDOWS\SYSTEM32\IPHLPAPI.DLL
0x00007ffbb4aa0000 - 0x00007ffbb4aa8000 	C:\WINDOWS\System32\NSI.dll
0x00007ffbaca70000 - 0x00007ffbaca87000 	C:\WINDOWS\SYSTEM32\dhcpcsvc6.DLL
0x00007ffbad380000 - 0x00007ffbad39d000 	C:\WINDOWS\SYSTEM32\dhcpcsvc.DLL
0x00007ffbb3230000 - 0x00007ffbb32fc000 	C:\WINDOWS\SYSTEM32\DNSAPI.dll
0x00007ffbaf530000 - 0x00007ffbaf53b000 	C:\WINDOWS\SYSTEM32\WINNSI.DLL
0x00007ffbb2b70000 - 0x00007ffbb2ba3000 	C:\WINDOWS\SYSTEM32\ntmarta.dll

VM Arguments:
jvm_args: -Xmx2048m -Dfile.encoding=UTF-8 -Duser.country=RU -Duser.language=ru -Duser.variant 
java_command: org.gradle.launcher.daemon.bootstrap.GradleDaemon 6.5
java_class_path (initial): C:\Users\USER\.gradle\wrapper\dists\gradle-6.5-bin\6nifqtx7604sqp1q6g8wikw7p\gradle-6.5\lib\gradle-launcher-6.5.jar
Launcher Type: SUN_STANDARD

Environment Variables:
PATH=C:\Program Files (x86)\Intel\Intel(R) Management Engine Components\iCLS\;C:\Program Files\Intel\Intel(R) Management Engine Components\iCLS\;C:\WINDOWS\system32;C:\WINDOWS;C:\WINDOWS\System32\Wbem;C:\WINDOWS\System32\WindowsPowerShell\v1.0\;C:\WINDOWS\System32\OpenSSH\;C:\Program Files (x86)\Intel\Intel(R) Management Engine Components\DAL;C:\Program Files\Intel\Intel(R) Management Engine Components\DAL;C:\Program Files\Git\cmd;C:\Users\USER\AppData\Local\Microsoft\WindowsApps;
USERNAME=USER
OS=Windows_NT
PROCESSOR_IDENTIFIER=Intel64 Family 6 Model 142 Stepping 12, GenuineIntel



---------------  S Y S T E M  ---------------

OS: Windows 10.0 , 64 bit Build 19041 (10.0.19041.928)

CPU:total 8 (initial active 8) (4 cores per cpu, 2 threads per core) family 6 model 142 stepping 12, cmov, cx8, fxsr, mmx, sse, sse2, sse3, ssse3, sse4.1, sse4.2, popcnt, avx, avx2, aes, clmul, erms, 3dnowpref, lzcnt, ht, tsc, tscinvbit, bmi1, bmi2, adx

Memory: 4k page, physical 7975408k(1853524k free), swap 7975408k(3480k free)

vm_info: OpenJDK 64-Bit Server VM (25.242-b01) for windows-amd64 JRE (1.8.0_242-release-1644-b01), built by "builder" with MS VC++ 10.0 (VS2010)

time: Thu Jun 10 11:31:28 2021
timezone: 
elapsed time: 8 seconds (0d 0h 0m 8s)

