#
# There is insufficient memory for the Java Runtime Environment to continue.
# Native memory allocation (malloc) failed to allocate 1654480 bytes for Chunk::new
# Possible reasons:
#   The system is out of physical RAM or swap space
#   The process is running with CompressedOops enabled, and the Java Heap may be blocking the growth of the native heap
# Possible solutions:
#   Reduce memory load on the system
#   Increase physical memory or swap space
#   Check if swap backing store is full
#   Decrease Java heap size (-Xmx/-Xms)
#   Decrease number of Java threads
#   Decrease Java thread stack sizes (-Xss)
#   Set larger code cache with -XX:ReservedCodeCacheSize=
#   JVM is running with Unscaled Compressed Oops mode in which the Java heap is
#     placed in the first 4GB address space. The Java Heap base address is the
#     maximum limit for the native heap growth. Please use -XX:HeapBaseMinAddress
#     to set the Java Heap base and to place the Java Heap above 4GB virtual address.
# This output file may be truncated or incomplete.
#
#  Out of Memory Error (allocation.cpp:389), pid=9092, tid=0x0000000000001ca0
#
# JRE version: OpenJDK Runtime Environment (8.0_242-b01) (build 1.8.0_242-release-1644-b01)
# Java VM: OpenJDK 64-Bit Server VM (25.242-b01 mixed mode windows-amd64 compressed oops)
# Failed to write core dump. Minidumps are not enabled by default on client versions of Windows
#

---------------  T H R E A D  ---------------

Current thread (0x0000000019504800):  JavaThread "C2 CompilerThread2" daemon [_thread_in_native, id=7328, stack(0x0000000019fe0000,0x000000001a0e0000)]

Stack: [0x0000000019fe0000,0x000000001a0e0000]
[error occurred during error reporting (printing stack bounds), id 0xc0000005]

Native frames: (J=compiled Java code, j=interpreted, Vv=VM code, C=native code)


Current CompileTask:
C2:  57762 10788       4       org.gradle.internal.instantiation.generator.AbstractClassGenerator::inspectType (560 bytes)


---------------  P R O C E S S  ---------------

Java Threads: ( => current thread )
  0x000000001c3a6000 JavaThread "WorkerExecutor Queue" [_thread_blocked, id=1116, stack(0x000000002fce0000,0x000000002fde0000)]
  0x000000001c3a5800 JavaThread "Cache worker for execution history cache (C:\Users\USER\AndroidStudioProjects\Protocols\.gradle\6.5\executionHistory)" [_thread_blocked, id=2016, stack(0x000000002fbe0000,0x000000002fce0000)]
  0x000000001c3a8800 JavaThread "Execution worker for ':' Thread 7" [_thread_blocked, id=10760, stack(0x000000002fae0000,0x000000002fbe0000)]
  0x000000001c3a7800 JavaThread "Execution worker for ':' Thread 6" [_thread_in_native, id=380, stack(0x000000002f9e0000,0x000000002fae0000)]
  0x000000001eacc800 JavaThread "Execution worker for ':' Thread 5" [_thread_blocked, id=3148, stack(0x000000002f8e0000,0x000000002f9e0000)]
  0x000000001eacb800 JavaThread "Execution worker for ':' Thread 4" [_thread_blocked, id=1236, stack(0x000000002f7e0000,0x000000002f8e0000)]
  0x000000001eacb000 JavaThread "Execution worker for ':' Thread 3" [_thread_blocked, id=4784, stack(0x000000002f6e0000,0x000000002f7e0000)]
  0x000000001eaca000 JavaThread "Execution worker for ':' Thread 2" [_thread_blocked, id=1804, stack(0x000000002f330000,0x000000002f430000)]
  0x000000001eac9800 JavaThread "Execution worker for ':'" [_thread_blocked, id=8444, stack(0x000000002f110000,0x000000002f210000)]
  0x000000001eac8800 JavaThread "Cache worker for file content cache (C:\Users\USER\AndroidStudioProjects\Protocols\.gradle\6.5\fileContent)" [_thread_blocked, id=9820, stack(0x000000002f230000,0x000000002f330000)]
  0x000000001f4ad800 JavaThread "Cache worker for Build Output Cleanup Cache (C:\Users\USER\AndroidStudioProjects\Protocols\.gradle\buildOutputCleanup)" [_thread_blocked, id=11024, stack(0x000000002d320000,0x000000002d420000)]
  0x000000001f4ac800 JavaThread "Build operations Thread 8" [_thread_blocked, id=8912, stack(0x000000002cf40000,0x000000002d040000)]
  0x000000001f4ac000 JavaThread "Build operations Thread 7" [_thread_blocked, id=6488, stack(0x00000000272a0000,0x00000000273a0000)]
  0x000000001f4ae000 JavaThread "Build operations Thread 6" [_thread_blocked, id=2840, stack(0x00000000271a0000,0x00000000272a0000)]
  0x000000001f4ab000 JavaThread "Build operations Thread 5" [_thread_blocked, id=10608, stack(0x0000000025e50000,0x0000000025f50000)]
  0x000000001f4a3800 JavaThread "Build operations Thread 4" [_thread_blocked, id=7816, stack(0x0000000025d50000,0x0000000025e50000)]
  0x000000001f4aa000 JavaThread "Build operations Thread 3" [_thread_blocked, id=9644, stack(0x0000000025c50000,0x0000000025d50000)]
  0x000000001f4a2800 JavaThread "Build operations Thread 2" [_thread_blocked, id=496, stack(0x0000000025b50000,0x0000000025c50000)]
  0x000000001f4a9800 JavaThread "Build operations" [_thread_blocked, id=3792, stack(0x0000000025a50000,0x0000000025b50000)]
  0x000000001f4a8800 JavaThread "Cache worker for cache directory md-rule (C:\Users\USER\.gradle\caches\6.5\md-rule)" [_thread_blocked, id=9392, stack(0x0000000025950000,0x0000000025a50000)]
  0x000000001f4a8000 JavaThread "Cache worker for cache directory md-supplier (C:\Users\USER\.gradle\caches\6.5\md-supplier)" [_thread_blocked, id=5368, stack(0x0000000024260000,0x0000000024360000)]
  0x000000001f4a0800 JavaThread "Cache worker for checksums cache (C:\Users\USER\AndroidStudioProjects\Protocols\.gradle\checksums)" [_thread_blocked, id=12940, stack(0x0000000021d90000,0x0000000021e90000)]
  0x000000001f4a7000 JavaThread "Cache worker for file hash cache (C:\Users\USER\AndroidStudioProjects\Protocols\.gradle\6.5\fileHashes)" [_thread_blocked, id=6784, stack(0x000000001f6e0000,0x000000001f7e0000)]
  0x000000001f49f800 JavaThread "Thread-132" [_thread_blocked, id=6972, stack(0x000000001df10000,0x000000001e010000)]
  0x000000001f4a6800 JavaThread "Stdin handler" [_thread_blocked, id=8992, stack(0x000000001db10000,0x000000001dc10000)]
  0x000000001f4a1000 JavaThread "Asynchronous log dispatcher for DefaultDaemonConnection: socket connection from /127.0.0.1:56065 to /127.0.0.1:56218" [_thread_blocked, id=6772, stack(0x000000001da10000,0x000000001db10000)]
  0x000000001f4a4000 JavaThread "Cancel handler" [_thread_blocked, id=2360, stack(0x00000000009e0000,0x0000000000ae0000)]
  0x000000001f4a2000 JavaThread "Handler for socket connection from /127.0.0.1:56065 to /127.0.0.1:56218" [_thread_in_native, id=8132, stack(0x00000000007e0000,0x00000000008e0000)]
  0x000000001f49f000 JavaThread "Memory manager" [_thread_blocked, id=3300, stack(0x000000002b8a0000,0x000000002b9a0000)]
  0x000000001b91f000 JavaThread "jar transforms Thread 92" [_thread_blocked, id=7560, stack(0x000000002b5a0000,0x000000002b6a0000)]
  0x000000001b91e000 JavaThread "jar transforms Thread 91" [_thread_blocked, id=8312, stack(0x000000002b4a0000,0x000000002b5a0000)]
  0x000000001b91b800 JavaThread "jar transforms Thread 90" [_thread_blocked, id=5012, stack(0x000000002b3a0000,0x000000002b4a0000)]
  0x000000001b91b000 JavaThread "jar transforms Thread 89" [_thread_blocked, id=5796, stack(0x000000002b2a0000,0x000000002b3a0000)]
  0x000000001b91d800 JavaThread "jar transforms Thread 88" [_thread_blocked, id=8220, stack(0x000000002b1a0000,0x000000002b2a0000)]
  0x000000001b91c800 JavaThread "jar transforms Thread 87" [_thread_blocked, id=1252, stack(0x000000002b0a0000,0x000000002b1a0000)]
  0x000000001b91a000 JavaThread "jar transforms Thread 86" [_thread_blocked, id=11948, stack(0x000000002afa0000,0x000000002b0a0000)]
  0x000000001b919800 JavaThread "jar transforms Thread 85" [_thread_blocked, id=9492, stack(0x000000002aea0000,0x000000002afa0000)]
  0x000000001b91f800 JavaThread "jar transforms Thread 84" [_thread_blocked, id=7000, stack(0x000000002ada0000,0x000000002aea0000)]
  0x000000001b920800 JavaThread "jar transforms Thread 83" [_thread_blocked, id=12040, stack(0x000000002aca0000,0x000000002ada0000)]
  0x000000001b912800 JavaThread "jar transforms Thread 82" [_thread_blocked, id=9616, stack(0x000000002aba0000,0x000000002aca0000)]
  0x000000001b918800 JavaThread "jar transforms Thread 81" [_thread_blocked, id=5720, stack(0x000000002aaa0000,0x000000002aba0000)]
  0x000000001b916800 JavaThread "jar transforms Thread 80" [_thread_blocked, id=6140, stack(0x000000002a9a0000,0x000000002aaa0000)]
  0x000000001b918000 JavaThread "jar transforms Thread 79" [_thread_blocked, id=10224, stack(0x000000002a8a0000,0x000000002a9a0000)]
  0x000000001b913800 JavaThread "jar transforms Thread 78" [_thread_blocked, id=6124, stack(0x000000002a7a0000,0x000000002a8a0000)]
  0x000000001b915800 JavaThread "jar transforms Thread 77" [_thread_blocked, id=6264, stack(0x000000002a6a0000,0x000000002a7a0000)]
  0x000000001b915000 JavaThread "jar transforms Thread 76" [_thread_blocked, id=6880, stack(0x000000002a5a0000,0x000000002a6a0000)]
  0x000000001b911000 JavaThread "jar transforms Thread 75" [_thread_blocked, id=12600, stack(0x000000002a4a0000,0x000000002a5a0000)]
  0x000000001b914000 JavaThread "jar transforms Thread 74" [_thread_blocked, id=3780, stack(0x000000002a3a0000,0x000000002a4a0000)]
  0x000000001b912000 JavaThread "jar transforms Thread 73" [_thread_blocked, id=5540, stack(0x000000002a2a0000,0x000000002a3a0000)]
  0x000000001b917000 JavaThread "jar transforms Thread 72" [_thread_blocked, id=3356, stack(0x000000002a1a0000,0x000000002a2a0000)]
  0x0000000024ef5800 JavaThread "jar transforms Thread 71" [_thread_blocked, id=3684, stack(0x000000002a0a0000,0x000000002a1a0000)]
  0x0000000024ef1000 JavaThread "jar transforms Thread 70" [_thread_blocked, id=9740, stack(0x0000000029fa0000,0x000000002a0a0000)]
  0x0000000024ef8000 JavaThread "jar transforms Thread 69" [_thread_blocked, id=10104, stack(0x0000000029ea0000,0x0000000029fa0000)]
  0x0000000024ef5000 JavaThread "jar transforms Thread 68" [_thread_blocked, id=1208, stack(0x0000000029da0000,0x0000000029ea0000)]
  0x0000000024ef4000 JavaThread "jar transforms Thread 67" [_thread_blocked, id=5804, stack(0x0000000029ca0000,0x0000000029da0000)]
  0x0000000024ef3800 JavaThread "jar transforms Thread 66" [_thread_blocked, id=816, stack(0x0000000029ba0000,0x0000000029ca0000)]
  0x0000000024ef2000 JavaThread "jar transforms Thread 65" [_thread_blocked, id=1592, stack(0x0000000029aa0000,0x0000000029ba0000)]
  0x0000000024ef0800 JavaThread "jar transforms Thread 64" [_thread_blocked, id=9572, stack(0x00000000299a0000,0x0000000029aa0000)]
  0x0000000024ef2800 JavaThread "jar transforms Thread 63" [_thread_blocked, id=12656, stack(0x00000000298a0000,0x00000000299a0000)]
  0x0000000024ef7800 JavaThread "jar transforms Thread 62" [_thread_blocked, id=11584, stack(0x00000000297a0000,0x00000000298a0000)]
  0x0000000024ef6800 JavaThread "jar transforms Thread 61" [_thread_blocked, id=5664, stack(0x00000000296a0000,0x00000000297a0000)]
  0x0000000024ee9000 JavaThread "jar transforms Thread 60" [_thread_blocked, id=11080, stack(0x00000000295a0000,0x00000000296a0000)]
  0x0000000024ee9800 JavaThread "jar transforms Thread 59" [_thread_blocked, id=644, stack(0x00000000294a0000,0x00000000295a0000)]
  0x0000000024eec000 JavaThread "jar transforms Thread 58" [_thread_blocked, id=292, stack(0x00000000293a0000,0x00000000294a0000)]
  0x0000000024eef000 JavaThread "jar transforms Thread 57" [_thread_blocked, id=4488, stack(0x00000000292a0000,0x00000000293a0000)]
  0x0000000024eea800 JavaThread "jar transforms Thread 56" [_thread_blocked, id=8860, stack(0x00000000291a0000,0x00000000292a0000)]
  0x0000000024eed800 JavaThread "jar transforms Thread 55" [_thread_blocked, id=572, stack(0x00000000290a0000,0x00000000291a0000)]
  0x0000000024eee000 JavaThread "jar transforms Thread 54" [_thread_blocked, id=10552, stack(0x0000000028fa0000,0x00000000290a0000)]
  0x0000000024eef800 JavaThread "jar transforms Thread 53" [_thread_blocked, id=4340, stack(0x0000000028ea0000,0x0000000028fa0000)]
  0x0000000024eeb000 JavaThread "jar transforms Thread 52" [_thread_blocked, id=1240, stack(0x0000000028da0000,0x0000000028ea0000)]
  0x0000000024eec800 JavaThread "jar transforms Thread 51" [_thread_blocked, id=4184, stack(0x0000000028ca0000,0x0000000028da0000)]
  0x00000000219ba800 JavaThread "jar transforms Thread 50" [_thread_blocked, id=10984, stack(0x0000000028ba0000,0x0000000028ca0000)]
  0x00000000219b8000 JavaThread "jar transforms Thread 49" [_thread_blocked, id=6640, stack(0x0000000028aa0000,0x0000000028ba0000)]
  0x00000000219bb000 JavaThread "jar transforms Thread 48" [_thread_blocked, id=5152, stack(0x00000000289a0000,0x0000000028aa0000)]
  0x00000000219b7800 JavaThread "jar transforms Thread 47" [_thread_blocked, id=8396, stack(0x00000000288a0000,0x00000000289a0000)]
  0x00000000219bc000 JavaThread "jar transforms Thread 46" [_thread_blocked, id=9112, stack(0x00000000287a0000,0x00000000288a0000)]
  0x00000000219b9800 JavaThread "jar transforms Thread 45" [_thread_blocked, id=9344, stack(0x00000000286a0000,0x00000000287a0000)]
  0x00000000219bc800 JavaThread "jar transforms Thread 44" [_thread_blocked, id=512, stack(0x00000000285a0000,0x00000000286a0000)]
  0x00000000219bd800 JavaThread "jar transforms Thread 43" [_thread_blocked, id=7524, stack(0x00000000284a0000,0x00000000285a0000)]
  0x00000000219b9000 JavaThread "jar transforms Thread 42" [_thread_blocked, id=13236, stack(0x00000000283a0000,0x00000000284a0000)]
  0x00000000219b0000 JavaThread "jar transforms Thread 41" [_thread_blocked, id=13188, stack(0x00000000282a0000,0x00000000283a0000)]
  0x00000000219b6800 JavaThread "jar transforms Thread 40" [_thread_blocked, id=9584, stack(0x00000000281a0000,0x00000000282a0000)]
  0x00000000219b3000 JavaThread "jar transforms Thread 39" [_thread_blocked, id=11056, stack(0x00000000280a0000,0x00000000281a0000)]
  0x00000000219af000 JavaThread "jar transforms Thread 38" [_thread_blocked, id=9528, stack(0x0000000027fa0000,0x00000000280a0000)]
  0x00000000219b6000 JavaThread "jar transforms Thread 37" [_thread_blocked, id=9812, stack(0x0000000027ea0000,0x0000000027fa0000)]
  0x00000000219b2000 JavaThread "jar transforms Thread 36" [_thread_blocked, id=6016, stack(0x0000000027da0000,0x0000000027ea0000)]
  0x00000000219b4800 JavaThread "jar transforms Thread 35" [_thread_blocked, id=7556, stack(0x0000000027ca0000,0x0000000027da0000)]
  0x00000000219b3800 JavaThread "jar transforms Thread 34" [_thread_blocked, id=11928, stack(0x0000000027ba0000,0x0000000027ca0000)]
  0x00000000219b1800 JavaThread "jar transforms Thread 33" [_thread_blocked, id=12552, stack(0x0000000027aa0000,0x0000000027ba0000)]
  0x00000000219b5000 JavaThread "jar transforms Thread 32" [_thread_blocked, id=11480, stack(0x00000000279a0000,0x0000000027aa0000)]
  0x00000000219b0800 JavaThread "jar transforms Thread 31" [_thread_blocked, id=2648, stack(0x00000000278a0000,0x00000000279a0000)]
  0x00000000219ae800 JavaThread "jar transforms Thread 30" [_thread_blocked, id=10220, stack(0x00000000277a0000,0x00000000278a0000)]
  0x000000001eacf800 JavaThread "jar transforms Thread 29" [_thread_blocked, id=4120, stack(0x00000000276a0000,0x00000000277a0000)]
  0x000000001eace800 JavaThread "jar transforms Thread 28" [_thread_blocked, id=1500, stack(0x00000000275a0000,0x00000000276a0000)]
  0x000000001eace000 JavaThread "jar transforms Thread 27" [_thread_blocked, id=7320, stack(0x00000000274a0000,0x00000000275a0000)]
  0x000000001eacd000 JavaThread "jar transforms Thread 26" [_thread_blocked, id=8080, stack(0x00000000273a0000,0x00000000274a0000)]
  0x000000001c3aa000 JavaThread "Cache worker for file content cache (C:\Users\USER\.gradle\caches\6.5\fileContent)" [_thread_blocked, id=12820, stack(0x0000000024160000,0x0000000024260000)]
  0x000000001c3aa800 JavaThread "Cache worker for execution history cache (C:\Users\USER\.gradle\caches\6.5\executionHistory)" [_thread_blocked, id=10628, stack(0x0000000023c60000,0x0000000023d60000)]
  0x000000001bb18800 JavaThread "jar transforms Thread 25" [_thread_blocked, id=10364, stack(0x0000000023760000,0x0000000023860000)]
  0x000000001bb1d000 JavaThread "jar transforms Thread 24" [_thread_blocked, id=7548, stack(0x0000000023660000,0x0000000023760000)]
  0x000000001bb1c800 JavaThread "jar transforms Thread 23" [_thread_blocked, id=3980, stack(0x0000000023560000,0x0000000023660000)]
  0x000000001bb1a000 JavaThread "jar transforms Thread 22" [_thread_blocked, id=6492, stack(0x0000000023460000,0x0000000023560000)]
  0x000000001bb1b800 JavaThread "jar transforms Thread 21" [_thread_blocked, id=12124, stack(0x0000000023360000,0x0000000023460000)]
  0x000000001bb1a800 JavaThread "jar transforms Thread 20" [_thread_blocked, id=4288, stack(0x0000000023260000,0x0000000023360000)]
  0x000000001bb17800 JavaThread "jar transforms Thread 19" [_thread_blocked, id=6408, stack(0x0000000023160000,0x0000000023260000)]
  0x000000001bb10000 JavaThread "jar transforms Thread 18" [_thread_blocked, id=8352, stack(0x0000000023060000,0x0000000023160000)]
  0x000000001bb14000 JavaThread "jar transforms Thread 17" [_thread_blocked, id=3712, stack(0x0000000022f60000,0x0000000023060000)]
  0x000000001bb13000 JavaThread "jar transforms Thread 16" [_thread_blocked, id=5080, stack(0x0000000022e60000,0x0000000022f60000)]
  0x000000001bb17000 JavaThread "jar transforms Thread 15" [_thread_blocked, id=5032, stack(0x0000000022d60000,0x0000000022e60000)]
  0x000000001bb16000 JavaThread "jar transforms Thread 14" [_thread_blocked, id=10164, stack(0x0000000022b60000,0x0000000022c60000)]
  0x000000001bb11000 JavaThread "jar transforms Thread 13" [_thread_blocked, id=11384, stack(0x0000000022a60000,0x0000000022b60000)]
  0x000000001bb12800 JavaThread "jar transforms Thread 12" [_thread_blocked, id=9188, stack(0x0000000022960000,0x0000000022a60000)]
  0x000000001bb15800 JavaThread "jar transforms Thread 11" [_thread_blocked, id=1952, stack(0x0000000022860000,0x0000000022960000)]
  0x000000001bb0f800 JavaThread "jar transforms Thread 10" [_thread_blocked, id=9620, stack(0x0000000022760000,0x0000000022860000)]
  0x000000001bb11800 JavaThread "jar transforms Thread 9" [_thread_blocked, id=11200, stack(0x0000000022660000,0x0000000022760000)]
  0x000000001bb14800 JavaThread "jar transforms Thread 8" [_thread_blocked, id=5508, stack(0x0000000022560000,0x0000000022660000)]
  0x000000001a796800 JavaThread "jar transforms Thread 7" [_thread_blocked, id=9012, stack(0x0000000022460000,0x0000000022560000)]
  0x000000001a796000 JavaThread "jar transforms Thread 6" [_thread_blocked, id=4048, stack(0x0000000022360000,0x0000000022460000)]
  0x000000001a793800 JavaThread "jar transforms Thread 5" [_thread_blocked, id=11064, stack(0x0000000022260000,0x0000000022360000)]
  0x000000001a797800 JavaThread "jar transforms Thread 4" [_thread_blocked, id=5848, stack(0x0000000022160000,0x0000000022260000)]
  0x000000001a790800 JavaThread "jar transforms Thread 3" [_thread_blocked, id=11496, stack(0x0000000022060000,0x0000000022160000)]
  0x000000001a795000 JavaThread "jar transforms Thread 2" [_thread_blocked, id=10720, stack(0x0000000021f60000,0x0000000022060000)]
  0x000000001a794800 JavaThread "jar transforms" [_thread_blocked, id=12680, stack(0x0000000020a90000,0x0000000020b90000)]
  0x000000001a792000 JavaThread "Cache worker for file hash cache (C:\Users\USER\.gradle\caches\6.5\fileHashes)" [_thread_blocked, id=4776, stack(0x000000001e410000,0x000000001e510000)]
  0x000000001a791800 JavaThread "File lock request listener" [_thread_in_native, id=4036, stack(0x000000001e310000,0x000000001e410000)]
  0x000000001a4c1800 JavaThread "Cache worker for journal cache (C:\Users\USER\.gradle\caches\journal-1)" [_thread_blocked, id=1016, stack(0x000000001e210000,0x000000001e310000)]
  0x000000001bf89000 JavaThread "Daemon worker" [_thread_blocked, id=6796, stack(0x000000001dc10000,0x000000001dd10000)]
  0x000000001bfa9800 JavaThread "Daemon" [_thread_blocked, id=5000, stack(0x000000001d710000,0x000000001d810000)]
  0x000000001bfbe000 JavaThread "Daemon periodic checks" [_thread_blocked, id=8420, stack(0x000000001d610000,0x000000001d710000)]
  0x000000001bf0a800 JavaThread "Incoming local TCP Connector on port 56065" [_thread_in_native, id=11300, stack(0x000000001d3c0000,0x000000001d4c0000)]
  0x000000001beb6800 JavaThread "Daemon health stats" [_thread_blocked, id=11864, stack(0x000000001cd80000,0x000000001ce80000)]
  0x0000000019590800 JavaThread "Service Thread" daemon [_thread_blocked, id=9208, stack(0x000000001a1e0000,0x000000001a2e0000)]
  0x0000000019509000 JavaThread "C1 CompilerThread3" daemon [_thread_blocked, id=9456, stack(0x000000001a0e0000,0x000000001a1e0000)]
=>0x0000000019504800 JavaThread "C2 CompilerThread2" daemon [_thread_in_native, id=7328, stack(0x0000000019fe0000,0x000000001a0e0000)]
  0x0000000019502800 JavaThread "C2 CompilerThread1" daemon [_thread_in_native, id=10368, stack(0x0000000019ee0000,0x0000000019fe0000)]
  0x00000000194ff800 JavaThread "C2 CompilerThread0" daemon [_thread_in_native, id=9468, stack(0x0000000019de0000,0x0000000019ee0000)]
  0x00000000194ff000 JavaThread "Attach Listener" daemon [_thread_blocked, id=2568, stack(0x0000000019ce0000,0x0000000019de0000)]
  0x00000000194fe000 JavaThread "Signal Dispatcher" daemon [_thread_blocked, id=3512, stack(0x0000000019be0000,0x0000000019ce0000)]
  0x00000000194f1800 JavaThread "Finalizer" daemon [_thread_blocked, id=12824, stack(0x00000000199d0000,0x0000000019ad0000)]
  0x00000000194f0800 JavaThread "Reference Handler" daemon [_thread_blocked, id=1508, stack(0x00000000198d0000,0x00000000199d0000)]
  0x000000000251d800 JavaThread "main" [_thread_blocked, id=10528, stack(0x00000000023f0000,0x00000000024f0000)]

Other Threads:
  0x00000000176e8800 VMThread [stack: 0x00000000193d0000,0x00000000194d0000] [id=10000]
  0x0000000019591800 WatcherThread [stack: 0x000000001a2e0000,0x000000001a3e0000] [id=12420]

VM state:not at safepoint (normal execution)

VM Mutex/Monitor currently owned by a thread: None

heap address: 0x0000000080000000, size: 2048 MB, Compressed Oops mode: 32-bit
Narrow klass base: 0x0000000000000000, Narrow klass shift: 3
Compressed class space size: 1073741824 Address: 0x0000000100000000

Heap:
 PSYoungGen      total 423936K, used 332152K [0x00000000d5580000, 0x00000000f4500000, 0x0000000100000000)
  eden space 395264K, 79% used [0x00000000d5580000,0x00000000e871e500,0x00000000ed780000)
  from space 28672K, 66% used [0x00000000ed780000,0x00000000eea3fe80,0x00000000ef380000)
  to   space 29696K, 0% used [0x00000000f2800000,0x00000000f2800000,0x00000000f4500000)
 ParOldGen       total 137728K, used 55462K [0x0000000080000000, 0x0000000088680000, 0x00000000d5580000)
  object space 137728K, 40% used [0x0000000080000000,0x0000000083629b90,0x0000000088680000)
 Metaspace       used 86486K, capacity 91028K, committed 91352K, reserved 1128448K
  class space    used 11600K, capacity 12495K, committed 12544K, reserved 1048576K

Card table byte_map: [0x0000000011a40000,0x0000000011e50000] byte_map_base: 0x0000000011640000

Marking Bits: (ParMarkBitMap*) 0x0000000052bff030
 Begin Bits: [0x0000000012900000, 0x0000000014900000)
 End Bits:   [0x0000000014900000, 0x0000000016900000)

Polling page: 0x0000000000b90000

CodeCache: size=245760Kb used=32650Kb max_used=32654Kb free=213109Kb
 bounds [0x0000000002680000, 0x0000000004690000, 0x0000000011680000]
 total_blobs=10931 nmethods=10070 adapters=772
 compilation: enabled

Compilation events (10 events):
Event: 57.749 Thread 0x0000000019509000 11700       3       sun.misc.URLClassPath$2::<init> (45 bytes)
Event: 57.749 Thread 0x0000000019509000 nmethod 11700 0x000000000467e4d0 code [0x000000000467e640, 0x000000000467e908]
Event: 57.750 Thread 0x0000000019509000 11701       3       com.android.utils.PositionXmlParser::readAllBytes (47 bytes)
Event: 57.751 Thread 0x0000000019509000 nmethod 11701 0x0000000004682dd0 code [0x0000000004682fc0, 0x0000000004683a68]
Event: 57.751 Thread 0x0000000019509000 11702       3       java.io.BufferedInputStream::close (41 bytes)
Event: 57.752 Thread 0x0000000019509000 nmethod 11702 0x00000000046823d0 code [0x0000000004682580, 0x0000000004682bd8]
Event: 57.754 Thread 0x0000000019509000 11703       3       java.util.EnumMap::put (10 bytes)
Event: 57.754 Thread 0x0000000019509000 nmethod 11703 0x0000000004681f10 code [0x0000000004682080, 0x0000000004682308]
Event: 57.759 Thread 0x0000000019509000 11704       3       com.sun.org.apache.xerces.internal.impl.XMLEntityScanner::skipString (107 bytes)
Event: 57.760 Thread 0x0000000019509000 nmethod 11704 0x00000000046817d0 code [0x0000000004681960, 0x0000000004681d38]

GC Heap History (10 events):
Event: 4.408 GC heap before
{Heap before GC invocations=10 (full 2):
 PSYoungGen      total 259584K, used 244736K [0x00000000d5580000, 0x00000000ebc80000, 0x0000000100000000)
  eden space 244736K, 100% used [0x00000000d5580000,0x00000000e4480000,0x00000000e4480000)
  from space 14848K, 0% used [0x00000000e4480000,0x00000000e4480000,0x00000000e5300000)
  to   space 14848K, 0% used [0x00000000eae00000,0x00000000eae00000,0x00000000ebc80000)
 ParOldGen       total 88576K, used 15652K [0x0000000080000000, 0x0000000085680000, 0x00000000d5580000)
  object space 88576K, 17% used [0x0000000080000000,0x0000000080f49130,0x0000000085680000)
 Metaspace       used 48807K, capacity 51094K, committed 51416K, reserved 1093632K
  class space    used 6616K, capacity 7071K, committed 7168K, reserved 1048576K
Event: 4.423 GC heap after
Heap after GC invocations=10 (full 2):
 PSYoungGen      total 347648K, used 14843K [0x00000000d5580000, 0x00000000ec200000, 0x0000000100000000)
  eden space 332800K, 0% used [0x00000000d5580000,0x00000000d5580000,0x00000000e9a80000)
  from space 14848K, 99% used [0x00000000eae00000,0x00000000ebc7ed38,0x00000000ebc80000)
  to   space 19968K, 0% used [0x00000000e9a80000,0x00000000e9a80000,0x00000000eae00000)
 ParOldGen       total 88576K, used 23352K [0x0000000080000000, 0x0000000085680000, 0x00000000d5580000)
  object space 88576K, 26% used [0x0000000080000000,0x00000000816ce050,0x0000000085680000)
 Metaspace       used 48807K, capacity 51094K, committed 51416K, reserved 1093632K
  class space    used 6616K, capacity 7071K, committed 7168K, reserved 1048576K
}
Event: 5.013 GC heap before
{Heap before GC invocations=11 (full 2):
 PSYoungGen      total 347648K, used 111040K [0x00000000d5580000, 0x00000000ec200000, 0x0000000100000000)
  eden space 332800K, 28% used [0x00000000d5580000,0x00000000db3714c8,0x00000000e9a80000)
  from space 14848K, 99% used [0x00000000eae00000,0x00000000ebc7ed38,0x00000000ebc80000)
  to   space 19968K, 0% used [0x00000000e9a80000,0x00000000e9a80000,0x00000000eae00000)
 ParOldGen       total 88576K, used 23352K [0x0000000080000000, 0x0000000085680000, 0x00000000d5580000)
  object space 88576K, 26% used [0x0000000080000000,0x00000000816ce050,0x0000000085680000)
 Metaspace       used 56297K, capacity 58852K, committed 58968K, reserved 1099776K
  class space    used 7684K, capacity 8253K, committed 8320K, reserved 1048576K
Event: 5.026 GC heap after
Heap after GC invocations=11 (full 2):
 PSYoungGen      total 352768K, used 19958K [0x00000000d5580000, 0x00000000f0f80000, 0x0000000100000000)
  eden space 332800K, 0% used [0x00000000d5580000,0x00000000d5580000,0x00000000e9a80000)
  from space 19968K, 99% used [0x00000000e9a80000,0x00000000eadfd8c8,0x00000000eae00000)
  to   space 24064K, 0% used [0x00000000ef800000,0x00000000ef800000,0x00000000f0f80000)
 ParOldGen       total 88576K, used 25695K [0x0000000080000000, 0x0000000085680000, 0x00000000d5580000)
  object space 88576K, 29% used [0x0000000080000000,0x0000000081917e20,0x0000000085680000)
 Metaspace       used 56297K, capacity 58852K, committed 58968K, reserved 1099776K
  class space    used 7684K, capacity 8253K, committed 8320K, reserved 1048576K
}
Event: 5.026 GC heap before
{Heap before GC invocations=12 (full 3):
 PSYoungGen      total 352768K, used 19958K [0x00000000d5580000, 0x00000000f0f80000, 0x0000000100000000)
  eden space 332800K, 0% used [0x00000000d5580000,0x00000000d5580000,0x00000000e9a80000)
  from space 19968K, 99% used [0x00000000e9a80000,0x00000000eadfd8c8,0x00000000eae00000)
  to   space 24064K, 0% used [0x00000000ef800000,0x00000000ef800000,0x00000000f0f80000)
 ParOldGen       total 88576K, used 25695K [0x0000000080000000, 0x0000000085680000, 0x00000000d5580000)
  object space 88576K, 29% used [0x0000000080000000,0x0000000081917e20,0x0000000085680000)
 Metaspace       used 56297K, capacity 58852K, committed 58968K, reserved 1099776K
  class space    used 7684K, capacity 8253K, committed 8320K, reserved 1048576K
Event: 5.176 GC heap after
Heap after GC invocations=12 (full 3):
 PSYoungGen      total 352768K, used 0K [0x00000000d5580000, 0x00000000f0f80000, 0x0000000100000000)
  eden space 332800K, 0% used [0x00000000d5580000,0x00000000d5580000,0x00000000e9a80000)
  from space 19968K, 0% used [0x00000000e9a80000,0x00000000e9a80000,0x00000000eae00000)
  to   space 24064K, 0% used [0x00000000ef800000,0x00000000ef800000,0x00000000f0f80000)
 ParOldGen       total 137728K, used 35664K [0x0000000080000000, 0x0000000088680000, 0x00000000d5580000)
  object space 137728K, 25% used [0x0000000080000000,0x00000000822d41e0,0x0000000088680000)
 Metaspace       used 56247K, capacity 58684K, committed 58968K, reserved 1099776K
  class space    used 7669K, capacity 8225K, committed 8320K, reserved 1048576K
}
Event: 7.544 GC heap before
{Heap before GC invocations=13 (full 3):
 PSYoungGen      total 352768K, used 332800K [0x00000000d5580000, 0x00000000f0f80000, 0x0000000100000000)
  eden space 332800K, 100% used [0x00000000d5580000,0x00000000e9a80000,0x00000000e9a80000)
  from space 19968K, 0% used [0x00000000e9a80000,0x00000000e9a80000,0x00000000eae00000)
  to   space 24064K, 0% used [0x00000000ef800000,0x00000000ef800000,0x00000000f0f80000)
 ParOldGen       total 137728K, used 35664K [0x0000000080000000, 0x0000000088680000, 0x00000000d5580000)
  object space 137728K, 25% used [0x0000000080000000,0x00000000822d41e0,0x0000000088680000)
 Metaspace       used 71096K, capacity 74930K, committed 75096K, reserved 1114112K
  class space    used 9826K, capacity 10570K, committed 10624K, reserved 1048576K
Event: 7.564 GC heap after
Heap after GC invocations=13 (full 3):
 PSYoungGen      total 411648K, used 24054K [0x00000000d5580000, 0x00000000f0f80000, 0x0000000100000000)
  eden space 387584K, 0% used [0x00000000d5580000,0x00000000d5580000,0x00000000ed000000)
  from space 24064K, 99% used [0x00000000ef800000,0x00000000f0f7daf8,0x00000000f0f80000)
  to   space 28672K, 0% used [0x00000000ed780000,0x00000000ed780000,0x00000000ef380000)
 ParOldGen       total 137728K, used 38621K [0x0000000080000000, 0x0000000088680000, 0x00000000d5580000)
  object space 137728K, 28% used [0x0000000080000000,0x00000000825b76d0,0x0000000088680000)
 Metaspace       used 71096K, capacity 74930K, committed 75096K, reserved 1114112K
  class space    used 9826K, capacity 10570K, committed 10624K, reserved 1048576K
}
Event: 9.826 GC heap before
{Heap before GC invocations=14 (full 3):
 PSYoungGen      total 411648K, used 411638K [0x00000000d5580000, 0x00000000f0f80000, 0x0000000100000000)
  eden space 387584K, 100% used [0x00000000d5580000,0x00000000ed000000,0x00000000ed000000)
  from space 24064K, 99% used [0x00000000ef800000,0x00000000f0f7daf8,0x00000000f0f80000)
  to   space 28672K, 0% used [0x00000000ed780000,0x00000000ed780000,0x00000000ef380000)
 ParOldGen       total 137728K, used 38621K [0x0000000080000000, 0x0000000088680000, 0x00000000d5580000)
  object space 137728K, 28% used [0x0000000080000000,0x00000000825b76d0,0x0000000088680000)
 Metaspace       used 75435K, capacity 79306K, committed 79448K, reserved 1118208K
  class space    used 10334K, capacity 11096K, committed 11136K, reserved 1048576K
Event: 9.854 GC heap after
Heap after GC invocations=14 (full 3):
 PSYoungGen      total 423936K, used 19199K [0x00000000d5580000, 0x00000000f4500000, 0x0000000100000000)
  eden space 395264K, 0% used [0x00000000d5580000,0x00000000d5580000,0x00000000ed780000)
  from space 28672K, 66% used [0x00000000ed780000,0x00000000eea3fe80,0x00000000ef380000)
  to   space 29696K, 0% used [0x00000000f2800000,0x00000000f2800000,0x00000000f4500000)
 ParOldGen       total 137728K, used 55462K [0x0000000080000000, 0x0000000088680000, 0x00000000d5580000)
  object space 137728K, 40% used [0x0000000080000000,0x0000000083629b90,0x0000000088680000)
 Metaspace       used 75435K, capacity 79306K, committed 79448K, reserved 1118208K
  class space    used 10334K, capacity 11096K, committed 11136K, reserved 1048576K
}

Deoptimization events (10 events):
Event: 57.404 Thread 0x000000001c3a7800 Uncommon trap: reason=unstable_if action=reinterpret pc=0x00000000045ac7b4 method=sun.nio.cs.UTF_8$Decoder.decode([BII[C)I @ 90
Event: 57.674 Thread 0x000000001c3a7800 Uncommon trap: reason=unstable_if action=reinterpret pc=0x0000000004639e28 method=com.sun.org.apache.xerces.internal.impl.XMLEntityScanner.arrangeCapacity(IZ)Z @ 59
Event: 57.676 Thread 0x000000001c3a7800 Uncommon trap: reason=unstable_if action=reinterpret pc=0x00000000045a3478 method=com.sun.org.apache.xerces.internal.impl.XMLEntityScanner.scanLiteral(ILcom/sun/org/apache/xerces/internal/xni/XMLString;Z)I @ 44
Event: 57.689 Thread 0x000000001c3a7800 Uncommon trap: reason=class_check action=maybe_recompile pc=0x0000000004655da0 method=com.sun.org.apache.xerces.internal.dom.NamedNodeMapImpl.findNamePoint(Ljava/lang/String;I)I @ 54
Event: 57.689 Thread 0x000000001c3a7800 Uncommon trap: reason=class_check action=maybe_recompile pc=0x0000000004655da0 method=com.sun.org.apache.xerces.internal.dom.NamedNodeMapImpl.findNamePoint(Ljava/lang/String;I)I @ 54
Event: 57.690 Thread 0x000000001c3a7800 Uncommon trap: reason=class_check action=maybe_recompile pc=0x0000000004655da0 method=com.sun.org.apache.xerces.internal.dom.NamedNodeMapImpl.findNamePoint(Ljava/lang/String;I)I @ 54
Event: 57.690 Thread 0x000000001c3a7800 Uncommon trap: reason=class_check action=maybe_recompile pc=0x0000000004655da0 method=com.sun.org.apache.xerces.internal.dom.NamedNodeMapImpl.findNamePoint(Ljava/lang/String;I)I @ 54
Event: 57.691 Thread 0x000000001c3a7800 Uncommon trap: reason=unstable_if action=reinterpret pc=0x000000000442692c method=com.sun.org.apache.xerces.internal.impl.XMLEntityScanner.scanContent(Lcom/sun/org/apache/xerces/internal/xni/XMLString;)I @ 44
Event: 57.693 Thread 0x000000001c3a7800 Uncommon trap: reason=unstable_if action=reinterpret pc=0x0000000004666f38 method=com.sun.org.apache.xerces.internal.impl.XMLScanner.scanAttributeValue(Lcom/sun/org/apache/xerces/internal/xni/XMLString;Lcom/sun/org/apache/xerces/internal/xni/XMLString;Lja
Event: 57.694 Thread 0x000000001c3a7800 Uncommon trap: reason=unstable_if action=reinterpret pc=0x000000000462e500 method=com.sun.org.apache.xerces.internal.utils.XMLLimitAnalyzer.addValue(ILjava/lang/String;I)V @ 78

Classes redefined (0 events):
No events

Internal exceptions (10 events):
Event: 56.723 Thread 0x000000001f49f800 Exception <a 'java/lang/NoSuchMethodError': <clinit>> (0x00000000df9e3dc0) thrown at [C:\src\AOSP-openjdk-git\hotspot\src\share\vm\prims\jni.cpp, line 1615]
Event: 56.772 Thread 0x000000001f49f800 Exception <a 'java/lang/NoSuchMethodError': <clinit>> (0x00000000e1192d68) thrown at [C:\src\AOSP-openjdk-git\hotspot\src\share\vm\prims\jni.cpp, line 1615]
Event: 56.811 Thread 0x000000001eac9800 Exception <a 'sun/nio/fs/WindowsException'> (0x00000000e12f4168) thrown at [C:\src\AOSP-openjdk-git\hotspot\src\share\vm\prims\jni.cpp, line 710]
Event: 56.811 Thread 0x000000001eac9800 Exception <a 'sun/nio/fs/WindowsException'> (0x00000000e12f5220) thrown at [C:\src\AOSP-openjdk-git\hotspot\src\share\vm\prims\jni.cpp, line 710]
Event: 56.827 Thread 0x000000001eac9800 Exception <a 'java/lang/NoSuchMethodError': <clinit>> (0x00000000e16dd768) thrown at [C:\src\AOSP-openjdk-git\hotspot\src\share\vm\prims\jni.cpp, line 1615]
Event: 56.828 Thread 0x000000001eac9800 Exception <a 'java/lang/NoSuchMethodError': <clinit>> (0x00000000e16ec710) thrown at [C:\src\AOSP-openjdk-git\hotspot\src\share\vm\prims\jni.cpp, line 1615]
Event: 56.828 Thread 0x000000001eac9800 Exception <a 'java/lang/NoSuchMethodError': <clinit>> (0x00000000e16fb9e0) thrown at [C:\src\AOSP-openjdk-git\hotspot\src\share\vm\prims\jni.cpp, line 1615]
Event: 56.869 Thread 0x000000001c3a6000 Exception <a 'sun/nio/fs/WindowsException'> (0x00000000e1829b60) thrown at [C:\src\AOSP-openjdk-git\hotspot\src\share\vm\prims\jni.cpp, line 710]
Event: 56.899 Thread 0x000000001f4ac800 Implicit null exception at 0x0000000003ce7f35 to 0x0000000003ce8e0d
Event: 56.971 Thread 0x000000001f4ac000 Implicit null exception at 0x000000000412e763 to 0x000000000412ebd9

Events (10 events):
Event: 57.698 Thread 0x000000001c3a7800 DEOPT PACKING pc=0x0000000004665910 sp=0x000000002fadaaa0
Event: 57.698 Thread 0x000000001c3a7800 DEOPT UNPACKING pc=0x00000000026c75d0 sp=0x000000002fada7e0 mode 0
Event: 57.702 Thread 0x000000001c3a7800 DEOPT PACKING pc=0x0000000004665910 sp=0x000000002fadaaa0
Event: 57.702 Thread 0x000000001c3a7800 DEOPT UNPACKING pc=0x00000000026c75d0 sp=0x000000002fada7e0 mode 0
Event: 57.704 Thread 0x000000001c3a7800 DEOPT PACKING pc=0x0000000004665910 sp=0x000000002fadaaa0
Event: 57.704 Thread 0x000000001c3a7800 DEOPT UNPACKING pc=0x00000000026c75d0 sp=0x000000002fada7e0 mode 0
Event: 57.706 Thread 0x000000001c3a7800 DEOPT PACKING pc=0x0000000004665910 sp=0x000000002fadaaa0
Event: 57.706 Thread 0x000000001c3a7800 DEOPT UNPACKING pc=0x00000000026c75d0 sp=0x000000002fada7e0 mode 0
Event: 57.708 Thread 0x000000001c3a7800 DEOPT PACKING pc=0x0000000004665910 sp=0x000000002fadaaa0
Event: 57.708 Thread 0x000000001c3a7800 DEOPT UNPACKING pc=0x00000000026c75d0 sp=0x000000002fada7e0 mode 0


Dynamic libraries:
0x00007ff720110000 - 0x00007ff720141000 	C:\Program Files\Android\Android Studio\jre\bin\java.exe
0x00007ffbb66b0000 - 0x00007ffbb68a5000 	C:\WINDOWS\SYSTEM32\ntdll.dll
0x00007ffbb4770000 - 0x00007ffbb482d000 	C:\WINDOWS\System32\KERNEL32.DLL
0x00007ffbb4160000 - 0x00007ffbb4428000 	C:\WINDOWS\System32\KERNELBASE.dll
0x00007ffbb4ab0000 - 0x00007ffbb4b5c000 	C:\WINDOWS\System32\ADVAPI32.dll
0x00007ffbb5380000 - 0x00007ffbb541e000 	C:\WINDOWS\System32\msvcrt.dll
0x00007ffbb49f0000 - 0x00007ffbb4a8b000 	C:\WINDOWS\System32\sechost.dll
0x00007ffbb5e40000 - 0x00007ffbb5f6b000 	C:\WINDOWS\System32\RPCRT4.dll
0x00007ffbb5820000 - 0x00007ffbb59c0000 	C:\WINDOWS\System32\USER32.dll
0x00007ffbb46e0000 - 0x00007ffbb4702000 	C:\WINDOWS\System32\win32u.dll
0x00007ffbb5f70000 - 0x00007ffbb5f9a000 	C:\WINDOWS\System32\GDI32.dll
0x00007ffbb3ea0000 - 0x00007ffbb3fab000 	C:\WINDOWS\System32\gdi32full.dll
0x00007ffbb4640000 - 0x00007ffbb46dd000 	C:\WINDOWS\System32\msvcp_win.dll
0x00007ffbb4060000 - 0x00007ffbb4160000 	C:\WINDOWS\System32\ucrtbase.dll
0x00007ffb9ef10000 - 0x00007ffb9f1aa000 	C:\WINDOWS\WinSxS\amd64_microsoft.windows.common-controls_6595b64144ccf1df_6.0.19041.844_none_ca00b6081b84eb1d\COMCTL32.dll
0x00007ffbb5420000 - 0x00007ffbb5450000 	C:\WINDOWS\System32\IMM32.DLL
0x0000000052270000 - 0x0000000052342000 	C:\Program Files\Android\Android Studio\jre\jre\bin\msvcr100.dll
0x0000000052430000 - 0x0000000052c7b000 	C:\Program Files\Android\Android Studio\jre\jre\bin\server\jvm.dll
0x00007ffbb4bc0000 - 0x00007ffbb4bc8000 	C:\WINDOWS\System32\PSAPI.DLL
0x00007ffbb1370000 - 0x00007ffbb1379000 	C:\WINDOWS\SYSTEM32\WSOCK32.dll
0x00007ffbad5a0000 - 0x00007ffbad5aa000 	C:\WINDOWS\SYSTEM32\VERSION.dll
0x00007ffbb57b0000 - 0x00007ffbb581b000 	C:\WINDOWS\System32\WS2_32.dll
0x00007ffb9f300000 - 0x00007ffb9f327000 	C:\WINDOWS\SYSTEM32\WINMM.dll
0x00007ffbb1340000 - 0x00007ffbb134f000 	C:\Program Files\Android\Android Studio\jre\jre\bin\verify.dll
0x00007ffbae300000 - 0x00007ffbae329000 	C:\Program Files\Android\Android Studio\jre\jre\bin\java.dll
0x00007ffbae220000 - 0x00007ffbae236000 	C:\Program Files\Android\Android Studio\jre\jre\bin\zip.dll
0x00007ffbb4c30000 - 0x00007ffbb5372000 	C:\WINDOWS\System32\SHELL32.dll
0x00007ffbb1ef0000 - 0x00007ffbb2680000 	C:\WINDOWS\SYSTEM32\windows.storage.dll
0x00007ffbb5450000 - 0x00007ffbb57a5000 	C:\WINDOWS\System32\combase.dll
0x00007ffbb37f0000 - 0x00007ffbb381c000 	C:\WINDOWS\SYSTEM32\Wldp.dll
0x00007ffbb5d30000 - 0x00007ffbb5dde000 	C:\WINDOWS\System32\SHCORE.dll
0x00007ffbb4710000 - 0x00007ffbb4765000 	C:\WINDOWS\System32\shlwapi.dll
0x00007ffbb3d30000 - 0x00007ffbb3d4f000 	C:\WINDOWS\SYSTEM32\profapi.dll
0x00007ffbac720000 - 0x00007ffbac73a000 	C:\Program Files\Android\Android Studio\jre\jre\bin\net.dll
0x00007ffbb3500000 - 0x00007ffbb356a000 	C:\WINDOWS\system32\mswsock.dll
0x00007ffbac700000 - 0x00007ffbac713000 	C:\Program Files\Android\Android Studio\jre\jre\bin\nio.dll
0x00007ffba5750000 - 0x00007ffba5777000 	C:\Users\USER\.gradle\native\f6784746aeab05261644944871eae4fe03e0ef1612fff0a4a95f87b438bc6780\windows-amd64\native-platform.dll
0x00007ffbae2b0000 - 0x00007ffbae2bd000 	C:\Program Files\Android\Android Studio\jre\jre\bin\management.dll
0x00007ffbb3740000 - 0x00007ffbb3758000 	C:\WINDOWS\SYSTEM32\CRYPTSP.dll
0x00007ffbb2ea0000 - 0x00007ffbb2ed4000 	C:\WINDOWS\system32\rsaenh.dll
0x00007ffbb4590000 - 0x00007ffbb45b7000 	C:\WINDOWS\System32\bcrypt.dll
0x00007ffbb3cb0000 - 0x00007ffbb3cde000 	C:\WINDOWS\SYSTEM32\USERENV.dll
0x00007ffbb45c0000 - 0x00007ffbb4640000 	C:\WINDOWS\System32\bcryptprimitives.dll
0x00007ffbb3730000 - 0x00007ffbb373c000 	C:\WINDOWS\SYSTEM32\CRYPTBASE.dll
0x00007ffbb31f0000 - 0x00007ffbb322b000 	C:\WINDOWS\SYSTEM32\IPHLPAPI.DLL
0x00007ffbb4aa0000 - 0x00007ffbb4aa8000 	C:\WINDOWS\System32\NSI.dll
0x00007ffbaca70000 - 0x00007ffbaca87000 	C:\WINDOWS\SYSTEM32\dhcpcsvc6.DLL
0x00007ffbad380000 - 0x00007ffbad39d000 	C:\WINDOWS\SYSTEM32\dhcpcsvc.DLL
0x00007ffbb3230000 - 0x00007ffbb32fc000 	C:\WINDOWS\SYSTEM32\DNSAPI.dll
0x00007ffbaf530000 - 0x00007ffbaf53b000 	C:\WINDOWS\SYSTEM32\WINNSI.DLL
0x00007ffbb2b70000 - 0x00007ffbb2ba3000 	C:\WINDOWS\SYSTEM32\ntmarta.dll
0x00007ffba60a0000 - 0x00007ffba60c4000 	C:\Program Files\Android\Android Studio\jre\jre\bin\sunec.dll
0x00007ffbaca60000 - 0x00007ffbaca6a000 	C:\Windows\System32\rasadhlp.dll
0x00007ffbab420000 - 0x00007ffbab49f000 	C:\WINDOWS\System32\fwpuclnt.dll
0x00007ffbae050000 - 0x00007ffbae05b000 	C:\Program Files\Android\Android Studio\jre\jre\bin\sunmscapi.dll
0x00007ffbb4430000 - 0x00007ffbb458f000 	C:\WINDOWS\System32\CRYPT32.dll

VM Arguments:
jvm_args: -Xmx2048m -Dfile.encoding=UTF-8 -Duser.country=RU -Duser.language=ru -Duser.variant 
java_command: org.gradle.launcher.daemon.bootstrap.GradleDaemon 6.5
java_class_path (initial): C:\Users\USER\.gradle\wrapper\dists\gradle-6.5-bin\6nifqtx7604sqp1q6g8wikw7p\gradle-6.5\lib\gradle-launcher-6.5.jar
Launcher Type: SUN_STANDARD

Environment Variables:
PATH=C:\Program Files (x86)\Intel\Intel(R) Management Engine Components\iCLS\;C:\Program Files\Intel\Intel(R) Management Engine Components\iCLS\;C:\WINDOWS\system32;C:\WINDOWS;C:\WINDOWS\System32\Wbem;C:\WINDOWS\System32\WindowsPowerShell\v1.0\;C:\WINDOWS\System32\OpenSSH\;C:\Program Files (x86)\Intel\Intel(R) Management Engine Components\DAL;C:\Program Files\Intel\Intel(R) Management Engine Components\DAL;C:\Program Files\Git\cmd;C:\Users\USER\AppData\Local\Microsoft\WindowsApps;
USERNAME=USER
OS=Windows_NT
PROCESSOR_IDENTIFIER=Intel64 Family 6 Model 142 Stepping 12, GenuineIntel



---------------  S Y S T E M  ---------------

OS: Windows 10.0 , 64 bit Build 19041 (10.0.19041.928)

CPU:total 8 (initial active 8) (4 cores per cpu, 2 threads per core) family 6 model 142 stepping 12, cmov, cx8, fxsr, mmx, sse, sse2, sse3, ssse3, sse4.1, sse4.2, popcnt, avx, avx2, aes, clmul, erms, 3dnowpref, lzcnt, ht, tsc, tscinvbit, bmi1, bmi2, adx

Memory: 4k page, physical 7975408k(1866332k free), swap 7975408k(6388k free)

vm_info: OpenJDK 64-Bit Server VM (25.242-b01) for windows-amd64 JRE (1.8.0_242-release-1644-b01), built by "builder" with MS VC++ 10.0 (VS2010)

time: Thu Jun 10 11:34:10 2021
timezone: 
elapsed time: 57 seconds (0d 0h 0m 57s)

