#
# There is insufficient memory for the Java Runtime Environment to continue.
# Native memory allocation (malloc) failed to allocate 1573456 bytes for Chunk::new
# Possible reasons:
#   The system is out of physical RAM or swap space
#   The process is running with CompressedOops enabled, and the Java Heap may be blocking the growth of the native heap
# Possible solutions:
#   Reduce memory load on the system
#   Increase physical memory or swap space
#   Check if swap backing store is full
#   Decrease Java heap size (-Xmx/-Xms)
#   Decrease number of Java threads
#   Decrease Java thread stack sizes (-Xss)
#   Set larger code cache with -XX:ReservedCodeCacheSize=
#   JVM is running with Unscaled Compressed Oops mode in which the Java heap is
#     placed in the first 4GB address space. The Java Heap base address is the
#     maximum limit for the native heap growth. Please use -XX:HeapBaseMinAddress
#     to set the Java Heap base and to place the Java Heap above 4GB virtual address.
# This output file may be truncated or incomplete.
#
#  Out of Memory Error (allocation.cpp:389), pid=9192, tid=0x0000000000002a48
#
# JRE version: OpenJDK Runtime Environment (8.0_242-b01) (build 1.8.0_242-release-1644-b01)
# Java VM: OpenJDK 64-Bit Server VM (25.242-b01 mixed mode windows-amd64 compressed oops)
# Failed to write core dump. Minidumps are not enabled by default on client versions of Windows
#

---------------  T H R E A D  ---------------

Current thread (0x0000000019dcf800):  JavaThread "C2 CompilerThread0" daemon [_thread_in_native, id=10824, stack(0x000000001a6d0000,0x000000001a7d0000)]

Stack: [0x000000001a6d0000,0x000000001a7d0000]
[error occurred during error reporting (printing stack bounds), id 0xc0000005]

Native frames: (J=compiled Java code, j=interpreted, Vv=VM code, C=native code)


Current CompileTask:
C2:   4556 4946       4       sun.reflect.generics.parser.SignatureParser::parsePackageNameAndSimpleClassTypeSignature (139 bytes)


---------------  P R O C E S S  ---------------

Java Threads: ( => current thread )
  0x0000000023f40800 JavaThread "Cache worker for file content cache (C:\Users\USER\AndroidStudioProjects\Protocols\.gradle\6.5\fileContent)" [_thread_blocked, id=5164, stack(0x000000002b4e0000,0x000000002b5e0000)]
  0x0000000022332000 JavaThread "Memory manager" [_thread_blocked, id=11988, stack(0x000000002af80000,0x000000002b080000)]
  0x000000002232a800 JavaThread "Cache worker for Build Output Cleanup Cache (C:\Users\USER\AndroidStudioProjects\Protocols\.gradle\buildOutputCleanup)" [_thread_blocked, id=4164, stack(0x000000002ae80000,0x000000002af80000)]
  0x0000000022331800 JavaThread "jar transforms Thread 92" [_thread_blocked, id=1596, stack(0x000000002ab80000,0x000000002ac80000)]
  0x0000000022330800 JavaThread "jar transforms Thread 91" [_thread_blocked, id=9328, stack(0x000000002aa80000,0x000000002ab80000)]
  0x000000002232f000 JavaThread "jar transforms Thread 90" [_thread_blocked, id=7560, stack(0x000000002a980000,0x000000002aa80000)]
  0x000000002232b800 JavaThread "jar transforms Thread 89" [_thread_blocked, id=2244, stack(0x000000002a880000,0x000000002a980000)]
  0x000000002232e800 JavaThread "jar transforms Thread 88" [_thread_blocked, id=3348, stack(0x000000002a780000,0x000000002a880000)]
  0x000000002232d000 JavaThread "jar transforms Thread 87" [_thread_blocked, id=12868, stack(0x000000002a680000,0x000000002a780000)]
  0x0000000022330000 JavaThread "jar transforms Thread 86" [_thread_blocked, id=7372, stack(0x000000002a580000,0x000000002a680000)]
  0x000000002232d800 JavaThread "jar transforms Thread 85" [_thread_blocked, id=6076, stack(0x000000002a480000,0x000000002a580000)]
  0x000000002232c000 JavaThread "jar transforms Thread 84" [_thread_blocked, id=4024, stack(0x000000002a380000,0x000000002a480000)]
  0x0000000022323000 JavaThread "jar transforms Thread 83" [_thread_blocked, id=6224, stack(0x000000002a280000,0x000000002a380000)]
  0x0000000022329000 JavaThread "jar transforms Thread 82" [_thread_blocked, id=7668, stack(0x000000002a180000,0x000000002a280000)]
  0x0000000022327000 JavaThread "jar transforms Thread 81" [_thread_blocked, id=12164, stack(0x000000002a080000,0x000000002a180000)]
  0x0000000022325800 JavaThread "jar transforms Thread 80" [_thread_blocked, id=10408, stack(0x0000000029f80000,0x000000002a080000)]
  0x0000000022324000 JavaThread "jar transforms Thread 79" [_thread_blocked, id=6132, stack(0x0000000029e80000,0x0000000029f80000)]
  0x0000000022328800 JavaThread "jar transforms Thread 78" [_thread_blocked, id=5292, stack(0x0000000029d80000,0x0000000029e80000)]
  0x000000002232a000 JavaThread "jar transforms Thread 77" [_thread_blocked, id=1804, stack(0x0000000029c80000,0x0000000029d80000)]
  0x0000000022324800 JavaThread "jar transforms Thread 76" [_thread_blocked, id=6236, stack(0x0000000029b80000,0x0000000029c80000)]
  0x0000000022327800 JavaThread "jar transforms Thread 75" [_thread_blocked, id=10108, stack(0x0000000029a80000,0x0000000029b80000)]
  0x0000000022326000 JavaThread "jar transforms Thread 74" [_thread_blocked, id=380, stack(0x0000000029980000,0x0000000029a80000)]
  0x00000000224f3800 JavaThread "jar transforms Thread 73" [_thread_blocked, id=7444, stack(0x0000000029880000,0x0000000029980000)]
  0x00000000224f6800 JavaThread "jar transforms Thread 72" [_thread_blocked, id=8396, stack(0x0000000029780000,0x0000000029880000)]
  0x00000000224f7000 JavaThread "jar transforms Thread 71" [_thread_blocked, id=4916, stack(0x0000000029680000,0x0000000029780000)]
  0x00000000224f5000 JavaThread "jar transforms Thread 70" [_thread_blocked, id=8112, stack(0x0000000029580000,0x0000000029680000)]
  0x00000000224f4000 JavaThread "jar transforms Thread 69" [_thread_blocked, id=10136, stack(0x0000000029480000,0x0000000029580000)]
  0x00000000224f2000 JavaThread "jar transforms Thread 68" [_thread_blocked, id=9784, stack(0x0000000029380000,0x0000000029480000)]
  0x00000000224f5800 JavaThread "jar transforms Thread 67" [_thread_blocked, id=10160, stack(0x0000000029280000,0x0000000029380000)]
  0x00000000224f2800 JavaThread "jar transforms Thread 66" [_thread_blocked, id=11848, stack(0x0000000029180000,0x0000000029280000)]
  0x00000000224ea800 JavaThread "jar transforms Thread 65" [_thread_blocked, id=6356, stack(0x0000000029080000,0x0000000029180000)]
  0x00000000224f1000 JavaThread "jar transforms Thread 64" [_thread_blocked, id=11672, stack(0x0000000028f80000,0x0000000029080000)]
  0x00000000224ee000 JavaThread "jar transforms Thread 63" [_thread_blocked, id=6816, stack(0x0000000028e80000,0x0000000028f80000)]
  0x00000000224e9800 JavaThread "jar transforms Thread 62" [_thread_blocked, id=2108, stack(0x0000000028d80000,0x0000000028e80000)]
  0x00000000224ed800 JavaThread "jar transforms Thread 61" [_thread_blocked, id=10924, stack(0x0000000028c80000,0x0000000028d80000)]
  0x00000000224f0800 JavaThread "jar transforms Thread 60" [_thread_blocked, id=13040, stack(0x0000000028b80000,0x0000000028c80000)]
  0x00000000224ef800 JavaThread "jar transforms Thread 59" [_thread_blocked, id=7260, stack(0x0000000028a80000,0x0000000028b80000)]
  0x00000000224ef000 JavaThread "jar transforms Thread 58" [_thread_blocked, id=12812, stack(0x0000000028980000,0x0000000028a80000)]
  0x00000000224e8000 JavaThread "jar transforms Thread 57" [_thread_blocked, id=1056, stack(0x0000000028880000,0x0000000028980000)]
  0x00000000224eb000 JavaThread "jar transforms Thread 56" [_thread_blocked, id=11520, stack(0x0000000028780000,0x0000000028880000)]
  0x00000000224e9000 JavaThread "jar transforms Thread 55" [_thread_blocked, id=11392, stack(0x0000000028680000,0x0000000028780000)]
  0x00000000224ec800 JavaThread "jar transforms Thread 54" [_thread_blocked, id=9556, stack(0x0000000028580000,0x0000000028680000)]
  0x00000000224ec000 JavaThread "jar transforms Thread 53" [_thread_blocked, id=5856, stack(0x0000000028480000,0x0000000028580000)]
  0x00000000206a4800 JavaThread "jar transforms Thread 52" [_thread_blocked, id=5676, stack(0x0000000028380000,0x0000000028480000)]
  0x000000002069d000 JavaThread "jar transforms Thread 51" [_thread_blocked, id=13104, stack(0x0000000028280000,0x0000000028380000)]
  0x00000000206a3800 JavaThread "jar transforms Thread 50" [_thread_blocked, id=12404, stack(0x0000000028180000,0x0000000028280000)]
  0x00000000206a1800 JavaThread "jar transforms Thread 49" [_thread_blocked, id=596, stack(0x0000000028080000,0x0000000028180000)]
  0x00000000206a0800 JavaThread "jar transforms Thread 48" [_thread_blocked, id=4064, stack(0x0000000027f80000,0x0000000028080000)]
  0x00000000206a3000 JavaThread "jar transforms Thread 47" [_thread_blocked, id=5620, stack(0x0000000027e80000,0x0000000027f80000)]
  0x00000000206a2000 JavaThread "jar transforms Thread 46" [_thread_blocked, id=12088, stack(0x0000000027d80000,0x0000000027e80000)]
  0x000000002069f000 JavaThread "jar transforms Thread 45" [_thread_blocked, id=13200, stack(0x0000000027c80000,0x0000000027d80000)]
  0x000000002069e800 JavaThread "jar transforms Thread 44" [_thread_blocked, id=9016, stack(0x0000000027b80000,0x0000000027c80000)]
  0x000000002069d800 JavaThread "jar transforms Thread 43" [_thread_blocked, id=12304, stack(0x0000000027a80000,0x0000000027b80000)]
  0x00000000206a0000 JavaThread "jar transforms Thread 42" [_thread_blocked, id=9628, stack(0x0000000027980000,0x0000000027a80000)]
  0x0000000020695800 JavaThread "jar transforms Thread 41" [_thread_blocked, id=12956, stack(0x0000000027880000,0x0000000027980000)]
  0x0000000020697000 JavaThread "jar transforms Thread 40" [_thread_blocked, id=8336, stack(0x0000000027780000,0x0000000027880000)]
  0x0000000020696000 JavaThread "jar transforms Thread 39" [_thread_blocked, id=5812, stack(0x0000000027680000,0x0000000027780000)]
  0x0000000020699000 JavaThread "jar transforms Thread 38" [_thread_blocked, id=9572, stack(0x0000000027580000,0x0000000027680000)]
  0x000000002069c000 JavaThread "jar transforms Thread 37" [_thread_blocked, id=4652, stack(0x0000000027480000,0x0000000027580000)]
  0x000000002069b800 JavaThread "jar transforms Thread 36" [_thread_blocked, id=9660, stack(0x0000000027380000,0x0000000027480000)]
  0x000000002069a800 JavaThread "jar transforms Thread 35" [_thread_blocked, id=7740, stack(0x0000000027280000,0x0000000027380000)]
  0x000000002069a000 JavaThread "jar transforms Thread 34" [_thread_blocked, id=5196, stack(0x0000000027180000,0x0000000027280000)]
  0x0000000020698800 JavaThread "jar transforms Thread 33" [_thread_blocked, id=1740, stack(0x0000000027080000,0x0000000027180000)]
  0x0000000020697800 JavaThread "jar transforms Thread 32" [_thread_blocked, id=12212, stack(0x0000000026f80000,0x0000000027080000)]
  0x0000000020690800 JavaThread "jar transforms Thread 31" [_thread_blocked, id=11592, stack(0x0000000026e80000,0x0000000026f80000)]
  0x000000002068f800 JavaThread "jar transforms Thread 30" [_thread_blocked, id=10740, stack(0x0000000026bd0000,0x0000000026cd0000)]
  0x000000002068f000 JavaThread "jar transforms Thread 29" [_thread_blocked, id=10512, stack(0x0000000026d80000,0x0000000026e80000)]
  0x0000000020692000 JavaThread "jar transforms Thread 28" [_thread_blocked, id=12820, stack(0x0000000026ad0000,0x0000000026bd0000)]
  0x000000002068e000 JavaThread "jar transforms Thread 27" [_thread_blocked, id=6432, stack(0x00000000269d0000,0x0000000026ad0000)]
  0x000000002068c000 JavaThread "jar transforms Thread 26" [_thread_blocked, id=9772, stack(0x00000000268d0000,0x00000000269d0000)]
  0x000000002068c800 JavaThread "jar transforms Thread 25" [_thread_blocked, id=6300, stack(0x00000000267d0000,0x00000000268d0000)]
  0x000000002068d800 JavaThread "jar transforms Thread 24" [_thread_blocked, id=4208, stack(0x00000000266d0000,0x00000000267d0000)]
  0x0000000020691800 JavaThread "jar transforms Thread 23" [_thread_blocked, id=9208, stack(0x00000000265d0000,0x00000000266d0000)]
  0x0000000020684800 JavaThread "jar transforms Thread 22" [_thread_blocked, id=6288, stack(0x00000000264d0000,0x00000000265d0000)]
  0x0000000020686800 JavaThread "jar transforms Thread 21" [_thread_blocked, id=13172, stack(0x00000000263d0000,0x00000000264d0000)]
  0x000000002068b000 JavaThread "jar transforms Thread 20" [_thread_blocked, id=10728, stack(0x00000000262d0000,0x00000000263d0000)]
  0x000000002068a800 JavaThread "jar transforms Thread 19" [_thread_blocked, id=9476, stack(0x00000000261d0000,0x00000000262d0000)]
  0x0000000020685000 JavaThread "jar transforms Thread 18" [_thread_blocked, id=10388, stack(0x00000000260d0000,0x00000000261d0000)]
  0x0000000020689800 JavaThread "jar transforms Thread 17" [_thread_blocked, id=3840, stack(0x0000000025fd0000,0x00000000260d0000)]
  0x0000000020688000 JavaThread "jar transforms Thread 16" [_thread_blocked, id=11088, stack(0x0000000025ed0000,0x0000000025fd0000)]
  0x0000000020689000 JavaThread "jar transforms Thread 15" [_thread_blocked, id=3252, stack(0x0000000025dd0000,0x0000000025ed0000)]
  0x0000000020683800 JavaThread "jar transforms Thread 14" [_thread_blocked, id=9904, stack(0x0000000025cd0000,0x0000000025dd0000)]
  0x0000000020683000 JavaThread "jar transforms Thread 13" [_thread_blocked, id=12384, stack(0x0000000025bd0000,0x0000000025cd0000)]
  0x0000000020687800 JavaThread "jar transforms Thread 12" [_thread_blocked, id=5924, stack(0x0000000025ad0000,0x0000000025bd0000)]
  0x0000000020686000 JavaThread "jar transforms Thread 11" [_thread_blocked, id=9460, stack(0x00000000259d0000,0x0000000025ad0000)]
  0x00000000206c0000 JavaThread "jar transforms Thread 10" [_thread_blocked, id=5956, stack(0x00000000258d0000,0x00000000259d0000)]
  0x00000000206bf800 JavaThread "jar transforms Thread 9" [_thread_blocked, id=5396, stack(0x00000000257d0000,0x00000000258d0000)]
  0x00000000206c3800 JavaThread "jar transforms Thread 8" [_thread_blocked, id=10088, stack(0x00000000256d0000,0x00000000257d0000)]
  0x00000000206c4000 JavaThread "jar transforms Thread 7" [_thread_blocked, id=9916, stack(0x00000000255d0000,0x00000000256d0000)]
  0x00000000206c5000 JavaThread "jar transforms Thread 6" [_thread_blocked, id=3284, stack(0x00000000254d0000,0x00000000255d0000)]
  0x00000000206c2800 JavaThread "jar transforms Thread 5" [_thread_blocked, id=13072, stack(0x00000000253d0000,0x00000000254d0000)]
  0x00000000206c1000 JavaThread "jar transforms Thread 4" [_thread_blocked, id=4372, stack(0x00000000252d0000,0x00000000253d0000)]
  0x00000000206c1800 JavaThread "jar transforms Thread 3" [_thread_blocked, id=7680, stack(0x00000000251d0000,0x00000000252d0000)]
  0x00000000206be800 JavaThread "jar transforms Thread 2" [_thread_blocked, id=1504, stack(0x00000000250d0000,0x00000000251d0000)]
  0x00000000206be000 JavaThread "Build operations Thread 8" [_thread_blocked, id=7820, stack(0x0000000024ed0000,0x0000000024fd0000)]
  0x00000000206b6800 JavaThread "Build operations Thread 7" [_thread_blocked, id=11532, stack(0x0000000024dd0000,0x0000000024ed0000)]
  0x00000000206bd000 JavaThread "Build operations Thread 6" [_thread_blocked, id=13296, stack(0x0000000024cd0000,0x0000000024dd0000)]
  0x00000000206b9800 JavaThread "Build operations Thread 5" [_thread_blocked, id=10364, stack(0x0000000024bd0000,0x0000000024cd0000)]
  0x00000000206b8000 JavaThread "Build operations Thread 4" [_thread_blocked, id=11580, stack(0x0000000024ad0000,0x0000000024bd0000)]
  0x00000000206bb000 JavaThread "Build operations Thread 3" [_thread_blocked, id=9468, stack(0x00000000249d0000,0x0000000024ad0000)]
  0x00000000206b5800 JavaThread "Build operations Thread 2" [_thread_blocked, id=12752, stack(0x00000000248d0000,0x00000000249d0000)]
  0x00000000206b7000 JavaThread "Build operations" [_thread_blocked, id=10608, stack(0x00000000247d0000,0x00000000248d0000)]
  0x000000001cb4d800 JavaThread "Cache worker for file content cache (C:\Users\USER\.gradle\caches\6.5\fileContent)" [_thread_blocked, id=7672, stack(0x0000000023100000,0x0000000023200000)]
  0x000000001cb4d000 JavaThread "jar transforms" [_thread_blocked, id=11704, stack(0x0000000023000000,0x0000000023100000)]
  0x000000001cb53000 JavaThread "Cache worker for execution history cache (C:\Users\USER\.gradle\caches\6.5\executionHistory)" [_thread_blocked, id=9292, stack(0x0000000021550000,0x0000000021650000)]
  0x000000001cb52000 JavaThread "Cache worker for cache directory md-rule (C:\Users\USER\.gradle\caches\6.5\md-rule)" [_thread_blocked, id=12976, stack(0x00000000210a0000,0x00000000211a0000)]
  0x000000001cb50800 JavaThread "Cache worker for cache directory md-supplier (C:\Users\USER\.gradle\caches\6.5\md-supplier)" [_thread_blocked, id=4032, stack(0x0000000020fa0000,0x00000000210a0000)]
  0x000000001cb50000 JavaThread "Cache worker for checksums cache (C:\Users\USER\AndroidStudioProjects\Protocols\.gradle\checksums)" [_thread_blocked, id=1564, stack(0x0000000022700000,0x0000000022800000)]
  0x000000001cb4f000 JavaThread "Cache worker for file hash cache (C:\Users\USER\AndroidStudioProjects\Protocols\.gradle\6.5\fileHashes)" [_thread_blocked, id=7412, stack(0x0000000021250000,0x0000000021350000)]
  0x000000001cb51800 JavaThread "Cache worker for file hash cache (C:\Users\USER\.gradle\caches\6.5\fileHashes)" [_thread_blocked, id=3244, stack(0x000000001ed00000,0x000000001ee00000)]
  0x000000001cb53800 JavaThread "File lock request listener" [_thread_in_native, id=4904, stack(0x000000001ec00000,0x000000001ed00000)]
  0x000000001c8fd000 JavaThread "Cache worker for journal cache (C:\Users\USER\.gradle\caches\journal-1)" [_thread_blocked, id=1104, stack(0x000000001eb00000,0x000000001ec00000)]
  0x000000001b04c800 JavaThread "Thread-9" [_thread_blocked, id=496, stack(0x000000001e800000,0x000000001e900000)]
  0x000000001b04b800 JavaThread "Stdin handler" [_thread_blocked, id=3512, stack(0x000000001e700000,0x000000001e800000)]
  0x000000001b04b000 JavaThread "Asynchronous log dispatcher for DefaultDaemonConnection: socket connection from /127.0.0.1:57709 to /127.0.0.1:57710" [_thread_blocked, id=9560, stack(0x000000001e600000,0x000000001e700000)]
  0x000000001afe6800 JavaThread "Daemon worker" [_thread_in_vm, id=2580, stack(0x000000001e500000,0x000000001e600000)]
  0x000000001b04e000 JavaThread "Cancel handler" [_thread_blocked, id=8300, stack(0x000000001e400000,0x000000001e500000)]
  0x000000001c067800 JavaThread "Handler for socket connection from /127.0.0.1:57709 to /127.0.0.1:57710" [_thread_in_native, id=8100, stack(0x000000001e300000,0x000000001e400000)]
  0x000000001c068800 JavaThread "Daemon" [_thread_blocked, id=10960, stack(0x000000001e000000,0x000000001e100000)]
  0x000000001c889000 JavaThread "Daemon periodic checks" [_thread_blocked, id=2572, stack(0x000000001df00000,0x000000001e000000)]
  0x000000001c886800 JavaThread "Incoming local TCP Connector on port 57709" [_thread_in_native, id=12884, stack(0x000000001dcb0000,0x000000001ddb0000)]
  0x000000001c7a0800 JavaThread "Daemon health stats" [_thread_blocked, id=5432, stack(0x000000001d670000,0x000000001d770000)]
  0x0000000019e69800 JavaThread "Service Thread" daemon [_thread_blocked, id=8560, stack(0x000000001aad0000,0x000000001abd0000)]
  0x0000000019ddd000 JavaThread "C1 CompilerThread3" daemon [_thread_blocked, id=5068, stack(0x000000001a9d0000,0x000000001aad0000)]
  0x0000000019dd4800 JavaThread "C2 CompilerThread2" daemon [_thread_in_native, id=9576, stack(0x000000001a8d0000,0x000000001a9d0000)]
  0x0000000019dd2800 JavaThread "C2 CompilerThread1" daemon [_thread_in_native, id=6672, stack(0x000000001a7d0000,0x000000001a8d0000)]
=>0x0000000019dcf800 JavaThread "C2 CompilerThread0" daemon [_thread_in_native, id=10824, stack(0x000000001a6d0000,0x000000001a7d0000)]
  0x0000000019dcf000 JavaThread "Attach Listener" daemon [_thread_blocked, id=1776, stack(0x000000001a5d0000,0x000000001a6d0000)]
  0x0000000019dce000 JavaThread "Signal Dispatcher" daemon [_thread_blocked, id=10672, stack(0x000000001a4d0000,0x000000001a5d0000)]
  0x0000000019dc1000 JavaThread "Finalizer" daemon [_thread_blocked, id=9132, stack(0x000000001a2a0000,0x000000001a3a0000)]
  0x0000000019dc0800 JavaThread "Reference Handler" daemon [_thread_blocked, id=7872, stack(0x000000001a1a0000,0x000000001a2a0000)]
  0x0000000002d2d800 JavaThread "main" [_thread_blocked, id=12644, stack(0x0000000002d30000,0x0000000002e30000)]

Other Threads:
  0x0000000017fc8000 VMThread [stack: 0x0000000019ca0000,0x0000000019da0000] [id=2256]
  0x0000000019e6a000 WatcherThread [stack: 0x000000001abd0000,0x000000001acd0000] [id=12620]

VM state:not at safepoint (normal execution)

VM Mutex/Monitor currently owned by a thread:  ([mutex/lock_event])
[0x0000000002d2c180] CodeCache_lock - owner thread: 0x0000000000000000

heap address: 0x0000000080000000, size: 2048 MB, Compressed Oops mode: 32-bit
Narrow klass base: 0x0000000000000000, Narrow klass shift: 3
Compressed class space size: 1073741824 Address: 0x0000000100000000

Heap:
 PSYoungGen      total 209408K, used 148850K [0x00000000d5580000, 0x00000000e6c80000, 0x0000000100000000)
  eden space 195584K, 69% used [0x00000000d5580000,0x00000000dd9601a0,0x00000000e1480000)
  from space 13824K, 99% used [0x00000000e1480000,0x00000000e21fc768,0x00000000e2200000)
  to   space 17408K, 0% used [0x00000000e5b80000,0x00000000e5b80000,0x00000000e6c80000)
 ParOldGen       total 86528K, used 18549K [0x0000000080000000, 0x0000000085480000, 0x00000000d5580000)
  object space 86528K, 21% used [0x0000000080000000,0x000000008121d4e0,0x0000000085480000)
 Metaspace       used 56422K, capacity 58782K, committed 58920K, reserved 1101824K
  class space    used 7733K, capacity 8190K, committed 8240K, reserved 1048576K

Card table byte_map: [0x00000000122f0000,0x0000000012700000] byte_map_base: 0x0000000011ef0000

Marking Bits: (ParMarkBitMap*) 0x0000000052bff030
 Begin Bits: [0x00000000131b0000, 0x00000000151b0000)
 End Bits:   [0x00000000151b0000, 0x00000000171b0000)

Polling page: 0x00000000014e0000

CodeCache: size=245760Kb used=17558Kb max_used=17569Kb free=228201Kb
 bounds [0x0000000002f30000, 0x0000000004070000, 0x0000000011f30000]
 total_blobs=5828 nmethods=5056 adapters=684
 compilation: enabled

Compilation events (10 events):
Event: 4.551 Thread 0x0000000019ddd000 5090       3       java.lang.invoke.BoundMethodHandle$Species_L::<init> (12 bytes)
Event: 4.552 Thread 0x0000000019ddd000 nmethod 5090 0x0000000004058710 code [0x0000000004058880, 0x0000000004058aa8]
Event: 4.553 Thread 0x0000000019ddd000 5091       1       java.io.ObjectStreamClass$FieldReflectorKey::hashCode (5 bytes)
Event: 4.553 Thread 0x0000000019ddd000 nmethod 5091 0x0000000004058b90 code [0x0000000004058ce0, 0x0000000004058df0]
Event: 4.554 Thread 0x0000000019ddd000 5092       3       java.io.ObjectStreamField::setOffset (6 bytes)
Event: 4.554 Thread 0x0000000019ddd000 nmethod 5092 0x0000000004058e50 code [0x0000000004058fa0, 0x00000000040590f0]
Event: 4.554 Thread 0x0000000019ddd000 5094       3       org.gradle.internal.instantiation.generator.AbstractClassGenerator::isRoleType (49 bytes)
Event: 4.555 Thread 0x0000000019ddd000 nmethod 5094 0x0000000004059150 code [0x0000000004059320, 0x0000000004059958]
Event: 4.555 Thread 0x0000000019ddd000 5093       3       org.gradle.internal.instantiation.generator.AbstractClassGenerator::access$1500 (6 bytes)
Event: 4.555 Thread 0x0000000019ddd000 nmethod 5093 0x0000000004059b90 code [0x0000000004059d00, 0x0000000004059e68]

GC Heap History (10 events):
Event: 1.684 GC heap before
{Heap before GC invocations=7 (full 1):
 PSYoungGen      total 135680K, used 6242K [0x00000000d5580000, 0x00000000de580000, 0x0000000100000000)
  eden space 124928K, 0% used [0x00000000d5580000,0x00000000d5580000,0x00000000dcf80000)
  from space 10752K, 58% used [0x00000000ddb00000,0x00000000de118878,0x00000000de580000)
  to   space 11264K, 0% used [0x00000000dcf80000,0x00000000dcf80000,0x00000000dda80000)
 ParOldGen       total 83456K, used 8867K [0x0000000080000000, 0x0000000085180000, 0x00000000d5580000)
  object space 83456K, 10% used [0x0000000080000000,0x00000000808a8da0,0x0000000085180000)
 Metaspace       used 20573K, capacity 21236K, committed 21296K, reserved 1067008K
  class space    used 2877K, capacity 3080K, committed 3120K, reserved 1048576K
Event: 1.712 GC heap after
Heap after GC invocations=7 (full 1):
 PSYoungGen      total 135680K, used 0K [0x00000000d5580000, 0x00000000de580000, 0x0000000100000000)
  eden space 124928K, 0% used [0x00000000d5580000,0x00000000d5580000,0x00000000dcf80000)
  from space 10752K, 0% used [0x00000000ddb00000,0x00000000ddb00000,0x00000000de580000)
  to   space 11264K, 0% used [0x00000000dcf80000,0x00000000dcf80000,0x00000000dda80000)
 ParOldGen       total 56832K, used 7458K [0x0000000080000000, 0x0000000083780000, 0x00000000d5580000)
  object space 56832K, 13% used [0x0000000080000000,0x0000000080748ae8,0x0000000083780000)
 Metaspace       used 20573K, capacity 21236K, committed 21296K, reserved 1067008K
  class space    used 2877K, capacity 3080K, committed 3120K, reserved 1048576K
}
Event: 2.435 GC heap before
{Heap before GC invocations=8 (full 1):
 PSYoungGen      total 135680K, used 124928K [0x00000000d5580000, 0x00000000de580000, 0x0000000100000000)
  eden space 124928K, 100% used [0x00000000d5580000,0x00000000dcf80000,0x00000000dcf80000)
  from space 10752K, 0% used [0x00000000ddb00000,0x00000000ddb00000,0x00000000de580000)
  to   space 11264K, 0% used [0x00000000dcf80000,0x00000000dcf80000,0x00000000dda80000)
 ParOldGen       total 56832K, used 7458K [0x0000000080000000, 0x0000000083780000, 0x00000000d5580000)
  object space 56832K, 13% used [0x0000000080000000,0x0000000080748ae8,0x0000000083780000)
 Metaspace       used 32589K, capacity 33648K, committed 33712K, reserved 1079296K
  class space    used 4454K, capacity 4722K, committed 4784K, reserved 1048576K
Event: 2.444 GC heap after
Heap after GC invocations=8 (full 1):
 PSYoungGen      total 136192K, used 11247K [0x00000000d5580000, 0x00000000e3000000, 0x0000000100000000)
  eden space 124928K, 0% used [0x00000000d5580000,0x00000000d5580000,0x00000000dcf80000)
  from space 11264K, 99% used [0x00000000dcf80000,0x00000000dda7bcc8,0x00000000dda80000)
  to   space 14336K, 0% used [0x00000000e2200000,0x00000000e2200000,0x00000000e3000000)
 ParOldGen       total 56832K, used 9881K [0x0000000080000000, 0x0000000083780000, 0x00000000d5580000)
  object space 56832K, 17% used [0x0000000080000000,0x00000000809a6640,0x0000000083780000)
 Metaspace       used 32589K, capacity 33648K, committed 33712K, reserved 1079296K
  class space    used 4454K, capacity 4722K, committed 4784K, reserved 1048576K
}
Event: 2.614 GC heap before
{Heap before GC invocations=9 (full 1):
 PSYoungGen      total 136192K, used 49330K [0x00000000d5580000, 0x00000000e3000000, 0x0000000100000000)
  eden space 124928K, 30% used [0x00000000d5580000,0x00000000d7ab0ba0,0x00000000dcf80000)
  from space 11264K, 99% used [0x00000000dcf80000,0x00000000dda7bcc8,0x00000000dda80000)
  to   space 14336K, 0% used [0x00000000e2200000,0x00000000e2200000,0x00000000e3000000)
 ParOldGen       total 56832K, used 9881K [0x0000000080000000, 0x0000000083780000, 0x00000000d5580000)
  object space 56832K, 17% used [0x0000000080000000,0x00000000809a6640,0x0000000083780000)
 Metaspace       used 34341K, capacity 35432K, committed 35496K, reserved 1079296K
  class space    used 4738K, capacity 5007K, committed 5040K, reserved 1048576K
Event: 2.620 GC heap after
Heap after GC invocations=9 (full 1):
 PSYoungGen      total 209920K, used 8498K [0x00000000d5580000, 0x00000000e3380000, 0x0000000100000000)
  eden space 195584K, 0% used [0x00000000d5580000,0x00000000d5580000,0x00000000e1480000)
  from space 14336K, 59% used [0x00000000e2200000,0x00000000e2a4c9e0,0x00000000e3000000)
  to   space 13824K, 0% used [0x00000000e1480000,0x00000000e1480000,0x00000000e2200000)
 ParOldGen       total 56832K, used 9889K [0x0000000080000000, 0x0000000083780000, 0x00000000d5580000)
  object space 56832K, 17% used [0x0000000080000000,0x00000000809a8640,0x0000000083780000)
 Metaspace       used 34341K, capacity 35432K, committed 35496K, reserved 1079296K
  class space    used 4738K, capacity 5007K, committed 5040K, reserved 1048576K
}
Event: 2.621 GC heap before
{Heap before GC invocations=10 (full 2):
 PSYoungGen      total 209920K, used 8498K [0x00000000d5580000, 0x00000000e3380000, 0x0000000100000000)
  eden space 195584K, 0% used [0x00000000d5580000,0x00000000d5580000,0x00000000e1480000)
  from space 14336K, 59% used [0x00000000e2200000,0x00000000e2a4c9e0,0x00000000e3000000)
  to   space 13824K, 0% used [0x00000000e1480000,0x00000000e1480000,0x00000000e2200000)
 ParOldGen       total 56832K, used 9889K [0x0000000080000000, 0x0000000083780000, 0x00000000d5580000)
  object space 56832K, 17% used [0x0000000080000000,0x00000000809a8640,0x0000000083780000)
 Metaspace       used 34341K, capacity 35432K, committed 35496K, reserved 1079296K
  class space    used 4738K, capacity 5007K, committed 5040K, reserved 1048576K
Event: 2.650 GC heap after
Heap after GC invocations=10 (full 2):
 PSYoungGen      total 209920K, used 0K [0x00000000d5580000, 0x00000000e3380000, 0x0000000100000000)
  eden space 195584K, 0% used [0x00000000d5580000,0x00000000d5580000,0x00000000e1480000)
  from space 14336K, 0% used [0x00000000e2200000,0x00000000e2200000,0x00000000e3000000)
  to   space 13824K, 0% used [0x00000000e1480000,0x00000000e1480000,0x00000000e2200000)
 ParOldGen       total 86528K, used 14847K [0x0000000080000000, 0x0000000085480000, 0x00000000d5580000)
  object space 86528K, 17% used [0x0000000080000000,0x0000000080e7fe38,0x0000000085480000)
 Metaspace       used 34341K, capacity 35432K, committed 35496K, reserved 1079296K
  class space    used 4738K, capacity 5007K, committed 5040K, reserved 1048576K
}
Event: 3.562 GC heap before
{Heap before GC invocations=11 (full 2):
 PSYoungGen      total 209920K, used 195584K [0x00000000d5580000, 0x00000000e3380000, 0x0000000100000000)
  eden space 195584K, 100% used [0x00000000d5580000,0x00000000e1480000,0x00000000e1480000)
  from space 14336K, 0% used [0x00000000e2200000,0x00000000e2200000,0x00000000e3000000)
  to   space 13824K, 0% used [0x00000000e1480000,0x00000000e1480000,0x00000000e2200000)
 ParOldGen       total 86528K, used 14847K [0x0000000080000000, 0x0000000085480000, 0x00000000d5580000)
  object space 86528K, 17% used [0x0000000080000000,0x0000000080e7fe38,0x0000000085480000)
 Metaspace       used 45368K, capacity 47248K, committed 47528K, reserved 1089536K
  class space    used 6155K, capacity 6500K, committed 6576K, reserved 1048576K
Event: 3.573 GC heap after
Heap after GC invocations=11 (full 2):
 PSYoungGen      total 209408K, used 13809K [0x00000000d5580000, 0x00000000e6c80000, 0x0000000100000000)
  eden space 195584K, 0% used [0x00000000d5580000,0x00000000d5580000,0x00000000e1480000)
  from space 13824K, 99% used [0x00000000e1480000,0x00000000e21fc768,0x00000000e2200000)
  to   space 17408K, 0% used [0x00000000e5b80000,0x00000000e5b80000,0x00000000e6c80000)
 ParOldGen       total 86528K, used 18549K [0x0000000080000000, 0x0000000085480000, 0x00000000d5580000)
  object space 86528K, 21% used [0x0000000080000000,0x000000008121d4e0,0x0000000085480000)
 Metaspace       used 45368K, capacity 47248K, committed 47528K, reserved 1089536K
  class space    used 6155K, capacity 6500K, committed 6576K, reserved 1048576K
}

Deoptimization events (10 events):
Event: 3.993 Thread 0x000000001afe6800 Uncommon trap: reason=null_check action=make_not_entrant pc=0x00000000036a6890 method=java.lang.Class.searchMethods([Ljava/lang/reflect/Method;Ljava/lang/String;[Ljava/lang/Class;)Ljava/lang/reflect/Method; @ 59
Event: 4.332 Thread 0x000000001afe6800 Uncommon trap: reason=unstable_if action=reinterpret pc=0x0000000003bed270 method=java.security.CodeSource.hashCode()I @ 4
Event: 4.333 Thread 0x000000001afe6800 Uncommon trap: reason=unstable_if action=reinterpret pc=0x000000000394af8c method=java.security.CodeSource.hashCode()I @ 4
Event: 4.464 Thread 0x000000001afe6800 Uncommon trap: reason=unstable_if action=reinterpret pc=0x0000000003cd4820 method=org.objectweb.asm.ByteVector.putInt(I)Lorg/objectweb/asm/ByteVector; @ 13
Event: 4.475 Thread 0x000000001afe6800 Uncommon trap: reason=unstable_if action=reinterpret pc=0x0000000003254a74 method=java.util.HashMap.resize()[Ljava/util/HashMap$Node; @ 206
Event: 4.475 Thread 0x000000001afe6800 Uncommon trap: reason=unstable_if action=reinterpret pc=0x0000000003c6c704 method=java.util.HashMap.getNode(ILjava/lang/Object;)Ljava/util/HashMap$Node; @ 84
Event: 4.475 Thread 0x000000001afe6800 Uncommon trap: reason=unstable_if action=reinterpret pc=0x0000000003f550b0 method=java.util.HashMap.getNode(ILjava/lang/Object;)Ljava/util/HashMap$Node; @ 84
Event: 4.475 Thread 0x000000001afe6800 Uncommon trap: reason=unstable_if action=reinterpret pc=0x0000000003d95f24 method=java.util.HashMap.getNode(ILjava/lang/Object;)Ljava/util/HashMap$Node; @ 84
Event: 4.487 Thread 0x000000001afe6800 Uncommon trap: reason=unstable_if action=reinterpret pc=0x00000000039ad000 method=java.io.WinNTFileSystem.normalize(Ljava/lang/String;)Ljava/lang/String; @ 74
Event: 4.487 Thread 0x000000001afe6800 Uncommon trap: reason=unstable_if action=reinterpret pc=0x00000000034f5eb8 method=java.io.WinNTFileSystem.normalize(Ljava/lang/String;II)Ljava/lang/String; @ 103

Classes redefined (0 events):
No events

Internal exceptions (10 events):
Event: 4.036 Thread 0x000000001afe6800 Exception <a 'java/lang/ClassNotFoundException': com/android/build/gradle/internal/CompileOptions_DecoratedCustomizer> (0x00000000d9bdaef8) thrown at [C:\src\AOSP-openjdk-git\hotspot\src\share\vm\classfile\systemDictionary.cpp, line 210]
Event: 4.332 Thread 0x000000001afe6800 Implicit null exception at 0x0000000003bebf1f to 0x0000000003bed239
Event: 4.333 Thread 0x000000001afe6800 Implicit null exception at 0x000000000394ac95 to 0x000000000394af7d
Event: 4.425 Thread 0x000000001afe6800 Exception <a 'java/lang/ClassNotFoundException': com/android/build/gradle/internal/api/ApkVariantOutputImpl_DecoratedBeanInfo> (0x00000000dc4572e0) thrown at [C:\src\AOSP-openjdk-git\hotspot\src\share\vm\classfile\systemDictionary.cpp, line 210]
Event: 4.425 Thread 0x000000001afe6800 Exception <a 'java/lang/ClassNotFoundException': com/android/build/gradle/internal/api/ApkVariantOutputImplBeanInfo> (0x00000000dc474510) thrown at [C:\src\AOSP-openjdk-git\hotspot\src\share\vm\classfile\systemDictionary.cpp, line 210]
Event: 4.425 Thread 0x000000001afe6800 Exception <a 'java/lang/ClassNotFoundException': com/android/build/gradle/internal/api/BaseVariantOutputImplBeanInfo> (0x00000000dc492948) thrown at [C:\src\AOSP-openjdk-git\hotspot\src\share\vm\classfile\systemDictionary.cpp, line 210]
Event: 4.426 Thread 0x000000001afe6800 Exception <a 'java/lang/ClassNotFoundException': com/android/build/gradle/internal/api/BaseVariantOutputImplCustomizer> (0x00000000dc4b12e0) thrown at [C:\src\AOSP-openjdk-git\hotspot\src\share\vm\classfile\systemDictionary.cpp, line 210]
Event: 4.426 Thread 0x000000001afe6800 Exception <a 'java/lang/ClassNotFoundException': com/android/build/gradle/internal/api/ApkVariantOutputImplCustomizer> (0x00000000dc4e9a88) thrown at [C:\src\AOSP-openjdk-git\hotspot\src\share\vm\classfile\systemDictionary.cpp, line 210]
Event: 4.427 Thread 0x000000001afe6800 Exception <a 'java/lang/ClassNotFoundException': com/android/build/gradle/internal/api/ApkVariantOutputImpl_DecoratedCustomizer> (0x00000000dc51d828) thrown at [C:\src\AOSP-openjdk-git\hotspot\src\share\vm\classfile\systemDictionary.cpp, line 210]
Event: 4.504 Thread 0x000000001afe6800 Exception <a 'java/lang/NoSuchMethodError': java.lang.Object.lambda$static$0(Lorg/gradle/api/internal/tasks/TaskDependencyResolveContext;)V> (0x00000000dcfce858) thrown at [C:\src\AOSP-openjdk-git\hotspot\src\share\vm\interpreter\linkResolver.cpp, line 62

Events (10 events):
Event: 4.552 loading class com/android/build/gradle/internal/scope/BootClasspathBuilder$computeClasspath$1
Event: 4.552 loading class com/android/build/gradle/internal/scope/BootClasspathBuilder$computeClasspath$1 done
Event: 4.553 loading class com/android/repository/Revision$PreviewComparison
Event: 4.553 loading class com/android/repository/Revision$PreviewComparison done
Event: 4.555 loading class com/android/build/gradle/internal/SdkHandler
Event: 4.555 loading class com/android/build/gradle/internal/SdkHandler done
Event: 4.555 loading class com/android/build/gradle/internal/SdkLocationSourceSet
Event: 4.555 loading class com/android/build/gradle/internal/SdkLocationSourceSet done
Event: 4.556 loading class com/android/build/gradle/internal/cxx/configure/NdkLocator
Event: 4.556 loading class com/android/build/gradle/internal/cxx/configure/NdkLocator done


Dynamic libraries:
0x00007ff720110000 - 0x00007ff720141000 	C:\Program Files\Android\Android Studio\jre\bin\java.exe
0x00007ffbb66b0000 - 0x00007ffbb68a5000 	C:\WINDOWS\SYSTEM32\ntdll.dll
0x00007ffbb4770000 - 0x00007ffbb482d000 	C:\WINDOWS\System32\KERNEL32.DLL
0x00007ffbb4160000 - 0x00007ffbb4428000 	C:\WINDOWS\System32\KERNELBASE.dll
0x00007ffbb4ab0000 - 0x00007ffbb4b5c000 	C:\WINDOWS\System32\ADVAPI32.dll
0x00007ffbb5380000 - 0x00007ffbb541e000 	C:\WINDOWS\System32\msvcrt.dll
0x00007ffbb49f0000 - 0x00007ffbb4a8b000 	C:\WINDOWS\System32\sechost.dll
0x00007ffbb5e40000 - 0x00007ffbb5f6b000 	C:\WINDOWS\System32\RPCRT4.dll
0x00007ffbb5820000 - 0x00007ffbb59c0000 	C:\WINDOWS\System32\USER32.dll
0x00007ffbb46e0000 - 0x00007ffbb4702000 	C:\WINDOWS\System32\win32u.dll
0x00007ffbb5f70000 - 0x00007ffbb5f9a000 	C:\WINDOWS\System32\GDI32.dll
0x00007ffbb3ea0000 - 0x00007ffbb3fab000 	C:\WINDOWS\System32\gdi32full.dll
0x00007ffbb4640000 - 0x00007ffbb46dd000 	C:\WINDOWS\System32\msvcp_win.dll
0x00007ffbb4060000 - 0x00007ffbb4160000 	C:\WINDOWS\System32\ucrtbase.dll
0x00007ffb9ef10000 - 0x00007ffb9f1aa000 	C:\WINDOWS\WinSxS\amd64_microsoft.windows.common-controls_6595b64144ccf1df_6.0.19041.844_none_ca00b6081b84eb1d\COMCTL32.dll
0x00007ffbb5420000 - 0x00007ffbb5450000 	C:\WINDOWS\System32\IMM32.DLL
0x0000000052270000 - 0x0000000052342000 	C:\Program Files\Android\Android Studio\jre\jre\bin\msvcr100.dll
0x0000000052430000 - 0x0000000052c7b000 	C:\Program Files\Android\Android Studio\jre\jre\bin\server\jvm.dll
0x00007ffbb4bc0000 - 0x00007ffbb4bc8000 	C:\WINDOWS\System32\PSAPI.DLL
0x00007ffbb1370000 - 0x00007ffbb1379000 	C:\WINDOWS\SYSTEM32\WSOCK32.dll
0x00007ffb9f300000 - 0x00007ffb9f327000 	C:\WINDOWS\SYSTEM32\WINMM.dll
0x00007ffbb57b0000 - 0x00007ffbb581b000 	C:\WINDOWS\System32\WS2_32.dll
0x00007ffbad5a0000 - 0x00007ffbad5aa000 	C:\WINDOWS\SYSTEM32\VERSION.dll
0x00007ffbae320000 - 0x00007ffbae32f000 	C:\Program Files\Android\Android Studio\jre\jre\bin\verify.dll
0x00007ffbae220000 - 0x00007ffbae249000 	C:\Program Files\Android\Android Studio\jre\jre\bin\java.dll
0x00007ffbae300000 - 0x00007ffbae316000 	C:\Program Files\Android\Android Studio\jre\jre\bin\zip.dll
0x00007ffbb4c30000 - 0x00007ffbb5372000 	C:\WINDOWS\System32\SHELL32.dll
0x00007ffbb1ef0000 - 0x00007ffbb2680000 	C:\WINDOWS\SYSTEM32\windows.storage.dll
0x00007ffbb5450000 - 0x00007ffbb57a5000 	C:\WINDOWS\System32\combase.dll
0x00007ffbb37f0000 - 0x00007ffbb381c000 	C:\WINDOWS\SYSTEM32\Wldp.dll
0x00007ffbb5d30000 - 0x00007ffbb5dde000 	C:\WINDOWS\System32\SHCORE.dll
0x00007ffbb4710000 - 0x00007ffbb4765000 	C:\WINDOWS\System32\shlwapi.dll
0x00007ffbb3d30000 - 0x00007ffbb3d4f000 	C:\WINDOWS\SYSTEM32\profapi.dll
0x00007ffbae2b0000 - 0x00007ffbae2ca000 	C:\Program Files\Android\Android Studio\jre\jre\bin\net.dll
0x00007ffbb3500000 - 0x00007ffbb356a000 	C:\WINDOWS\system32\mswsock.dll
0x00007ffbae1a0000 - 0x00007ffbae1b3000 	C:\Program Files\Android\Android Studio\jre\jre\bin\nio.dll
0x00007ffba60a0000 - 0x00007ffba60c7000 	C:\Users\USER\.gradle\native\f6784746aeab05261644944871eae4fe03e0ef1612fff0a4a95f87b438bc6780\windows-amd64\native-platform.dll
0x00007ffbae050000 - 0x00007ffbae05d000 	C:\Program Files\Android\Android Studio\jre\jre\bin\management.dll
0x00007ffbb3740000 - 0x00007ffbb3758000 	C:\WINDOWS\SYSTEM32\CRYPTSP.dll
0x00007ffbb2ea0000 - 0x00007ffbb2ed4000 	C:\WINDOWS\system32\rsaenh.dll
0x00007ffbb4590000 - 0x00007ffbb45b7000 	C:\WINDOWS\System32\bcrypt.dll
0x00007ffbb3cb0000 - 0x00007ffbb3cde000 	C:\WINDOWS\SYSTEM32\USERENV.dll
0x00007ffbb45c0000 - 0x00007ffbb4640000 	C:\WINDOWS\System32\bcryptprimitives.dll
0x00007ffbb3730000 - 0x00007ffbb373c000 	C:\WINDOWS\SYSTEM32\CRYPTBASE.dll
0x00007ffbb31f0000 - 0x00007ffbb322b000 	C:\WINDOWS\SYSTEM32\IPHLPAPI.DLL
0x00007ffbb4aa0000 - 0x00007ffbb4aa8000 	C:\WINDOWS\System32\NSI.dll
0x00007ffbaca70000 - 0x00007ffbaca87000 	C:\WINDOWS\SYSTEM32\dhcpcsvc6.DLL
0x00007ffbad380000 - 0x00007ffbad39d000 	C:\WINDOWS\SYSTEM32\dhcpcsvc.DLL
0x00007ffbb3230000 - 0x00007ffbb32fc000 	C:\WINDOWS\SYSTEM32\DNSAPI.dll
0x00007ffbaf530000 - 0x00007ffbaf53b000 	C:\WINDOWS\SYSTEM32\WINNSI.DLL

VM Arguments:
jvm_args: -Xmx2048m -Dfile.encoding=UTF-8 -Duser.country=RU -Duser.language=ru -Duser.variant 
java_command: org.gradle.launcher.daemon.bootstrap.GradleDaemon 6.5
java_class_path (initial): C:\Users\USER\.gradle\wrapper\dists\gradle-6.5-bin\6nifqtx7604sqp1q6g8wikw7p\gradle-6.5\lib\gradle-launcher-6.5.jar
Launcher Type: SUN_STANDARD

Environment Variables:
PATH=C:\Program Files (x86)\Intel\Intel(R) Management Engine Components\iCLS\;C:\Program Files\Intel\Intel(R) Management Engine Components\iCLS\;C:\WINDOWS\system32;C:\WINDOWS;C:\WINDOWS\System32\Wbem;C:\WINDOWS\System32\WindowsPowerShell\v1.0\;C:\WINDOWS\System32\OpenSSH\;C:\Program Files (x86)\Intel\Intel(R) Management Engine Components\DAL;C:\Program Files\Intel\Intel(R) Management Engine Components\DAL;C:\Program Files\Git\cmd;C:\Users\USER\AppData\Local\Microsoft\WindowsApps;
USERNAME=USER
OS=Windows_NT
PROCESSOR_IDENTIFIER=Intel64 Family 6 Model 142 Stepping 12, GenuineIntel



---------------  S Y S T E M  ---------------

OS: Windows 10.0 , 64 bit Build 19041 (10.0.19041.928)

CPU:total 8 (initial active 8) (4 cores per cpu, 2 threads per core) family 6 model 142 stepping 12, cmov, cx8, fxsr, mmx, sse, sse2, sse3, ssse3, sse4.1, sse4.2, popcnt, avx, avx2, aes, clmul, erms, 3dnowpref, lzcnt, ht, tsc, tscinvbit, bmi1, bmi2, adx

Memory: 4k page, physical 7975408k(1781260k free), swap 7975408k(5504k free)

vm_info: OpenJDK 64-Bit Server VM (25.242-b01) for windows-amd64 JRE (1.8.0_242-release-1644-b01), built by "builder" with MS VC++ 10.0 (VS2010)

time: Thu Jun 10 12:36:20 2021
timezone: 
elapsed time: 4 seconds (0d 0h 0m 4s)

