#
# There is insufficient memory for the Java Runtime Environment to continue.
# Native memory allocation (malloc) failed to allocate 962736 bytes for Chunk::new
# Possible reasons:
#   The system is out of physical RAM or swap space
#   The process is running with CompressedOops enabled, and the Java Heap may be blocking the growth of the native heap
# Possible solutions:
#   Reduce memory load on the system
#   Increase physical memory or swap space
#   Check if swap backing store is full
#   Decrease Java heap size (-Xmx/-Xms)
#   Decrease number of Java threads
#   Decrease Java thread stack sizes (-Xss)
#   Set larger code cache with -XX:ReservedCodeCacheSize=
#   JVM is running with Unscaled Compressed Oops mode in which the Java heap is
#     placed in the first 4GB address space. The Java Heap base address is the
#     maximum limit for the native heap growth. Please use -XX:HeapBaseMinAddress
#     to set the Java Heap base and to place the Java Heap above 4GB virtual address.
# This output file may be truncated or incomplete.
#
#  Out of Memory Error (allocation.cpp:389), pid=12292, tid=0x00000000000031a0
#
# JRE version: OpenJDK Runtime Environment (8.0_242-b01) (build 1.8.0_242-release-1644-b01)
# Java VM: OpenJDK 64-Bit Server VM (25.242-b01 mixed mode windows-amd64 compressed oops)
# Failed to write core dump. Minidumps are not enabled by default on client versions of Windows
#

---------------  T H R E A D  ---------------

Current thread (0x000000001a059000):  JavaThread "C2 CompilerThread2" daemon [_thread_in_native, id=12704, stack(0x000000001ab30000,0x000000001ac30000)]

Stack: [0x000000001ab30000,0x000000001ac30000]
[error occurred during error reporting (printing stack bounds), id 0xc0000005]

Native frames: (J=compiled Java code, j=interpreted, Vv=VM code, C=native code)


Current CompileTask:
C2:   7839 8878       4       org.antlr.v4.runtime.atn.ParserATNSimulator::closureCheckingStopState (244 bytes)


---------------  P R O C E S S  ---------------

Java Threads: ( => current thread )
  0x0000000023fb6000 JavaThread "Cache worker for Java compile cache (C:\Users\USER\AndroidStudioProjects\Protocols\.gradle\6.5\javaCompile)" [_thread_blocked, id=3984, stack(0x000000002e7d0000,0x000000002e8d0000)]
  0x0000000023fb5800 JavaThread "Cache worker for Java compile cache (C:\Users\USER\.gradle\caches\6.5\javaCompile)" [_thread_blocked, id=12836, stack(0x000000002e6d0000,0x000000002e7d0000)]
  0x0000000023fab000 JavaThread "Cache worker for execution history cache (C:\Users\USER\AndroidStudioProjects\Protocols\.gradle\6.5\executionHistory)" [_thread_blocked, id=8024, stack(0x000000002e1d0000,0x000000002e2d0000)]
  0x0000000023fb1800 JavaThread "Execution worker for ':' Thread 7" [_thread_blocked, id=6568, stack(0x000000002e0d0000,0x000000002e1d0000)]
  0x0000000023fad000 JavaThread "Execution worker for ':' Thread 6" [_thread_blocked, id=7356, stack(0x000000002dfd0000,0x000000002e0d0000)]
  0x0000000023faa000 JavaThread "Execution worker for ':' Thread 5" [_thread_blocked, id=2712, stack(0x000000002ded0000,0x000000002dfd0000)]
  0x0000000023fb1000 JavaThread "Execution worker for ':' Thread 4" [_thread_blocked, id=7448, stack(0x000000002ddd0000,0x000000002ded0000)]
  0x0000000023fa9800 JavaThread "Execution worker for ':' Thread 3" [_thread_blocked, id=10060, stack(0x000000002dcd0000,0x000000002ddd0000)]
  0x0000000023fac800 JavaThread "Execution worker for ':' Thread 2" [_thread_blocked, id=7748, stack(0x000000002dbd0000,0x000000002dcd0000)]
  0x0000000023fb0000 JavaThread "Execution worker for ':'" [_thread_in_vm, id=11744, stack(0x000000002bab0000,0x000000002bbb0000)]
  0x0000000023fae000 JavaThread "Cache worker for file content cache (C:\Users\USER\AndroidStudioProjects\Protocols\.gradle\6.5\fileContent)" [_thread_blocked, id=12364, stack(0x000000002d8d0000,0x000000002d9d0000)]
  0x0000000023faf800 JavaThread "Memory manager" [_thread_blocked, id=11236, stack(0x000000002b510000,0x000000002b610000)]
  0x0000000022817000 JavaThread "Cache worker for Build Output Cleanup Cache (C:\Users\USER\AndroidStudioProjects\Protocols\.gradle\buildOutputCleanup)" [_thread_blocked, id=2624, stack(0x000000002b210000,0x000000002b310000)]
  0x000000002281b800 JavaThread "jar transforms Thread 92" [_thread_blocked, id=5488, stack(0x000000002af10000,0x000000002b010000)]
  0x0000000022816000 JavaThread "jar transforms Thread 91" [_thread_blocked, id=2988, stack(0x000000002ae10000,0x000000002af10000)]
  0x000000002281a000 JavaThread "jar transforms Thread 90" [_thread_blocked, id=10520, stack(0x000000002ad10000,0x000000002ae10000)]
  0x0000000022818800 JavaThread "jar transforms Thread 89" [_thread_blocked, id=8972, stack(0x000000002ac10000,0x000000002ad10000)]
  0x0000000022819000 JavaThread "jar transforms Thread 88" [_thread_blocked, id=12136, stack(0x000000002ab10000,0x000000002ac10000)]
  0x000000002281a800 JavaThread "jar transforms Thread 87" [_thread_blocked, id=12656, stack(0x000000002aa10000,0x000000002ab10000)]
  0x000000002280e000 JavaThread "jar transforms Thread 86" [_thread_blocked, id=11212, stack(0x000000002a910000,0x000000002aa10000)]
  0x0000000022814800 JavaThread "jar transforms Thread 85" [_thread_blocked, id=11300, stack(0x000000002a810000,0x000000002a910000)]
  0x000000002280d000 JavaThread "jar transforms Thread 84" [_thread_blocked, id=12600, stack(0x000000002a260000,0x000000002a360000)]
  0x0000000022814000 JavaThread "jar transforms Thread 83" [_thread_blocked, id=7188, stack(0x000000002a710000,0x000000002a810000)]
  0x0000000022813000 JavaThread "jar transforms Thread 82" [_thread_blocked, id=13252, stack(0x000000002a610000,0x000000002a710000)]
  0x0000000022812800 JavaThread "jar transforms Thread 81" [_thread_blocked, id=2648, stack(0x000000002a510000,0x000000002a610000)]
  0x0000000022811000 JavaThread "jar transforms Thread 80" [_thread_blocked, id=7824, stack(0x000000002a410000,0x000000002a510000)]
  0x000000002280c800 JavaThread "jar transforms Thread 79" [_thread_blocked, id=10932, stack(0x000000002a160000,0x000000002a260000)]
  0x0000000022810000 JavaThread "jar transforms Thread 78" [_thread_blocked, id=13084, stack(0x000000002a060000,0x000000002a160000)]
  0x0000000022811800 JavaThread "jar transforms Thread 77" [_thread_blocked, id=11956, stack(0x0000000029f60000,0x000000002a060000)]
  0x000000002280f800 JavaThread "jar transforms Thread 76" [_thread_blocked, id=7252, stack(0x0000000029e60000,0x0000000029f60000)]
  0x000000002280e800 JavaThread "jar transforms Thread 75" [_thread_blocked, id=4780, stack(0x0000000029d60000,0x0000000029e60000)]
  0x0000000022687800 JavaThread "jar transforms Thread 74" [_thread_blocked, id=10968, stack(0x0000000029c60000,0x0000000029d60000)]
  0x0000000022684800 JavaThread "jar transforms Thread 73" [_thread_blocked, id=584, stack(0x0000000029b60000,0x0000000029c60000)]
  0x0000000022686800 JavaThread "jar transforms Thread 72" [_thread_blocked, id=6784, stack(0x0000000029a60000,0x0000000029b60000)]
  0x0000000022683800 JavaThread "jar transforms Thread 71" [_thread_blocked, id=6416, stack(0x0000000029960000,0x0000000029a60000)]
  0x0000000022686000 JavaThread "jar transforms Thread 70" [_thread_blocked, id=13076, stack(0x0000000029860000,0x0000000029960000)]
  0x0000000022685000 JavaThread "jar transforms Thread 69" [_thread_blocked, id=12912, stack(0x0000000029760000,0x0000000029860000)]
  0x000000002267c000 JavaThread "jar transforms Thread 68" [_thread_blocked, id=10836, stack(0x0000000029660000,0x0000000029760000)]
  0x0000000022683000 JavaThread "jar transforms Thread 67" [_thread_blocked, id=1328, stack(0x0000000029560000,0x0000000029660000)]
  0x000000002267b800 JavaThread "jar transforms Thread 66" [_thread_blocked, id=11736, stack(0x0000000029460000,0x0000000029560000)]
  0x0000000022682000 JavaThread "jar transforms Thread 65" [_thread_blocked, id=6364, stack(0x0000000029360000,0x0000000029460000)]
  0x000000002267a800 JavaThread "jar transforms Thread 64" [_thread_blocked, id=3584, stack(0x0000000029260000,0x0000000029360000)]
  0x0000000022681800 JavaThread "jar transforms Thread 63" [_thread_blocked, id=6496, stack(0x0000000029160000,0x0000000029260000)]
  0x0000000022680800 JavaThread "jar transforms Thread 62" [_thread_blocked, id=11544, stack(0x0000000029060000,0x0000000029160000)]
  0x0000000022679000 JavaThread "jar transforms Thread 61" [_thread_blocked, id=12920, stack(0x0000000028f60000,0x0000000029060000)]
  0x0000000022680000 JavaThread "jar transforms Thread 60" [_thread_blocked, id=10024, stack(0x0000000028e60000,0x0000000028f60000)]
  0x0000000022678800 JavaThread "jar transforms Thread 59" [_thread_blocked, id=5132, stack(0x0000000028d60000,0x0000000028e60000)]
  0x000000002267f000 JavaThread "jar transforms Thread 58" [_thread_blocked, id=2936, stack(0x0000000028c60000,0x0000000028d60000)]
  0x000000002267e800 JavaThread "jar transforms Thread 57" [_thread_blocked, id=9300, stack(0x0000000028b60000,0x0000000028c60000)]
  0x000000002267a000 JavaThread "jar transforms Thread 56" [_thread_blocked, id=1580, stack(0x0000000028a60000,0x0000000028b60000)]
  0x000000002267d800 JavaThread "jar transforms Thread 55" [_thread_blocked, id=8664, stack(0x0000000028960000,0x0000000028a60000)]
  0x000000002267d000 JavaThread "jar transforms Thread 54" [_thread_blocked, id=7280, stack(0x0000000028860000,0x0000000028960000)]
  0x00000000226bc800 JavaThread "jar transforms Thread 53" [_thread_blocked, id=6760, stack(0x0000000028760000,0x0000000028860000)]
  0x00000000226bc000 JavaThread "jar transforms Thread 52" [_thread_blocked, id=7972, stack(0x0000000028660000,0x0000000028760000)]
  0x00000000226bb000 JavaThread "jar transforms Thread 51" [_thread_blocked, id=3272, stack(0x0000000028560000,0x0000000028660000)]
  0x00000000226ba800 JavaThread "jar transforms Thread 50" [_thread_blocked, id=12356, stack(0x0000000028460000,0x0000000028560000)]
  0x00000000226bd800 JavaThread "jar transforms Thread 49" [_thread_blocked, id=11024, stack(0x0000000028360000,0x0000000028460000)]
  0x00000000226b9800 JavaThread "jar transforms Thread 48" [_thread_blocked, id=1144, stack(0x0000000028260000,0x0000000028360000)]
  0x00000000226b3800 JavaThread "jar transforms Thread 47" [_thread_blocked, id=2568, stack(0x0000000028160000,0x0000000028260000)]
  0x00000000226b9000 JavaThread "jar transforms Thread 46" [_thread_blocked, id=8592, stack(0x0000000028060000,0x0000000028160000)]
  0x00000000226b8000 JavaThread "jar transforms Thread 45" [_thread_blocked, id=7240, stack(0x0000000027f60000,0x0000000028060000)]
  0x00000000226b0800 JavaThread "jar transforms Thread 44" [_thread_blocked, id=4416, stack(0x0000000027e60000,0x0000000027f60000)]
  0x00000000226b7800 JavaThread "jar transforms Thread 43" [_thread_blocked, id=6892, stack(0x0000000027d60000,0x0000000027e60000)]
  0x00000000226b6800 JavaThread "jar transforms Thread 42" [_thread_blocked, id=13236, stack(0x0000000027c60000,0x0000000027d60000)]
  0x00000000226b6000 JavaThread "jar transforms Thread 41" [_thread_blocked, id=3672, stack(0x0000000027b60000,0x0000000027c60000)]
  0x00000000226b0000 JavaThread "jar transforms Thread 40" [_thread_blocked, id=7860, stack(0x0000000027a60000,0x0000000027b60000)]
  0x00000000226b5000 JavaThread "jar transforms Thread 39" [_thread_blocked, id=7352, stack(0x0000000027960000,0x0000000027a60000)]
  0x00000000226b1800 JavaThread "jar transforms Thread 38" [_thread_blocked, id=7524, stack(0x0000000027860000,0x0000000027960000)]
  0x00000000226b2000 JavaThread "jar transforms Thread 37" [_thread_blocked, id=2344, stack(0x0000000027760000,0x0000000027860000)]
  0x00000000226ae800 JavaThread "jar transforms Thread 36" [_thread_blocked, id=10316, stack(0x0000000027660000,0x0000000027760000)]
  0x00000000226b3000 JavaThread "jar transforms Thread 35" [_thread_blocked, id=5440, stack(0x0000000027560000,0x0000000027660000)]
  0x00000000226b4800 JavaThread "jar transforms Thread 34" [_thread_blocked, id=11420, stack(0x0000000027460000,0x0000000027560000)]
  0x00000000226af000 JavaThread "jar transforms Thread 33" [_thread_blocked, id=2000, stack(0x00000000270d0000,0x00000000271d0000)]
  0x0000000021f95800 JavaThread "jar transforms Thread 32" [_thread_blocked, id=9812, stack(0x0000000027360000,0x0000000027460000)]
  0x0000000021f94800 JavaThread "jar transforms Thread 31" [_thread_blocked, id=8524, stack(0x0000000027260000,0x0000000027360000)]
  0x0000000021f94000 JavaThread "jar transforms Thread 30" [_thread_blocked, id=10556, stack(0x0000000026fd0000,0x00000000270d0000)]
  0x0000000021f93000 JavaThread "jar transforms Thread 29" [_thread_blocked, id=1764, stack(0x0000000026ed0000,0x0000000026fd0000)]
  0x0000000021f92800 JavaThread "jar transforms Thread 28" [_thread_blocked, id=6792, stack(0x0000000026dd0000,0x0000000026ed0000)]
  0x0000000021f91800 JavaThread "jar transforms Thread 27" [_thread_blocked, id=6844, stack(0x0000000026cd0000,0x0000000026dd0000)]
  0x0000000021f91000 JavaThread "jar transforms Thread 26" [_thread_blocked, id=12224, stack(0x0000000026bd0000,0x0000000026cd0000)]
  0x0000000021f89800 JavaThread "jar transforms Thread 25" [_thread_blocked, id=10944, stack(0x0000000026ad0000,0x0000000026bd0000)]
  0x0000000021f8f800 JavaThread "jar transforms Thread 24" [_thread_blocked, id=6944, stack(0x00000000269d0000,0x0000000026ad0000)]
  0x0000000021f8e800 JavaThread "jar transforms Thread 23" [_thread_blocked, id=11748, stack(0x00000000268d0000,0x00000000269d0000)]
  0x0000000021f8e000 JavaThread "jar transforms Thread 22" [_thread_blocked, id=9004, stack(0x00000000267d0000,0x00000000268d0000)]
  0x0000000021f8d000 JavaThread "jar transforms Thread 21" [_thread_blocked, id=7776, stack(0x00000000266d0000,0x00000000267d0000)]
  0x0000000021f90000 JavaThread "jar transforms Thread 20" [_thread_blocked, id=12440, stack(0x00000000265d0000,0x00000000266d0000)]
  0x0000000021f86800 JavaThread "jar transforms Thread 19" [_thread_blocked, id=12300, stack(0x00000000264d0000,0x00000000265d0000)]
  0x0000000021f87000 JavaThread "jar transforms Thread 18" [_thread_blocked, id=9984, stack(0x00000000263d0000,0x00000000264d0000)]
  0x0000000021f8a000 JavaThread "jar transforms Thread 17" [_thread_blocked, id=8328, stack(0x00000000262d0000,0x00000000263d0000)]
  0x0000000021f8c800 JavaThread "jar transforms Thread 16" [_thread_blocked, id=3096, stack(0x00000000261d0000,0x00000000262d0000)]
  0x0000000021f8b000 JavaThread "jar transforms Thread 15" [_thread_blocked, id=7896, stack(0x00000000260d0000,0x00000000261d0000)]
  0x0000000021f88000 JavaThread "jar transforms Thread 14" [_thread_blocked, id=12508, stack(0x0000000025fd0000,0x00000000260d0000)]
  0x0000000021f88800 JavaThread "jar transforms Thread 13" [_thread_blocked, id=12648, stack(0x0000000025ed0000,0x0000000025fd0000)]
  0x0000000021f8b800 JavaThread "jar transforms Thread 12" [_thread_blocked, id=9136, stack(0x0000000025dd0000,0x0000000025ed0000)]
  0x000000001f931800 JavaThread "jar transforms Thread 11" [_thread_blocked, id=12932, stack(0x0000000025cd0000,0x0000000025dd0000)]
  0x000000001f931000 JavaThread "jar transforms Thread 10" [_thread_blocked, id=3500, stack(0x0000000025bd0000,0x0000000025cd0000)]
  0x000000001f930000 JavaThread "jar transforms Thread 9" [_thread_blocked, id=10204, stack(0x0000000025ad0000,0x0000000025bd0000)]
  0x000000001f92e800 JavaThread "jar transforms Thread 8" [_thread_blocked, id=800, stack(0x00000000259d0000,0x0000000025ad0000)]
  0x000000001f92e000 JavaThread "jar transforms Thread 7" [_thread_blocked, id=12616, stack(0x00000000258d0000,0x00000000259d0000)]
  0x000000001f92f800 JavaThread "jar transforms Thread 6" [_thread_blocked, id=384, stack(0x00000000257d0000,0x00000000258d0000)]
  0x000000001f926000 JavaThread "jar transforms Thread 5" [_thread_blocked, id=1864, stack(0x00000000256d0000,0x00000000257d0000)]
  0x000000001f92d000 JavaThread "jar transforms Thread 4" [_thread_blocked, id=10716, stack(0x0000000025340000,0x0000000025440000)]
  0x000000001f928800 JavaThread "jar transforms Thread 3" [_thread_blocked, id=11720, stack(0x00000000255d0000,0x00000000256d0000)]
  0x000000001f925800 JavaThread "jar transforms Thread 2" [_thread_blocked, id=12428, stack(0x00000000254d0000,0x00000000255d0000)]
  0x000000001f929800 JavaThread "Build operations Thread 8" [_thread_blocked, id=8432, stack(0x0000000025140000,0x0000000025240000)]
  0x000000001f927800 JavaThread "Build operations Thread 7" [_thread_blocked, id=12688, stack(0x0000000025040000,0x0000000025140000)]
  0x000000001f92b800 JavaThread "Build operations Thread 6" [_thread_blocked, id=3760, stack(0x0000000024f40000,0x0000000025040000)]
  0x000000001f92b000 JavaThread "Build operations Thread 5" [_thread_blocked, id=7876, stack(0x0000000024e40000,0x0000000024f40000)]
  0x000000001f92c800 JavaThread "Build operations Thread 4" [_thread_blocked, id=9388, stack(0x0000000024d40000,0x0000000024e40000)]
  0x000000001f92a000 JavaThread "Build operations Thread 3" [_thread_blocked, id=3264, stack(0x0000000024c40000,0x0000000024d40000)]
  0x000000001f927000 JavaThread "Build operations Thread 2" [_thread_blocked, id=12060, stack(0x0000000024b40000,0x0000000024c40000)]
  0x000000001f922800 JavaThread "Build operations" [_thread_blocked, id=9176, stack(0x0000000024a40000,0x0000000024b40000)]
  0x000000001cc40000 JavaThread "Cache worker for file content cache (C:\Users\USER\.gradle\caches\6.5\fileContent)" [_thread_blocked, id=8240, stack(0x0000000023370000,0x0000000023470000)]
  0x000000001cc3d800 JavaThread "jar transforms" [_thread_blocked, id=6208, stack(0x0000000023270000,0x0000000023370000)]
  0x000000001cc3d000 JavaThread "Cache worker for execution history cache (C:\Users\USER\.gradle\caches\6.5\executionHistory)" [_thread_blocked, id=12124, stack(0x0000000022b70000,0x0000000022c70000)]
  0x000000001cc3e800 JavaThread "Cache worker for cache directory md-rule (C:\Users\USER\.gradle\caches\6.5\md-rule)" [_thread_blocked, id=2352, stack(0x00000000217c0000,0x00000000218c0000)]
  0x000000001cc3b800 JavaThread "Cache worker for cache directory md-supplier (C:\Users\USER\.gradle\caches\6.5\md-supplier)" [_thread_blocked, id=500, stack(0x0000000021300000,0x0000000021400000)]
  0x000000001cc42000 JavaThread "Cache worker for checksums cache (C:\Users\USER\AndroidStudioProjects\Protocols\.gradle\checksums)" [_thread_blocked, id=7928, stack(0x0000000021200000,0x0000000021300000)]
  0x000000001cc3f000 JavaThread "Cache worker for file hash cache (C:\Users\USER\AndroidStudioProjects\Protocols\.gradle\6.5\fileHashes)" [_thread_blocked, id=1240, stack(0x00000000214a0000,0x00000000215a0000)]
  0x000000001cc41800 JavaThread "Cache worker for file hash cache (C:\Users\USER\.gradle\caches\6.5\fileHashes)" [_thread_blocked, id=10592, stack(0x000000001ef60000,0x000000001f060000)]
  0x000000001cc3c000 JavaThread "File lock request listener" [_thread_in_native, id=4340, stack(0x000000001ee60000,0x000000001ef60000)]
  0x000000001cc78800 JavaThread "Cache worker for journal cache (C:\Users\USER\.gradle\caches\journal-1)" [_thread_blocked, id=6668, stack(0x000000001ed60000,0x000000001ee60000)]
  0x000000001bbc9000 JavaThread "Thread-9" [_thread_blocked, id=12804, stack(0x000000001ea60000,0x000000001eb60000)]
  0x000000001bbc8800 JavaThread "Stdin handler" [_thread_blocked, id=3604, stack(0x000000001e960000,0x000000001ea60000)]
  0x000000001bbc8000 JavaThread "Asynchronous log dispatcher for DefaultDaemonConnection: socket connection from /127.0.0.1:57702 to /127.0.0.1:57703" [_thread_blocked, id=12668, stack(0x000000001e860000,0x000000001e960000)]
  0x000000001bbc3000 JavaThread "Daemon worker" [_thread_blocked, id=10916, stack(0x000000001e760000,0x000000001e860000)]
  0x000000001ca00000 JavaThread "Cancel handler" [_thread_blocked, id=3848, stack(0x000000001e660000,0x000000001e760000)]
  0x000000001b04e800 JavaThread "Handler for socket connection from /127.0.0.1:57702 to /127.0.0.1:57703" [_thread_in_native, id=11936, stack(0x000000001e560000,0x000000001e660000)]
  0x000000001b04d800 JavaThread "Daemon" [_thread_blocked, id=12456, stack(0x000000001e260000,0x000000001e360000)]
  0x000000001baee800 JavaThread "Daemon periodic checks" [_thread_blocked, id=1704, stack(0x000000001e160000,0x000000001e260000)]
  0x000000001c8d0000 JavaThread "Incoming local TCP Connector on port 57702" [_thread_in_native, id=9944, stack(0x000000001df10000,0x000000001e010000)]
  0x000000001b296800 JavaThread "Daemon health stats" [_thread_blocked, id=4196, stack(0x000000001d8d0000,0x000000001d9d0000)]
  0x000000001a0e7000 JavaThread "Service Thread" daemon [_thread_blocked, id=2584, stack(0x000000001ad30000,0x000000001ae30000)]
  0x000000001826e800 JavaThread "C1 CompilerThread3" daemon [_thread_in_native, id=488, stack(0x000000001ac30000,0x000000001ad30000)]
=>0x000000001a059000 JavaThread "C2 CompilerThread2" daemon [_thread_in_native, id=12704, stack(0x000000001ab30000,0x000000001ac30000)]
  0x000000001826b000 JavaThread "C2 CompilerThread1" daemon [_thread_in_native, id=8984, stack(0x000000001aa30000,0x000000001ab30000)]
  0x000000001a050800 JavaThread "C2 CompilerThread0" daemon [_thread_in_native, id=10956, stack(0x000000001a930000,0x000000001aa30000)]
  0x000000001a04f800 JavaThread "Attach Listener" daemon [_thread_blocked, id=7316, stack(0x000000001a830000,0x000000001a930000)]
  0x000000001a056000 JavaThread "Signal Dispatcher" daemon [_thread_blocked, id=13024, stack(0x000000001a730000,0x000000001a830000)]
  0x00000000031ec800 JavaThread "Finalizer" daemon [_thread_blocked, id=7868, stack(0x000000001a520000,0x000000001a620000)]
  0x000000001a040800 JavaThread "Reference Handler" daemon [_thread_blocked, id=4392, stack(0x000000001a420000,0x000000001a520000)]
  0x0000000002fcd800 JavaThread "main" [_thread_blocked, id=9520, stack(0x0000000002ff0000,0x00000000030f0000)]

Other Threads:
  0x0000000018258000 VMThread [stack: 0x0000000019f20000,0x000000001a020000] [id=11568]
  0x000000001a0e7800 WatcherThread [stack: 0x000000001ae30000,0x000000001af30000] [id=11476]

VM state:not at safepoint (normal execution)

VM Mutex/Monitor currently owned by a thread: None

heap address: 0x0000000080000000, size: 2048 MB, Compressed Oops mode: 32-bit
Narrow klass base: 0x0000000000000000, Narrow klass shift: 3
Compressed class space size: 1073741824 Address: 0x0000000100000000

Heap:
 PSYoungGen      total 194048K, used 190219K [0x00000000d5580000, 0x00000000e2880000, 0x0000000100000000)
  eden space 175104K, 99% used [0x00000000d5580000,0x00000000e002c990,0x00000000e0080000)
  from space 18944K, 81% used [0x00000000e0080000,0x00000000e0f962d0,0x00000000e1300000)
  to   space 17920K, 0% used [0x00000000e1300000,0x00000000e1300000,0x00000000e2480000)
 ParOldGen       total 125952K, used 32381K [0x0000000080000000, 0x0000000087b00000, 0x00000000d5580000)
  object space 125952K, 25% used [0x0000000080000000,0x0000000081f9f610,0x0000000087b00000)
 Metaspace       used 74978K, capacity 78274K, committed 78360K, reserved 1116160K
  class space    used 10103K, capacity 10725K, committed 10800K, reserved 1048576K

Card table byte_map: [0x00000000125b0000,0x00000000129c0000] byte_map_base: 0x00000000121b0000

Marking Bits: (ParMarkBitMap*) 0x0000000052bff030
 Begin Bits: [0x0000000013470000, 0x0000000015470000)
 End Bits:   [0x0000000015470000, 0x0000000017470000)

Polling page: 0x00000000016f0000

CodeCache: size=245760Kb used=26369Kb max_used=26369Kb free=219390Kb
 bounds [0x00000000031f0000, 0x0000000004bd0000, 0x00000000121f0000]
 total_blobs=9058 nmethods=8246 adapters=724
 compilation: enabled

Compilation events (10 events):
Event: 7.835 Thread 0x000000001826e800 9091       3       com.squareup.javapoet.CodeWriter::emitAndIndent (206 bytes)
Event: 7.836 Thread 0x000000001a050800 9093       4       java.lang.String::split (326 bytes)
Event: 7.836 Thread 0x000000001826e800 nmethod 9091 0x0000000004bc13d0 code [0x0000000004bc1620, 0x0000000004bc2638]
Event: 7.836 Thread 0x000000001826e800 9089       3       com.squareup.javapoet.JavaFile$1::append (2 bytes)
Event: 7.836 Thread 0x000000001826e800 nmethod 9089 0x0000000004bbcd50 code [0x0000000004bbcea0, 0x0000000004bbcff0]
Event: 7.836 Thread 0x000000001826e800 9083       3       java.lang.Character::toString (5 bytes)
Event: 7.836 Thread 0x000000001826e800 nmethod 9083 0x0000000004bbc710 code [0x0000000004bbc880, 0x0000000004bbcbd0]
Event: 7.836 Thread 0x000000001826e800 9094       1       com.squareup.javapoet.JavaFile$1::append (2 bytes)
Event: 7.836 Thread 0x000000001826e800 nmethod 9094 0x0000000004bb3e90 code [0x0000000004bb3fe0, 0x0000000004bb40f0]
Event: 7.836 Thread 0x000000001826e800 9084       3       com.squareup.javapoet.Util::characterLiteralWithoutSingleQuotes (131 bytes)

GC Heap History (10 events):
Event: 3.267 GC heap before
{Heap before GC invocations=12 (full 2):
 PSYoungGen      total 129536K, used 118784K [0x00000000d5580000, 0x00000000df580000, 0x0000000100000000)
  eden space 118784K, 100% used [0x00000000d5580000,0x00000000dc980000,0x00000000dc980000)
  from space 10752K, 0% used [0x00000000dc980000,0x00000000dc980000,0x00000000dd400000)
  to   space 12288K, 0% used [0x00000000de980000,0x00000000de980000,0x00000000df580000)
 ParOldGen       total 83456K, used 17676K [0x0000000080000000, 0x0000000085180000, 0x00000000d5580000)
  object space 83456K, 21% used [0x0000000080000000,0x00000000811430f8,0x0000000085180000)
 Metaspace       used 39320K, capacity 41136K, committed 41512K, reserved 1085440K
  class space    used 5432K, capacity 5826K, committed 5936K, reserved 1048576K
Event: 3.275 GC heap after
Heap after GC invocations=12 (full 2):
 PSYoungGen      total 151040K, used 9429K [0x00000000d5580000, 0x00000000e0380000, 0x0000000100000000)
  eden space 138752K, 0% used [0x00000000d5580000,0x00000000d5580000,0x00000000ddd00000)
  from space 12288K, 76% used [0x00000000de980000,0x00000000df2b55c8,0x00000000df580000)
  to   space 12800K, 0% used [0x00000000ddd00000,0x00000000ddd00000,0x00000000de980000)
 ParOldGen       total 83456K, used 17684K [0x0000000080000000, 0x0000000085180000, 0x00000000d5580000)
  object space 83456K, 21% used [0x0000000080000000,0x00000000811450f8,0x0000000085180000)
 Metaspace       used 39320K, capacity 41136K, committed 41512K, reserved 1085440K
  class space    used 5432K, capacity 5826K, committed 5936K, reserved 1048576K
}
Event: 4.224 GC heap before
{Heap before GC invocations=13 (full 2):
 PSYoungGen      total 151040K, used 148181K [0x00000000d5580000, 0x00000000e0380000, 0x0000000100000000)
  eden space 138752K, 100% used [0x00000000d5580000,0x00000000ddd00000,0x00000000ddd00000)
  from space 12288K, 76% used [0x00000000de980000,0x00000000df2b55c8,0x00000000df580000)
  to   space 12800K, 0% used [0x00000000ddd00000,0x00000000ddd00000,0x00000000de980000)
 ParOldGen       total 83456K, used 17684K [0x0000000080000000, 0x0000000085180000, 0x00000000d5580000)
  object space 83456K, 21% used [0x0000000080000000,0x00000000811450f8,0x0000000085180000)
 Metaspace       used 51997K, capacity 54086K, committed 54312K, reserved 1095680K
  class space    used 6961K, capacity 7391K, committed 7472K, reserved 1048576K
Event: 4.239 GC heap after
Heap after GC invocations=13 (full 2):
 PSYoungGen      total 151552K, used 12780K [0x00000000d5580000, 0x00000000e2480000, 0x0000000100000000)
  eden space 138752K, 0% used [0x00000000d5580000,0x00000000d5580000,0x00000000ddd00000)
  from space 12800K, 99% used [0x00000000ddd00000,0x00000000de97b330,0x00000000de980000)
  to   space 17920K, 0% used [0x00000000e1300000,0x00000000e1300000,0x00000000e2480000)
 ParOldGen       total 83456K, used 27752K [0x0000000080000000, 0x0000000085180000, 0x00000000d5580000)
  object space 83456K, 33% used [0x0000000080000000,0x0000000081b1a398,0x0000000085180000)
 Metaspace       used 51997K, capacity 54086K, committed 54312K, reserved 1095680K
  class space    used 6961K, capacity 7391K, committed 7472K, reserved 1048576K
}
Event: 4.672 GC heap before
{Heap before GC invocations=14 (full 2):
 PSYoungGen      total 151552K, used 65276K [0x00000000d5580000, 0x00000000e2480000, 0x0000000100000000)
  eden space 138752K, 37% used [0x00000000d5580000,0x00000000d88c3e70,0x00000000ddd00000)
  from space 12800K, 99% used [0x00000000ddd00000,0x00000000de97b330,0x00000000de980000)
  to   space 17920K, 0% used [0x00000000e1300000,0x00000000e1300000,0x00000000e2480000)
 ParOldGen       total 83456K, used 27752K [0x0000000080000000, 0x0000000085180000, 0x00000000d5580000)
  object space 83456K, 33% used [0x0000000080000000,0x0000000081b1a398,0x0000000085180000)
 Metaspace       used 56717K, capacity 59092K, committed 59160K, reserved 1099776K
  class space    used 7764K, capacity 8217K, committed 8240K, reserved 1048576K
Event: 4.684 GC heap after
Heap after GC invocations=14 (full 2):
 PSYoungGen      total 193024K, used 13652K [0x00000000d5580000, 0x00000000e2880000, 0x0000000100000000)
  eden space 175104K, 0% used [0x00000000d5580000,0x00000000d5580000,0x00000000e0080000)
  from space 17920K, 76% used [0x00000000e1300000,0x00000000e2055288,0x00000000e2480000)
  to   space 18944K, 0% used [0x00000000e0080000,0x00000000e0080000,0x00000000e1300000)
 ParOldGen       total 83456K, used 32778K [0x0000000080000000, 0x0000000085180000, 0x00000000d5580000)
  object space 83456K, 39% used [0x0000000080000000,0x0000000082002b18,0x0000000085180000)
 Metaspace       used 56717K, capacity 59092K, committed 59160K, reserved 1099776K
  class space    used 7764K, capacity 8217K, committed 8240K, reserved 1048576K
}
Event: 4.684 GC heap before
{Heap before GC invocations=15 (full 3):
 PSYoungGen      total 193024K, used 13652K [0x00000000d5580000, 0x00000000e2880000, 0x0000000100000000)
  eden space 175104K, 0% used [0x00000000d5580000,0x00000000d5580000,0x00000000e0080000)
  from space 17920K, 76% used [0x00000000e1300000,0x00000000e2055288,0x00000000e2480000)
  to   space 18944K, 0% used [0x00000000e0080000,0x00000000e0080000,0x00000000e1300000)
 ParOldGen       total 83456K, used 32778K [0x0000000080000000, 0x0000000085180000, 0x00000000d5580000)
  object space 83456K, 39% used [0x0000000080000000,0x0000000082002b18,0x0000000085180000)
 Metaspace       used 56717K, capacity 59092K, committed 59160K, reserved 1099776K
  class space    used 7764K, capacity 8217K, committed 8240K, reserved 1048576K
Event: 4.810 GC heap after
Heap after GC invocations=15 (full 3):
 PSYoungGen      total 193024K, used 0K [0x00000000d5580000, 0x00000000e2880000, 0x0000000100000000)
  eden space 175104K, 0% used [0x00000000d5580000,0x00000000d5580000,0x00000000e0080000)
  from space 17920K, 0% used [0x00000000e1300000,0x00000000e1300000,0x00000000e2480000)
  to   space 18944K, 0% used [0x00000000e0080000,0x00000000e0080000,0x00000000e1300000)
 ParOldGen       total 125952K, used 32373K [0x0000000080000000, 0x0000000087b00000, 0x00000000d5580000)
  object space 125952K, 25% used [0x0000000080000000,0x0000000081f9d610,0x0000000087b00000)
 Metaspace       used 56681K, capacity 58972K, committed 59160K, reserved 1099776K
  class space    used 7753K, capacity 8197K, committed 8240K, reserved 1048576K
}
Event: 6.226 GC heap before
{Heap before GC invocations=16 (full 3):
 PSYoungGen      total 193024K, used 175104K [0x00000000d5580000, 0x00000000e2880000, 0x0000000100000000)
  eden space 175104K, 100% used [0x00000000d5580000,0x00000000e0080000,0x00000000e0080000)
  from space 17920K, 0% used [0x00000000e1300000,0x00000000e1300000,0x00000000e2480000)
  to   space 18944K, 0% used [0x00000000e0080000,0x00000000e0080000,0x00000000e1300000)
 ParOldGen       total 125952K, used 32373K [0x0000000080000000, 0x0000000087b00000, 0x00000000d5580000)
  object space 125952K, 25% used [0x0000000080000000,0x0000000081f9d610,0x0000000087b00000)
 Metaspace       used 63382K, capacity 66430K, committed 66712K, reserved 1105920K
  class space    used 8751K, capacity 9344K, committed 9392K, reserved 1048576K
Event: 6.240 GC heap after
Heap after GC invocations=16 (full 3):
 PSYoungGen      total 194048K, used 15448K [0x00000000d5580000, 0x00000000e2880000, 0x0000000100000000)
  eden space 175104K, 0% used [0x00000000d5580000,0x00000000d5580000,0x00000000e0080000)
  from space 18944K, 81% used [0x00000000e0080000,0x00000000e0f962d0,0x00000000e1300000)
  to   space 17920K, 0% used [0x00000000e1300000,0x00000000e1300000,0x00000000e2480000)
 ParOldGen       total 125952K, used 32381K [0x0000000080000000, 0x0000000087b00000, 0x00000000d5580000)
  object space 125952K, 25% used [0x0000000080000000,0x0000000081f9f610,0x0000000087b00000)
 Metaspace       used 63382K, capacity 66430K, committed 66712K, reserved 1105920K
  class space    used 8751K, capacity 9344K, committed 9392K, reserved 1048576K
}

Deoptimization events (10 events):
Event: 7.753 Thread 0x0000000023fb0000 Uncommon trap: reason=bimorphic action=maybe_recompile pc=0x0000000004b48ba4 method=org.antlr.v4.runtime.atn.SingletonPredictionContext.equals(Ljava/lang/Object;)Z @ 60
Event: 7.753 Thread 0x0000000023fb0000 Uncommon trap: reason=bimorphic action=maybe_recompile pc=0x0000000004b48ba4 method=org.antlr.v4.runtime.atn.SingletonPredictionContext.equals(Ljava/lang/Object;)Z @ 60
Event: 7.761 Thread 0x0000000023fb0000 Uncommon trap: reason=class_check action=maybe_recompile pc=0x0000000004a3f898 method=com.sun.tools.javac.code.Type.containsAny(Lcom/sun/tools/javac/util/List;)Z @ 6
Event: 7.762 Thread 0x0000000023fb0000 Uncommon trap: reason=class_check action=maybe_recompile pc=0x0000000004a3f898 method=com.sun.tools.javac.code.Type.containsAny(Lcom/sun/tools/javac/util/List;)Z @ 6
Event: 7.762 Thread 0x0000000023fb0000 Uncommon trap: reason=class_check action=maybe_recompile pc=0x0000000004a3f898 method=com.sun.tools.javac.code.Type.containsAny(Lcom/sun/tools/javac/util/List;)Z @ 6
Event: 7.762 Thread 0x0000000023fb0000 Uncommon trap: reason=class_check action=maybe_recompile pc=0x0000000004a3f898 method=com.sun.tools.javac.code.Type.containsAny(Lcom/sun/tools/javac/util/List;)Z @ 6
Event: 7.800 Thread 0x0000000023fb0000 Uncommon trap: reason=bimorphic action=maybe_recompile pc=0x0000000004b4a3e0 method=java.util.Collections$UnmodifiableCollection.contains(Ljava/lang/Object;)Z @ 5
Event: 7.807 Thread 0x0000000023fb0000 Uncommon trap: reason=bimorphic action=maybe_recompile pc=0x0000000004b4a3e0 method=java.util.Collections$UnmodifiableCollection.contains(Ljava/lang/Object;)Z @ 5
Event: 7.807 Thread 0x0000000023fb0000 Uncommon trap: reason=bimorphic action=maybe_recompile pc=0x0000000004b4a3e0 method=java.util.Collections$UnmodifiableCollection.contains(Ljava/lang/Object;)Z @ 5
Event: 7.807 Thread 0x0000000023fb0000 Uncommon trap: reason=bimorphic action=maybe_recompile pc=0x0000000004b4a3e0 method=java.util.Collections$UnmodifiableCollection.contains(Ljava/lang/Object;)Z @ 5

Classes redefined (0 events):
No events

Internal exceptions (10 events):
Event: 6.563 Thread 0x0000000023fad000 Implicit null exception at 0x000000000473a580 to 0x000000000473ad15
Event: 6.586 Thread 0x0000000023fad000 Implicit null exception at 0x0000000004744063 to 0x000000000474450d
Event: 6.891 Thread 0x0000000023fb0000 Exception <a 'sun/nio/fs/WindowsException'> (0x00000000da75b548) thrown at [C:\src\AOSP-openjdk-git\hotspot\src\share\vm\prims\jni.cpp, line 710]
Event: 6.892 Thread 0x0000000023fb0000 Exception <a 'sun/nio/fs/WindowsException'> (0x00000000da75c880) thrown at [C:\src\AOSP-openjdk-git\hotspot\src\share\vm\prims\jni.cpp, line 710]
Event: 6.893 Thread 0x0000000023fb0000 Exception <a 'sun/nio/fs/WindowsException'> (0x00000000da7679c8) thrown at [C:\src\AOSP-openjdk-git\hotspot\src\share\vm\prims\jni.cpp, line 710]
Event: 6.893 Thread 0x0000000023fb0000 Exception <a 'sun/nio/fs/WindowsException'> (0x00000000da768700) thrown at [C:\src\AOSP-openjdk-git\hotspot\src\share\vm\prims\jni.cpp, line 710]
Event: 6.893 Thread 0x0000000023fb0000 Exception <a 'sun/nio/fs/WindowsException'> (0x00000000da76a840) thrown at [C:\src\AOSP-openjdk-git\hotspot\src\share\vm\prims\jni.cpp, line 710]
Event: 6.893 Thread 0x0000000023fb0000 Exception <a 'sun/nio/fs/WindowsException'> (0x00000000da76b588) thrown at [C:\src\AOSP-openjdk-git\hotspot\src\share\vm\prims\jni.cpp, line 710]
Event: 7.334 Thread 0x0000000023fb0000 Implicit null exception at 0x0000000004982398 to 0x00000000049823ce
Event: 7.578 Thread 0x0000000023fb0000 Implicit null exception at 0x0000000003481396 to 0x0000000003481731

Events (10 events):
Event: 7.829 loading class javax/tools/ForwardingFileObject
Event: 7.829 loading class javax/tools/ForwardingFileObject done
Event: 7.829 loading class com/sun/tools/javac/processing/JavacFiler$FilerOutputStream
Event: 7.829 loading class com/sun/tools/javac/processing/JavacFiler$FilerOutputStream done
Event: 7.830 loading class com/sun/tools/javac/processing/JavacFiler$FilerWriter
Event: 7.830 loading class com/sun/tools/javac/processing/JavacFiler$FilerWriter done
Event: 7.830 loading class java/io/FilterWriter
Event: 7.830 loading class java/io/FilterWriter done
Event: 7.834 loading class java/util/Collections$UnmodifiableList$1
Event: 7.834 loading class java/util/Collections$UnmodifiableList$1 done


Dynamic libraries:
0x00007ff720110000 - 0x00007ff720141000 	C:\Program Files\Android\Android Studio\jre\bin\java.exe
0x00007ffbb66b0000 - 0x00007ffbb68a5000 	C:\WINDOWS\SYSTEM32\ntdll.dll
0x00007ffbb4770000 - 0x00007ffbb482d000 	C:\WINDOWS\System32\KERNEL32.DLL
0x00007ffbb4160000 - 0x00007ffbb4428000 	C:\WINDOWS\System32\KERNELBASE.dll
0x00007ffbb4ab0000 - 0x00007ffbb4b5c000 	C:\WINDOWS\System32\ADVAPI32.dll
0x00007ffbb5380000 - 0x00007ffbb541e000 	C:\WINDOWS\System32\msvcrt.dll
0x00007ffbb49f0000 - 0x00007ffbb4a8b000 	C:\WINDOWS\System32\sechost.dll
0x00007ffbb5e40000 - 0x00007ffbb5f6b000 	C:\WINDOWS\System32\RPCRT4.dll
0x00007ffbb5820000 - 0x00007ffbb59c0000 	C:\WINDOWS\System32\USER32.dll
0x00007ffbb46e0000 - 0x00007ffbb4702000 	C:\WINDOWS\System32\win32u.dll
0x00007ffbb5f70000 - 0x00007ffbb5f9a000 	C:\WINDOWS\System32\GDI32.dll
0x00007ffbb3ea0000 - 0x00007ffbb3fab000 	C:\WINDOWS\System32\gdi32full.dll
0x00007ffbb4640000 - 0x00007ffbb46dd000 	C:\WINDOWS\System32\msvcp_win.dll
0x00007ffbb4060000 - 0x00007ffbb4160000 	C:\WINDOWS\System32\ucrtbase.dll
0x00007ffb9ef10000 - 0x00007ffb9f1aa000 	C:\WINDOWS\WinSxS\amd64_microsoft.windows.common-controls_6595b64144ccf1df_6.0.19041.844_none_ca00b6081b84eb1d\COMCTL32.dll
0x00007ffbb5420000 - 0x00007ffbb5450000 	C:\WINDOWS\System32\IMM32.DLL
0x0000000052270000 - 0x0000000052342000 	C:\Program Files\Android\Android Studio\jre\jre\bin\msvcr100.dll
0x0000000052430000 - 0x0000000052c7b000 	C:\Program Files\Android\Android Studio\jre\jre\bin\server\jvm.dll
0x00007ffbb4bc0000 - 0x00007ffbb4bc8000 	C:\WINDOWS\System32\PSAPI.DLL
0x00007ffbb1370000 - 0x00007ffbb1379000 	C:\WINDOWS\SYSTEM32\WSOCK32.dll
0x00007ffb9f300000 - 0x00007ffb9f327000 	C:\WINDOWS\SYSTEM32\WINMM.dll
0x00007ffbad5a0000 - 0x00007ffbad5aa000 	C:\WINDOWS\SYSTEM32\VERSION.dll
0x00007ffbb57b0000 - 0x00007ffbb581b000 	C:\WINDOWS\System32\WS2_32.dll
0x00007ffbae320000 - 0x00007ffbae32f000 	C:\Program Files\Android\Android Studio\jre\jre\bin\verify.dll
0x00007ffbae220000 - 0x00007ffbae249000 	C:\Program Files\Android\Android Studio\jre\jre\bin\java.dll
0x00007ffbae300000 - 0x00007ffbae316000 	C:\Program Files\Android\Android Studio\jre\jre\bin\zip.dll
0x00007ffbb4c30000 - 0x00007ffbb5372000 	C:\WINDOWS\System32\SHELL32.dll
0x00007ffbb1ef0000 - 0x00007ffbb2680000 	C:\WINDOWS\SYSTEM32\windows.storage.dll
0x00007ffbb5450000 - 0x00007ffbb57a5000 	C:\WINDOWS\System32\combase.dll
0x00007ffbb37f0000 - 0x00007ffbb381c000 	C:\WINDOWS\SYSTEM32\Wldp.dll
0x00007ffbb5d30000 - 0x00007ffbb5dde000 	C:\WINDOWS\System32\SHCORE.dll
0x00007ffbb4710000 - 0x00007ffbb4765000 	C:\WINDOWS\System32\shlwapi.dll
0x00007ffbb3d30000 - 0x00007ffbb3d4f000 	C:\WINDOWS\SYSTEM32\profapi.dll
0x00007ffbae2b0000 - 0x00007ffbae2ca000 	C:\Program Files\Android\Android Studio\jre\jre\bin\net.dll
0x00007ffbb3500000 - 0x00007ffbb356a000 	C:\WINDOWS\system32\mswsock.dll
0x00007ffbae1a0000 - 0x00007ffbae1b3000 	C:\Program Files\Android\Android Studio\jre\jre\bin\nio.dll
0x00007ffba60a0000 - 0x00007ffba60c7000 	C:\Users\USER\.gradle\native\f6784746aeab05261644944871eae4fe03e0ef1612fff0a4a95f87b438bc6780\windows-amd64\native-platform.dll
0x00007ffbae050000 - 0x00007ffbae05d000 	C:\Program Files\Android\Android Studio\jre\jre\bin\management.dll
0x00007ffbb3740000 - 0x00007ffbb3758000 	C:\WINDOWS\SYSTEM32\CRYPTSP.dll
0x00007ffbb2ea0000 - 0x00007ffbb2ed4000 	C:\WINDOWS\system32\rsaenh.dll
0x00007ffbb4590000 - 0x00007ffbb45b7000 	C:\WINDOWS\System32\bcrypt.dll
0x00007ffbb3cb0000 - 0x00007ffbb3cde000 	C:\WINDOWS\SYSTEM32\USERENV.dll
0x00007ffbb45c0000 - 0x00007ffbb4640000 	C:\WINDOWS\System32\bcryptprimitives.dll
0x00007ffbb3730000 - 0x00007ffbb373c000 	C:\WINDOWS\SYSTEM32\CRYPTBASE.dll
0x00007ffbb31f0000 - 0x00007ffbb322b000 	C:\WINDOWS\SYSTEM32\IPHLPAPI.DLL
0x00007ffbb4aa0000 - 0x00007ffbb4aa8000 	C:\WINDOWS\System32\NSI.dll
0x00007ffbaca70000 - 0x00007ffbaca87000 	C:\WINDOWS\SYSTEM32\dhcpcsvc6.DLL
0x00007ffbad380000 - 0x00007ffbad39d000 	C:\WINDOWS\SYSTEM32\dhcpcsvc.DLL
0x00007ffbb3230000 - 0x00007ffbb32fc000 	C:\WINDOWS\SYSTEM32\DNSAPI.dll
0x00007ffbaf530000 - 0x00007ffbaf53b000 	C:\WINDOWS\SYSTEM32\WINNSI.DLL
0x000000006adc0000 - 0x000000006aeb2000 	C:\Users\USER\AppData\Local\Temp\room-915965e2-c68a-42c2-839b-9341b0311987\sqlite-3.20.1-7ba88004-ebec-470f-9570-78d9c63e818c-sqlitejdbc.dll

VM Arguments:
jvm_args: -Xmx2048m -Dfile.encoding=UTF-8 -Duser.country=RU -Duser.language=ru -Duser.variant 
java_command: org.gradle.launcher.daemon.bootstrap.GradleDaemon 6.5
java_class_path (initial): C:\Users\USER\.gradle\wrapper\dists\gradle-6.5-bin\6nifqtx7604sqp1q6g8wikw7p\gradle-6.5\lib\gradle-launcher-6.5.jar
Launcher Type: SUN_STANDARD

Environment Variables:
PATH=C:\Program Files (x86)\Intel\Intel(R) Management Engine Components\iCLS\;C:\Program Files\Intel\Intel(R) Management Engine Components\iCLS\;C:\WINDOWS\system32;C:\WINDOWS;C:\WINDOWS\System32\Wbem;C:\WINDOWS\System32\WindowsPowerShell\v1.0\;C:\WINDOWS\System32\OpenSSH\;C:\Program Files (x86)\Intel\Intel(R) Management Engine Components\DAL;C:\Program Files\Intel\Intel(R) Management Engine Components\DAL;C:\Program Files\Git\cmd;C:\Users\USER\AppData\Local\Microsoft\WindowsApps;
USERNAME=USER
OS=Windows_NT
PROCESSOR_IDENTIFIER=Intel64 Family 6 Model 142 Stepping 12, GenuineIntel



---------------  S Y S T E M  ---------------

OS: Windows 10.0 , 64 bit Build 19041 (10.0.19041.928)

CPU:total 8 (initial active 8) (4 cores per cpu, 2 threads per core) family 6 model 142 stepping 12, cmov, cx8, fxsr, mmx, sse, sse2, sse3, ssse3, sse4.1, sse4.2, popcnt, avx, avx2, aes, clmul, erms, 3dnowpref, lzcnt, ht, tsc, tscinvbit, bmi1, bmi2, adx

Memory: 4k page, physical 7975408k(1742688k free), swap 7975408k(5136k free)

vm_info: OpenJDK 64-Bit Server VM (25.242-b01) for windows-amd64 JRE (1.8.0_242-release-1644-b01), built by "builder" with MS VC++ 10.0 (VS2010)

time: Thu Jun 10 12:36:08 2021
timezone: 
elapsed time: 7 seconds (0d 0h 0m 7s)

