#
# There is insufficient memory for the Java Runtime Environment to continue.
# Native memory allocation (malloc) failed to allocate 32784 bytes for Chunk::new
# Possible reasons:
#   The system is out of physical RAM or swap space
#   The process is running with CompressedOops enabled, and the Java Heap may be blocking the growth of the native heap
# Possible solutions:
#   Reduce memory load on the system
#   Increase physical memory or swap space
#   Check if swap backing store is full
#   Decrease Java heap size (-Xmx/-Xms)
#   Decrease number of Java threads
#   Decrease Java thread stack sizes (-Xss)
#   Set larger code cache with -XX:ReservedCodeCacheSize=
#   JVM is running with Unscaled Compressed Oops mode in which the Java heap is
#     placed in the first 4GB address space. The Java Heap base address is the
#     maximum limit for the native heap growth. Please use -XX:HeapBaseMinAddress
#     to set the Java Heap base and to place the Java Heap above 4GB virtual address.
# This output file may be truncated or incomplete.
#
#  Out of Memory Error (allocation.cpp:389), pid=10452, tid=0x00000000000010d4
#
# JRE version: OpenJDK Runtime Environment (8.0_242-b01) (build 1.8.0_242-release-1644-b01)
# Java VM: OpenJDK 64-Bit Server VM (25.242-b01 mixed mode windows-amd64 compressed oops)
# Failed to write core dump. Minidumps are not enabled by default on client versions of Windows
#

---------------  T H R E A D  ---------------

Current thread (0x00000000193c2000):  JavaThread "C2 CompilerThread0" daemon [_thread_in_native, id=4308, stack(0x0000000019ca0000,0x0000000019da0000)]

Stack: [0x0000000019ca0000,0x0000000019da0000]
[error occurred during error reporting (printing stack bounds), id 0xc0000005]

Native frames: (J=compiled Java code, j=interpreted, Vv=VM code, C=native code)


Current CompileTask:
C2:   6791 8537       4       org.antlr.v4.runtime.atn.ATNConfigSet::add (142 bytes)


---------------  P R O C E S S  ---------------

Java Threads: ( => current thread )
  0x000000001f71b000 JavaThread "Cache worker for Java compile cache (C:\Users\USER\AndroidStudioProjects\Protocols\.gradle\6.5\javaCompile)" [_thread_blocked, id=11780, stack(0x000000002dbf0000,0x000000002dcf0000)]
  0x000000001f71a800 JavaThread "Cache worker for Java compile cache (C:\Users\USER\.gradle\caches\6.5\javaCompile)" [_thread_blocked, id=7844, stack(0x000000002daf0000,0x000000002dbf0000)]
  0x000000001f719800 JavaThread "Cache worker for execution history cache (C:\Users\USER\AndroidStudioProjects\Protocols\.gradle\6.5\executionHistory)" [_thread_blocked, id=11288, stack(0x000000002d490000,0x000000002d590000)]
  0x000000001f716800 JavaThread "Execution worker for ':' Thread 7" [_thread_blocked, id=5404, stack(0x000000002d390000,0x000000002d490000)]
  0x000000001f712000 JavaThread "Execution worker for ':' Thread 6" [_thread_blocked, id=9264, stack(0x000000002d290000,0x000000002d390000)]
  0x000000001f716000 JavaThread "Execution worker for ':' Thread 5" [_thread_blocked, id=5184, stack(0x000000002d190000,0x000000002d290000)]
  0x000000001f719000 JavaThread "Execution worker for ':' Thread 4" [_thread_blocked, id=5188, stack(0x000000002d090000,0x000000002d190000)]
  0x000000001f718000 JavaThread "Execution worker for ':' Thread 3" [_thread_in_vm, id=5368, stack(0x000000002cf90000,0x000000002d090000)]
  0x000000001f714800 JavaThread "Execution worker for ':' Thread 2" [_thread_blocked, id=9928, stack(0x000000002ce90000,0x000000002cf90000)]
  0x000000001f713800 JavaThread "Execution worker for ':'" [_thread_blocked, id=8228, stack(0x000000002cd90000,0x000000002ce90000)]
  0x000000001f715000 JavaThread "Cache worker for file content cache (C:\Users\USER\AndroidStudioProjects\Protocols\.gradle\6.5\fileContent)" [_thread_blocked, id=1088, stack(0x000000002ad90000,0x000000002ae90000)]
  0x000000001f710800 JavaThread "Memory manager" [_thread_blocked, id=12684, stack(0x000000002a7f0000,0x000000002a8f0000)]
  0x000000001fac0000 JavaThread "Cache worker for Build Output Cleanup Cache (C:\Users\USER\AndroidStudioProjects\Protocols\.gradle\buildOutputCleanup)" [_thread_blocked, id=8676, stack(0x000000002a4f0000,0x000000002a5f0000)]
  0x000000001fac4800 JavaThread "jar transforms Thread 92" [_thread_blocked, id=7236, stack(0x000000002a1f0000,0x000000002a2f0000)]
  0x000000001fac1800 JavaThread "jar transforms Thread 91" [_thread_blocked, id=6160, stack(0x000000002a0f0000,0x000000002a1f0000)]
  0x000000001fac1000 JavaThread "jar transforms Thread 90" [_thread_blocked, id=11304, stack(0x0000000029ff0000,0x000000002a0f0000)]
  0x000000001fac2800 JavaThread "jar transforms Thread 89" [_thread_blocked, id=2496, stack(0x0000000029ef0000,0x0000000029ff0000)]
  0x000000001fac3000 JavaThread "jar transforms Thread 88" [_thread_blocked, id=11884, stack(0x0000000029df0000,0x0000000029ef0000)]
  0x000000001fac5800 JavaThread "jar transforms Thread 87" [_thread_blocked, id=8136, stack(0x0000000029cf0000,0x0000000029df0000)]
  0x000000001fabe800 JavaThread "jar transforms Thread 86" [_thread_blocked, id=1672, stack(0x0000000029bf0000,0x0000000029cf0000)]
  0x000000001fac4000 JavaThread "jar transforms Thread 85" [_thread_blocked, id=11440, stack(0x0000000029af0000,0x0000000029bf0000)]
  0x000000001fabf800 JavaThread "jar transforms Thread 84" [_thread_blocked, id=5972, stack(0x00000000299f0000,0x0000000029af0000)]
  0x000000001fab9800 JavaThread "jar transforms Thread 83" [_thread_blocked, id=10760, stack(0x00000000298f0000,0x00000000299f0000)]
  0x000000001fab7000 JavaThread "jar transforms Thread 82" [_thread_blocked, id=3796, stack(0x00000000297f0000,0x00000000298f0000)]
  0x000000001fabe000 JavaThread "jar transforms Thread 81" [_thread_blocked, id=9692, stack(0x00000000296f0000,0x00000000297f0000)]
  0x000000001fabd000 JavaThread "jar transforms Thread 80" [_thread_blocked, id=4596, stack(0x00000000295f0000,0x00000000296f0000)]
  0x000000001fabb800 JavaThread "jar transforms Thread 79" [_thread_blocked, id=1052, stack(0x00000000294f0000,0x00000000295f0000)]
  0x000000001fabb000 JavaThread "jar transforms Thread 78" [_thread_blocked, id=7416, stack(0x00000000293f0000,0x00000000294f0000)]
  0x000000001fabc800 JavaThread "jar transforms Thread 77" [_thread_blocked, id=4776, stack(0x00000000292f0000,0x00000000293f0000)]
  0x000000001fab8800 JavaThread "jar transforms Thread 76" [_thread_blocked, id=5040, stack(0x00000000291f0000,0x00000000292f0000)]
  0x000000001faba000 JavaThread "jar transforms Thread 75" [_thread_blocked, id=11140, stack(0x00000000290f0000,0x00000000291f0000)]
  0x000000001fab8000 JavaThread "jar transforms Thread 74" [_thread_blocked, id=11412, stack(0x0000000028ff0000,0x00000000290f0000)]
  0x0000000021c99800 JavaThread "jar transforms Thread 73" [_thread_blocked, id=10112, stack(0x0000000028ef0000,0x0000000028ff0000)]
  0x0000000021c98000 JavaThread "jar transforms Thread 72" [_thread_blocked, id=12244, stack(0x0000000028df0000,0x0000000028ef0000)]
  0x0000000021c9d800 JavaThread "jar transforms Thread 71" [_thread_blocked, id=3384, stack(0x0000000028cf0000,0x0000000028df0000)]
  0x0000000021c99000 JavaThread "jar transforms Thread 70" [_thread_blocked, id=1884, stack(0x0000000028bf0000,0x0000000028cf0000)]
  0x0000000021c9c000 JavaThread "jar transforms Thread 69" [_thread_blocked, id=3352, stack(0x0000000028af0000,0x0000000028bf0000)]
  0x0000000021c9a800 JavaThread "jar transforms Thread 68" [_thread_blocked, id=10828, stack(0x00000000289f0000,0x0000000028af0000)]
  0x0000000021c9b000 JavaThread "jar transforms Thread 67" [_thread_blocked, id=3728, stack(0x00000000288f0000,0x00000000289f0000)]
  0x0000000021c96800 JavaThread "jar transforms Thread 66" [_thread_blocked, id=8672, stack(0x00000000287f0000,0x00000000288f0000)]
  0x0000000021c9c800 JavaThread "jar transforms Thread 65" [_thread_blocked, id=3980, stack(0x00000000286f0000,0x00000000287f0000)]
  0x0000000021c97800 JavaThread "jar transforms Thread 64" [_thread_blocked, id=5756, stack(0x00000000285f0000,0x00000000286f0000)]
  0x0000000021c8f000 JavaThread "jar transforms Thread 63" [_thread_blocked, id=8580, stack(0x0000000028150000,0x0000000028250000)]
  0x0000000021c90800 JavaThread "jar transforms Thread 62" [_thread_blocked, id=12256, stack(0x00000000284f0000,0x00000000285f0000)]
  0x0000000021c90000 JavaThread "jar transforms Thread 61" [_thread_blocked, id=8812, stack(0x00000000283f0000,0x00000000284f0000)]
  0x0000000021c96000 JavaThread "jar transforms Thread 60" [_thread_blocked, id=816, stack(0x00000000282f0000,0x00000000283f0000)]
  0x0000000021c8e800 JavaThread "jar transforms Thread 59" [_thread_blocked, id=1108, stack(0x0000000028050000,0x0000000028150000)]
  0x0000000021c93800 JavaThread "jar transforms Thread 58" [_thread_blocked, id=3648, stack(0x0000000027f50000,0x0000000028050000)]
  0x0000000021c95000 JavaThread "jar transforms Thread 57" [_thread_blocked, id=11240, stack(0x0000000027e50000,0x0000000027f50000)]
  0x0000000021c91800 JavaThread "jar transforms Thread 56" [_thread_blocked, id=8764, stack(0x0000000027d50000,0x0000000027e50000)]
  0x0000000021c94800 JavaThread "jar transforms Thread 55" [_thread_blocked, id=4004, stack(0x0000000027c50000,0x0000000027d50000)]
  0x0000000021c93000 JavaThread "jar transforms Thread 54" [_thread_blocked, id=2564, stack(0x0000000027b50000,0x0000000027c50000)]
  0x0000000021c92000 JavaThread "jar transforms Thread 53" [_thread_blocked, id=12692, stack(0x0000000027a50000,0x0000000027b50000)]
  0x00000000219e9800 JavaThread "jar transforms Thread 52" [_thread_blocked, id=984, stack(0x0000000027950000,0x0000000027a50000)]
  0x00000000219e8000 JavaThread "jar transforms Thread 51" [_thread_blocked, id=9720, stack(0x0000000027850000,0x0000000027950000)]
  0x00000000219e7000 JavaThread "jar transforms Thread 50" [_thread_blocked, id=13300, stack(0x0000000027750000,0x0000000027850000)]
  0x00000000219e6800 JavaThread "jar transforms Thread 49" [_thread_blocked, id=8588, stack(0x0000000027650000,0x0000000027750000)]
  0x00000000219ea000 JavaThread "jar transforms Thread 48" [_thread_blocked, id=6324, stack(0x0000000027550000,0x0000000027650000)]
  0x00000000219e5800 JavaThread "jar transforms Thread 47" [_thread_blocked, id=8144, stack(0x0000000027450000,0x0000000027550000)]
  0x00000000219e5000 JavaThread "jar transforms Thread 46" [_thread_blocked, id=5008, stack(0x0000000027350000,0x0000000027450000)]
  0x00000000219e8800 JavaThread "jar transforms Thread 45" [_thread_blocked, id=6152, stack(0x0000000027250000,0x0000000027350000)]
  0x00000000219dd800 JavaThread "jar transforms Thread 44" [_thread_blocked, id=11192, stack(0x0000000027150000,0x0000000027250000)]
  0x00000000219df000 JavaThread "jar transforms Thread 43" [_thread_blocked, id=12744, stack(0x0000000027050000,0x0000000027150000)]
  0x00000000219e4000 JavaThread "jar transforms Thread 42" [_thread_blocked, id=8160, stack(0x0000000026f50000,0x0000000027050000)]
  0x00000000219e3800 JavaThread "jar transforms Thread 41" [_thread_blocked, id=7952, stack(0x0000000026e50000,0x0000000026f50000)]
  0x00000000219e2800 JavaThread "jar transforms Thread 40" [_thread_blocked, id=11028, stack(0x0000000026d50000,0x0000000026e50000)]
  0x00000000219de000 JavaThread "jar transforms Thread 39" [_thread_blocked, id=8492, stack(0x0000000026c50000,0x0000000026d50000)]
  0x00000000219dc000 JavaThread "jar transforms Thread 38" [_thread_blocked, id=132, stack(0x0000000026b50000,0x0000000026c50000)]
  0x00000000219db000 JavaThread "jar transforms Thread 37" [_thread_blocked, id=10000, stack(0x0000000026a50000,0x0000000026b50000)]
  0x00000000219e0800 JavaThread "jar transforms Thread 36" [_thread_blocked, id=3856, stack(0x0000000026950000,0x0000000026a50000)]
  0x00000000219df800 JavaThread "jar transforms Thread 35" [_thread_blocked, id=11256, stack(0x0000000026850000,0x0000000026950000)]
  0x00000000219e2000 JavaThread "jar transforms Thread 34" [_thread_blocked, id=7816, stack(0x0000000026750000,0x0000000026850000)]
  0x00000000219dc800 JavaThread "jar transforms Thread 33" [_thread_blocked, id=11852, stack(0x0000000026650000,0x0000000026750000)]
  0x00000000219e1000 JavaThread "jar transforms Thread 32" [_thread_blocked, id=12856, stack(0x0000000026550000,0x0000000026650000)]
  0x0000000022f27800 JavaThread "jar transforms Thread 31" [_thread_blocked, id=5576, stack(0x0000000026450000,0x0000000026550000)]
  0x0000000022f2e800 JavaThread "jar transforms Thread 30" [_thread_blocked, id=10812, stack(0x0000000026350000,0x0000000026450000)]
  0x0000000022f2d800 JavaThread "jar transforms Thread 29" [_thread_blocked, id=6992, stack(0x0000000026250000,0x0000000026350000)]
  0x0000000022f2a800 JavaThread "jar transforms Thread 28" [_thread_blocked, id=8152, stack(0x0000000025db0000,0x0000000025eb0000)]
  0x0000000022f2a000 JavaThread "jar transforms Thread 27" [_thread_blocked, id=7768, stack(0x0000000026150000,0x0000000026250000)]
  0x0000000022f2d000 JavaThread "jar transforms Thread 26" [_thread_blocked, id=2024, stack(0x0000000026050000,0x0000000026150000)]
  0x0000000022f29000 JavaThread "jar transforms Thread 25" [_thread_blocked, id=6376, stack(0x0000000025f50000,0x0000000026050000)]
  0x0000000022f28800 JavaThread "jar transforms Thread 24" [_thread_blocked, id=11864, stack(0x0000000025cb0000,0x0000000025db0000)]
  0x0000000022f2b800 JavaThread "jar transforms Thread 23" [_thread_blocked, id=6440, stack(0x0000000025bb0000,0x0000000025cb0000)]
  0x0000000022f2c000 JavaThread "jar transforms Thread 22" [_thread_blocked, id=6664, stack(0x0000000025ab0000,0x0000000025bb0000)]
  0x0000000022f20000 JavaThread "jar transforms Thread 21" [_thread_blocked, id=2476, stack(0x00000000259b0000,0x0000000025ab0000)]
  0x0000000022f27000 JavaThread "jar transforms Thread 20" [_thread_blocked, id=3184, stack(0x00000000258b0000,0x00000000259b0000)]
  0x0000000022f26000 JavaThread "jar transforms Thread 19" [_thread_blocked, id=2484, stack(0x00000000257b0000,0x00000000258b0000)]
  0x0000000022f25800 JavaThread "jar transforms Thread 18" [_thread_blocked, id=6240, stack(0x00000000256b0000,0x00000000257b0000)]
  0x0000000022f24000 JavaThread "jar transforms Thread 17" [_thread_blocked, id=11564, stack(0x00000000255b0000,0x00000000256b0000)]
  0x0000000022f1f800 JavaThread "jar transforms Thread 16" [_thread_blocked, id=6800, stack(0x00000000254b0000,0x00000000255b0000)]
  0x0000000022f22800 JavaThread "jar transforms Thread 15" [_thread_blocked, id=5796, stack(0x00000000253b0000,0x00000000254b0000)]
  0x0000000022f23000 JavaThread "jar transforms Thread 14" [_thread_blocked, id=11384, stack(0x00000000252b0000,0x00000000253b0000)]
  0x0000000022f21800 JavaThread "jar transforms Thread 13" [_thread_blocked, id=9492, stack(0x00000000251b0000,0x00000000252b0000)]
  0x0000000022f21000 JavaThread "jar transforms Thread 12" [_thread_blocked, id=3204, stack(0x00000000250b0000,0x00000000251b0000)]
  0x0000000022f24800 JavaThread "jar transforms Thread 11" [_thread_blocked, id=11460, stack(0x0000000024fb0000,0x00000000250b0000)]
  0x000000001c214800 JavaThread "jar transforms Thread 10" [_thread_blocked, id=9732, stack(0x0000000024eb0000,0x0000000024fb0000)]
  0x000000001c214000 JavaThread "jar transforms Thread 9" [_thread_blocked, id=3240, stack(0x0000000024db0000,0x0000000024eb0000)]
  0x000000001c213000 JavaThread "jar transforms Thread 8" [_thread_blocked, id=12596, stack(0x0000000024cb0000,0x0000000024db0000)]
  0x000000001c211800 JavaThread "jar transforms Thread 7" [_thread_blocked, id=1768, stack(0x0000000024bb0000,0x0000000024cb0000)]
  0x000000001c216000 JavaThread "jar transforms Thread 6" [_thread_blocked, id=8952, stack(0x0000000024ab0000,0x0000000024bb0000)]
  0x000000001c215800 JavaThread "jar transforms Thread 5" [_thread_blocked, id=2844, stack(0x00000000249b0000,0x0000000024ab0000)]
  0x000000001c212800 JavaThread "jar transforms Thread 4" [_thread_blocked, id=11616, stack(0x00000000248b0000,0x00000000249b0000)]
  0x000000001c211000 JavaThread "jar transforms Thread 3" [_thread_blocked, id=8220, stack(0x00000000247b0000,0x00000000248b0000)]
  0x000000001c209800 JavaThread "jar transforms Thread 2" [_thread_blocked, id=6308, stack(0x00000000246b0000,0x00000000247b0000)]
  0x000000001c210000 JavaThread "Build operations Thread 8" [_thread_blocked, id=8, stack(0x00000000244b0000,0x00000000245b0000)]
  0x000000001c20f800 JavaThread "Build operations Thread 7" [_thread_blocked, id=9340, stack(0x00000000243b0000,0x00000000244b0000)]
  0x000000001c207800 JavaThread "Build operations Thread 6" [_thread_blocked, id=2372, stack(0x00000000242b0000,0x00000000243b0000)]
  0x000000001c20e800 JavaThread "Build operations Thread 5" [_thread_blocked, id=9348, stack(0x00000000241b0000,0x00000000242b0000)]
  0x000000001c20e000 JavaThread "Build operations Thread 4" [_thread_blocked, id=5164, stack(0x00000000240b0000,0x00000000241b0000)]
  0x000000001c20a000 JavaThread "Build operations Thread 3" [_thread_blocked, id=11988, stack(0x0000000023fb0000,0x00000000240b0000)]
  0x000000001c20d000 JavaThread "Build operations Thread 2" [_thread_blocked, id=8212, stack(0x0000000023eb0000,0x0000000023fb0000)]
  0x000000001c20b800 JavaThread "Build operations" [_thread_blocked, id=4164, stack(0x0000000023db0000,0x0000000023eb0000)]
  0x000000001bf6a000 JavaThread "Cache worker for file content cache (C:\Users\USER\.gradle\caches\6.5\fileContent)" [_thread_blocked, id=7560, stack(0x00000000226e0000,0x00000000227e0000)]
  0x000000001bf6a800 JavaThread "jar transforms" [_thread_blocked, id=2244, stack(0x00000000225e0000,0x00000000226e0000)]
  0x000000001bf69000 JavaThread "Cache worker for execution history cache (C:\Users\USER\.gradle\caches\6.5\executionHistory)" [_thread_blocked, id=3348, stack(0x0000000021ee0000,0x0000000021fe0000)]
  0x000000001bf67000 JavaThread "Cache worker for cache directory md-rule (C:\Users\USER\.gradle\caches\6.5\md-rule)" [_thread_blocked, id=12868, stack(0x0000000020b30000,0x0000000020c30000)]
  0x000000001bf67800 JavaThread "Cache worker for cache directory md-supplier (C:\Users\USER\.gradle\caches\6.5\md-supplier)" [_thread_blocked, id=7372, stack(0x0000000020670000,0x0000000020770000)]
  0x000000001bf66000 JavaThread "Cache worker for checksums cache (C:\Users\USER\AndroidStudioProjects\Protocols\.gradle\checksums)" [_thread_blocked, id=4024, stack(0x0000000020570000,0x0000000020670000)]
  0x000000001bf6b800 JavaThread "Cache worker for file hash cache (C:\Users\USER\AndroidStudioProjects\Protocols\.gradle\6.5\fileHashes)" [_thread_blocked, id=7668, stack(0x0000000020810000,0x0000000020910000)]
  0x000000001bf68800 JavaThread "Cache worker for file hash cache (C:\Users\USER\.gradle\caches\6.5\fileHashes)" [_thread_blocked, id=12164, stack(0x000000001e2d0000,0x000000001e3d0000)]
  0x000000001bf65800 JavaThread "File lock request listener" [_thread_in_native, id=10408, stack(0x000000001e1d0000,0x000000001e2d0000)]
  0x000000001c047800 JavaThread "Cache worker for journal cache (C:\Users\USER\.gradle\caches\journal-1)" [_thread_blocked, id=6132, stack(0x000000001e0d0000,0x000000001e1d0000)]
  0x000000001a3fb800 JavaThread "Thread-9" [_thread_blocked, id=1596, stack(0x000000001ddd0000,0x000000001ded0000)]
  0x000000001ae9f000 JavaThread "Stdin handler" [_thread_blocked, id=5292, stack(0x000000001dcd0000,0x000000001ddd0000)]
  0x000000001ae9d800 JavaThread "Asynchronous log dispatcher for DefaultDaemonConnection: socket connection from /127.0.0.1:57696 to /127.0.0.1:57697" [_thread_blocked, id=6224, stack(0x000000001dbd0000,0x000000001dcd0000)]
  0x000000001a71c800 JavaThread "Daemon worker" [_thread_blocked, id=1804, stack(0x000000001dad0000,0x000000001dbd0000)]
  0x000000001a71c000 JavaThread "Cancel handler" [_thread_blocked, id=6236, stack(0x000000001d9d0000,0x000000001dad0000)]
  0x000000001a4f9800 JavaThread "Handler for socket connection from /127.0.0.1:57696 to /127.0.0.1:57697" [_thread_in_native, id=10108, stack(0x000000001d8d0000,0x000000001d9d0000)]
  0x000000001bda1800 JavaThread "Daemon" [_thread_blocked, id=380, stack(0x000000001d5d0000,0x000000001d6d0000)]
  0x000000001a3fc000 JavaThread "Daemon periodic checks" [_thread_blocked, id=8396, stack(0x000000001d4d0000,0x000000001d5d0000)]
  0x000000001bd92800 JavaThread "Incoming local TCP Connector on port 57696" [_thread_in_native, id=7444, stack(0x000000001d280000,0x000000001d380000)]
  0x000000001a3c5800 JavaThread "Daemon health stats" [_thread_blocked, id=9784, stack(0x000000001cc40000,0x000000001cd40000)]
  0x0000000019457000 JavaThread "Service Thread" daemon [_thread_blocked, id=11848, stack(0x000000001a0a0000,0x000000001a1a0000)]
  0x00000000193cb800 JavaThread "C1 CompilerThread3" daemon [_thread_in_native, id=6356, stack(0x0000000019fa0000,0x000000001a0a0000)]
  0x00000000193c7800 JavaThread "C2 CompilerThread2" daemon [_thread_in_native, id=11672, stack(0x0000000019ea0000,0x0000000019fa0000)]
  0x00000000175db000 JavaThread "C2 CompilerThread1" daemon [_thread_in_native, id=6816, stack(0x0000000019da0000,0x0000000019ea0000)]
=>0x00000000193c2000 JavaThread "C2 CompilerThread0" daemon [_thread_in_native, id=4308, stack(0x0000000019ca0000,0x0000000019da0000)]
  0x00000000193c1000 JavaThread "Attach Listener" daemon [_thread_blocked, id=2108, stack(0x0000000019ba0000,0x0000000019ca0000)]
  0x00000000193c0000 JavaThread "Signal Dispatcher" daemon [_thread_blocked, id=10924, stack(0x0000000019aa0000,0x0000000019ba0000)]
  0x00000000193b1800 JavaThread "Finalizer" daemon [_thread_blocked, id=13040, stack(0x0000000019890000,0x0000000019990000)]
  0x00000000193b0800 JavaThread "Reference Handler" daemon [_thread_blocked, id=7260, stack(0x0000000019790000,0x0000000019890000)]
  0x000000000234d800 JavaThread "main" [_thread_blocked, id=4916, stack(0x0000000002360000,0x0000000002460000)]

Other Threads:
  0x00000000175c8000 VMThread [stack: 0x0000000019290000,0x0000000019390000] [id=12812]
  0x0000000019458000 WatcherThread [stack: 0x000000001a1a0000,0x000000001a2a0000] [id=10160]

VM state:not at safepoint (normal execution)

VM Mutex/Monitor currently owned by a thread: None

heap address: 0x0000000080000000, size: 2048 MB, Compressed Oops mode: 32-bit
Narrow klass base: 0x0000000000000000, Narrow klass shift: 3
Compressed class space size: 1073741824 Address: 0x0000000100000000

Heap:
 PSYoungGen      total 190464K, used 139291K [0x00000000d5580000, 0x00000000e4880000, 0x0000000100000000)
  eden space 171520K, 72% used [0x00000000d5580000,0x00000000dced3f30,0x00000000dfd00000)
  from space 18944K, 79% used [0x00000000dfd00000,0x00000000e0bb2f78,0x00000000e0f80000)
  to   space 20480K, 0% used [0x00000000e3480000,0x00000000e3480000,0x00000000e4880000)
 ParOldGen       total 125952K, used 32347K [0x0000000080000000, 0x0000000087b00000, 0x00000000d5580000)
  object space 125952K, 25% used [0x0000000080000000,0x0000000081f96c40,0x0000000087b00000)
 Metaspace       used 74377K, capacity 77892K, committed 78104K, reserved 1116160K
  class space    used 10095K, capacity 10756K, committed 10800K, reserved 1048576K

Card table byte_map: [0x0000000011920000,0x0000000011d30000] byte_map_base: 0x0000000011520000

Marking Bits: (ParMarkBitMap*) 0x0000000052bff030
 Begin Bits: [0x00000000127e0000, 0x00000000147e0000)
 End Bits:   [0x00000000147e0000, 0x00000000167e0000)

Polling page: 0x0000000000630000

CodeCache: size=245760Kb used=24050Kb max_used=24050Kb free=221710Kb
 bounds [0x0000000002560000, 0x0000000003d00000, 0x0000000011560000]
 total_blobs=8440 nmethods=7629 adapters=723
 compilation: enabled

Compilation events (10 events):
Event: 6.789 Thread 0x00000000193cb800 8563       3       com.sun.tools.javac.code.Type$MethodType::getTag (4 bytes)
Event: 6.789 Thread 0x00000000193cb800 nmethod 8563 0x0000000003ce5890 code [0x0000000003ce59e0, 0x0000000003ce5b30]
Event: 6.790 Thread 0x00000000193cb800 8566       3       com.sun.tools.javac.code.Types$Subst::visitType (10 bytes)
Event: 6.790 Thread 0x00000000193cb800 nmethod 8566 0x0000000003ce5310 code [0x0000000003ce5480, 0x0000000003ce5770]
Event: 6.790 Thread 0x00000000193cb800 8567       3       com.sun.tools.javac.code.Types$Subst::visitType (2 bytes)
Event: 6.790 Thread 0x00000000193cb800 nmethod 8567 0x0000000003ce4fd0 code [0x0000000003ce5120, 0x0000000003ce5270]
Event: 6.790 Thread 0x00000000193cb800 8568       1       com.sun.tools.javac.code.Type$JCPrimitiveType::isPrimitive (2 bytes)
Event: 6.790 Thread 0x00000000193cb800 nmethod 8568 0x0000000003ce4d10 code [0x0000000003ce4e60, 0x0000000003ce4f70]
Event: 6.790 Thread 0x00000000193cb800 8569       3       javax.lang.model.util.ElementFilter::methodsIn (10 bytes)
Event: 6.790 Thread 0x00000000193cb800 nmethod 8569 0x0000000003ce4990 code [0x0000000003ce4b00, 0x0000000003ce4c88]

GC Heap History (10 events):
Event: 3.249 GC heap before
{Heap before GC invocations=12 (full 2):
 PSYoungGen      total 129536K, used 118784K [0x00000000d5580000, 0x00000000df400000, 0x0000000100000000)
  eden space 118784K, 100% used [0x00000000d5580000,0x00000000dc980000,0x00000000dc980000)
  from space 10752K, 0% used [0x00000000dc980000,0x00000000dc980000,0x00000000dd400000)
  to   space 12288K, 0% used [0x00000000de800000,0x00000000de800000,0x00000000df400000)
 ParOldGen       total 83968K, used 17693K [0x0000000080000000, 0x0000000085200000, 0x00000000d5580000)
  object space 83968K, 21% used [0x0000000080000000,0x0000000081147450,0x0000000085200000)
 Metaspace       used 39324K, capacity 41152K, committed 41512K, reserved 1085440K
  class space    used 5433K, capacity 5828K, committed 5936K, reserved 1048576K
Event: 3.255 GC heap after
Heap after GC invocations=12 (full 2):
 PSYoungGen      total 149504K, used 9458K [0x00000000d5580000, 0x00000000e0200000, 0x0000000100000000)
  eden space 137216K, 0% used [0x00000000d5580000,0x00000000d5580000,0x00000000ddb80000)
  from space 12288K, 76% used [0x00000000de800000,0x00000000df13cbb8,0x00000000df400000)
  to   space 12800K, 0% used [0x00000000ddb80000,0x00000000ddb80000,0x00000000de800000)
 ParOldGen       total 83968K, used 17701K [0x0000000080000000, 0x0000000085200000, 0x00000000d5580000)
  object space 83968K, 21% used [0x0000000080000000,0x0000000081149450,0x0000000085200000)
 Metaspace       used 39324K, capacity 41152K, committed 41512K, reserved 1085440K
  class space    used 5433K, capacity 5828K, committed 5936K, reserved 1048576K
}
Event: 4.174 GC heap before
{Heap before GC invocations=13 (full 2):
 PSYoungGen      total 149504K, used 146674K [0x00000000d5580000, 0x00000000e0200000, 0x0000000100000000)
  eden space 137216K, 100% used [0x00000000d5580000,0x00000000ddb80000,0x00000000ddb80000)
  from space 12288K, 76% used [0x00000000de800000,0x00000000df13cbb8,0x00000000df400000)
  to   space 12800K, 0% used [0x00000000ddb80000,0x00000000ddb80000,0x00000000de800000)
 ParOldGen       total 83968K, used 17701K [0x0000000080000000, 0x0000000085200000, 0x00000000d5580000)
  object space 83968K, 21% used [0x0000000080000000,0x0000000081149450,0x0000000085200000)
 Metaspace       used 52100K, capacity 54166K, committed 54312K, reserved 1095680K
  class space    used 6974K, capacity 7393K, committed 7472K, reserved 1048576K
Event: 4.187 GC heap after
Heap after GC invocations=13 (full 2):
 PSYoungGen      total 150016K, used 12772K [0x00000000d5580000, 0x00000000e2100000, 0x0000000100000000)
  eden space 137216K, 0% used [0x00000000d5580000,0x00000000d5580000,0x00000000ddb80000)
  from space 12800K, 99% used [0x00000000ddb80000,0x00000000de7f9310,0x00000000de800000)
  to   space 17920K, 0% used [0x00000000e0f80000,0x00000000e0f80000,0x00000000e2100000)
 ParOldGen       total 83968K, used 27655K [0x0000000080000000, 0x0000000085200000, 0x00000000d5580000)
  object space 83968K, 32% used [0x0000000080000000,0x0000000081b01cf8,0x0000000085200000)
 Metaspace       used 52100K, capacity 54166K, committed 54312K, reserved 1095680K
  class space    used 6974K, capacity 7393K, committed 7472K, reserved 1048576K
}
Event: 4.585 GC heap before
{Heap before GC invocations=14 (full 2):
 PSYoungGen      total 150016K, used 63721K [0x00000000d5580000, 0x00000000e2100000, 0x0000000100000000)
  eden space 137216K, 37% used [0x00000000d5580000,0x00000000d8741378,0x00000000ddb80000)
  from space 12800K, 99% used [0x00000000ddb80000,0x00000000de7f9310,0x00000000de800000)
  to   space 17920K, 0% used [0x00000000e0f80000,0x00000000e0f80000,0x00000000e2100000)
 ParOldGen       total 83968K, used 27655K [0x0000000080000000, 0x0000000085200000, 0x00000000d5580000)
  object space 83968K, 32% used [0x0000000080000000,0x0000000081b01cf8,0x0000000085200000)
 Metaspace       used 56723K, capacity 59116K, committed 59160K, reserved 1099776K
  class space    used 7765K, capacity 8219K, committed 8240K, reserved 1048576K
Event: 4.602 GC heap after
Heap after GC invocations=14 (full 2):
 PSYoungGen      total 189440K, used 13837K [0x00000000d5580000, 0x00000000e2800000, 0x0000000100000000)
  eden space 171520K, 0% used [0x00000000d5580000,0x00000000d5580000,0x00000000dfd00000)
  from space 17920K, 77% used [0x00000000e0f80000,0x00000000e1d03578,0x00000000e2100000)
  to   space 18944K, 0% used [0x00000000dfd00000,0x00000000dfd00000,0x00000000e0f80000)
 ParOldGen       total 83968K, used 32621K [0x0000000080000000, 0x0000000085200000, 0x00000000d5580000)
  object space 83968K, 38% used [0x0000000080000000,0x0000000081fdb4a8,0x0000000085200000)
 Metaspace       used 56723K, capacity 59116K, committed 59160K, reserved 1099776K
  class space    used 7765K, capacity 8219K, committed 8240K, reserved 1048576K
}
Event: 4.602 GC heap before
{Heap before GC invocations=15 (full 3):
 PSYoungGen      total 189440K, used 13837K [0x00000000d5580000, 0x00000000e2800000, 0x0000000100000000)
  eden space 171520K, 0% used [0x00000000d5580000,0x00000000d5580000,0x00000000dfd00000)
  from space 17920K, 77% used [0x00000000e0f80000,0x00000000e1d03578,0x00000000e2100000)
  to   space 18944K, 0% used [0x00000000dfd00000,0x00000000dfd00000,0x00000000e0f80000)
 ParOldGen       total 83968K, used 32621K [0x0000000080000000, 0x0000000085200000, 0x00000000d5580000)
  object space 83968K, 38% used [0x0000000080000000,0x0000000081fdb4a8,0x0000000085200000)
 Metaspace       used 56723K, capacity 59116K, committed 59160K, reserved 1099776K
  class space    used 7765K, capacity 8219K, committed 8240K, reserved 1048576K
Event: 4.731 GC heap after
Heap after GC invocations=15 (full 3):
 PSYoungGen      total 189440K, used 0K [0x00000000d5580000, 0x00000000e2800000, 0x0000000100000000)
  eden space 171520K, 0% used [0x00000000d5580000,0x00000000d5580000,0x00000000dfd00000)
  from space 17920K, 0% used [0x00000000e0f80000,0x00000000e0f80000,0x00000000e2100000)
  to   space 18944K, 0% used [0x00000000dfd00000,0x00000000dfd00000,0x00000000e0f80000)
 ParOldGen       total 125952K, used 32339K [0x0000000080000000, 0x0000000087b00000, 0x00000000d5580000)
  object space 125952K, 25% used [0x0000000080000000,0x0000000081f94c40,0x0000000087b00000)
 Metaspace       used 56684K, capacity 58984K, committed 59160K, reserved 1099776K
  class space    used 7753K, capacity 8197K, committed 8240K, reserved 1048576K
}
Event: 5.838 GC heap before
{Heap before GC invocations=16 (full 3):
 PSYoungGen      total 189440K, used 171520K [0x00000000d5580000, 0x00000000e2800000, 0x0000000100000000)
  eden space 171520K, 100% used [0x00000000d5580000,0x00000000dfd00000,0x00000000dfd00000)
  from space 17920K, 0% used [0x00000000e0f80000,0x00000000e0f80000,0x00000000e2100000)
  to   space 18944K, 0% used [0x00000000dfd00000,0x00000000dfd00000,0x00000000e0f80000)
 ParOldGen       total 125952K, used 32339K [0x0000000080000000, 0x0000000087b00000, 0x00000000d5580000)
  object space 125952K, 25% used [0x0000000080000000,0x0000000081f94c40,0x0000000087b00000)
 Metaspace       used 63414K, capacity 66638K, committed 66840K, reserved 1105920K
  class space    used 8790K, capacity 9410K, committed 9520K, reserved 1048576K
Event: 5.849 GC heap after
Heap after GC invocations=16 (full 3):
 PSYoungGen      total 190464K, used 15051K [0x00000000d5580000, 0x00000000e4880000, 0x0000000100000000)
  eden space 171520K, 0% used [0x00000000d5580000,0x00000000d5580000,0x00000000dfd00000)
  from space 18944K, 79% used [0x00000000dfd00000,0x00000000e0bb2f78,0x00000000e0f80000)
  to   space 20480K, 0% used [0x00000000e3480000,0x00000000e3480000,0x00000000e4880000)
 ParOldGen       total 125952K, used 32347K [0x0000000080000000, 0x0000000087b00000, 0x00000000d5580000)
  object space 125952K, 25% used [0x0000000080000000,0x0000000081f96c40,0x0000000087b00000)
 Metaspace       used 63414K, capacity 66638K, committed 66840K, reserved 1105920K
  class space    used 8790K, capacity 9410K, committed 9520K, reserved 1048576K
}

Deoptimization events (10 events):
Event: 6.764 Thread 0x000000001f718000 Uncommon trap: reason=class_check action=maybe_recompile pc=0x0000000003cceaa4 method=org.antlr.v4.runtime.atn.ATNConfigSet$ConfigEqualityComparator.hashCode(Lorg/antlr/v4/runtime/atn/ATNConfig;)I @ 34
Event: 6.764 Thread 0x000000001f718000 Uncommon trap: reason=class_check action=maybe_recompile pc=0x0000000003cceaa4 method=org.antlr.v4.runtime.atn.ATNConfigSet$ConfigEqualityComparator.hashCode(Lorg/antlr/v4/runtime/atn/ATNConfig;)I @ 34
Event: 6.765 Thread 0x000000001f718000 Uncommon trap: reason=bimorphic action=maybe_recompile pc=0x0000000003cd0d24 method=org.antlr.v4.runtime.atn.SingletonPredictionContext.equals(Ljava/lang/Object;)Z @ 60
Event: 6.766 Thread 0x000000001f718000 Uncommon trap: reason=class_check action=maybe_recompile pc=0x0000000003cd9ff4 method=org.antlr.v4.runtime.atn.ATNConfigSet$ConfigEqualityComparator.hashCode(Lorg/antlr/v4/runtime/atn/ATNConfig;)I @ 34
Event: 6.774 Thread 0x000000001f718000 Uncommon trap: reason=bimorphic action=maybe_recompile pc=0x0000000003cd0d24 method=org.antlr.v4.runtime.atn.SingletonPredictionContext.equals(Ljava/lang/Object;)Z @ 60
Event: 6.774 Thread 0x000000001f718000 Uncommon trap: reason=bimorphic action=maybe_recompile pc=0x0000000003cd0d24 method=org.antlr.v4.runtime.atn.SingletonPredictionContext.equals(Ljava/lang/Object;)Z @ 60
Event: 6.783 Thread 0x000000001f718000 Uncommon trap: reason=class_check action=maybe_recompile pc=0x0000000003bba918 method=com.sun.tools.javac.code.Type.containsAny(Lcom/sun/tools/javac/util/List;)Z @ 6
Event: 6.783 Thread 0x000000001f718000 Uncommon trap: reason=class_check action=maybe_recompile pc=0x0000000003bba918 method=com.sun.tools.javac.code.Type.containsAny(Lcom/sun/tools/javac/util/List;)Z @ 6
Event: 6.783 Thread 0x000000001f718000 Uncommon trap: reason=class_check action=maybe_recompile pc=0x0000000003bba918 method=com.sun.tools.javac.code.Type.containsAny(Lcom/sun/tools/javac/util/List;)Z @ 6
Event: 6.784 Thread 0x000000001f718000 Uncommon trap: reason=class_check action=maybe_recompile pc=0x0000000003bba918 method=com.sun.tools.javac.code.Type.containsAny(Lcom/sun/tools/javac/util/List;)Z @ 6

Classes redefined (0 events):
No events

Internal exceptions (10 events):
Event: 5.816 Thread 0x000000001f718000 Exception <a 'java/lang/NoSuchMethodError': <clinit>> (0x00000000df82c860) thrown at [C:\src\AOSP-openjdk-git\hotspot\src\share\vm\prims\jni.cpp, line 1615]
Event: 5.817 Thread 0x000000001f718000 Exception <a 'java/lang/NoSuchMethodError': <clinit>> (0x00000000df841608) thrown at [C:\src\AOSP-openjdk-git\hotspot\src\share\vm\prims\jni.cpp, line 1615]
Event: 5.817 Thread 0x000000001f718000 Exception <a 'java/lang/NoSuchMethodError': <clinit>> (0x00000000df842928) thrown at [C:\src\AOSP-openjdk-git\hotspot\src\share\vm\prims\jni.cpp, line 1615]
Event: 6.018 Thread 0x000000001f718000 Exception <a 'sun/nio/fs/WindowsException'> (0x00000000d7aff550) thrown at [C:\src\AOSP-openjdk-git\hotspot\src\share\vm\prims\jni.cpp, line 710]
Event: 6.018 Thread 0x000000001f718000 Exception <a 'sun/nio/fs/WindowsException'> (0x00000000d7b00888) thrown at [C:\src\AOSP-openjdk-git\hotspot\src\share\vm\prims\jni.cpp, line 710]
Event: 6.019 Thread 0x000000001f718000 Exception <a 'sun/nio/fs/WindowsException'> (0x00000000d7b741f0) thrown at [C:\src\AOSP-openjdk-git\hotspot\src\share\vm\prims\jni.cpp, line 710]
Event: 6.019 Thread 0x000000001f718000 Exception <a 'sun/nio/fs/WindowsException'> (0x00000000d7b74f28) thrown at [C:\src\AOSP-openjdk-git\hotspot\src\share\vm\prims\jni.cpp, line 710]
Event: 6.020 Thread 0x000000001f718000 Exception <a 'sun/nio/fs/WindowsException'> (0x00000000d7b77030) thrown at [C:\src\AOSP-openjdk-git\hotspot\src\share\vm\prims\jni.cpp, line 710]
Event: 6.020 Thread 0x000000001f718000 Exception <a 'sun/nio/fs/WindowsException'> (0x00000000d7b77d78) thrown at [C:\src\AOSP-openjdk-git\hotspot\src\share\vm\prims\jni.cpp, line 710]
Event: 6.606 Thread 0x000000001f718000 Implicit null exception at 0x00000000027e6856 to 0x00000000027e6bf1

Events (10 events):
Event: 6.787 loading class androidx/room/processor/DeletionMethodProcessor
Event: 6.787 loading class androidx/room/processor/DeletionMethodProcessor done
Event: 6.788 loading class androidx/room/vo/DeletionMethod
Event: 6.788 loading class androidx/room/vo/DeletionMethod done
Event: 6.789 loading class androidx/room/vo/ShortcutMethod
Event: 6.789 loading class androidx/room/vo/ShortcutMethod done
Event: 6.789 loading class androidx/room/processor/UpdateMethodProcessor
Event: 6.789 loading class androidx/room/processor/UpdateMethodProcessor done
Event: 6.790 loading class androidx/room/vo/UpdateMethod
Event: 6.790 loading class androidx/room/vo/UpdateMethod done


Dynamic libraries:
0x00007ff720110000 - 0x00007ff720141000 	C:\Program Files\Android\Android Studio\jre\bin\java.exe
0x00007ffbb66b0000 - 0x00007ffbb68a5000 	C:\WINDOWS\SYSTEM32\ntdll.dll
0x00007ffbb4770000 - 0x00007ffbb482d000 	C:\WINDOWS\System32\KERNEL32.DLL
0x00007ffbb4160000 - 0x00007ffbb4428000 	C:\WINDOWS\System32\KERNELBASE.dll
0x00007ffbb4ab0000 - 0x00007ffbb4b5c000 	C:\WINDOWS\System32\ADVAPI32.dll
0x00007ffbb5380000 - 0x00007ffbb541e000 	C:\WINDOWS\System32\msvcrt.dll
0x00007ffbb49f0000 - 0x00007ffbb4a8b000 	C:\WINDOWS\System32\sechost.dll
0x00007ffbb5e40000 - 0x00007ffbb5f6b000 	C:\WINDOWS\System32\RPCRT4.dll
0x00007ffbb5820000 - 0x00007ffbb59c0000 	C:\WINDOWS\System32\USER32.dll
0x00007ffbb46e0000 - 0x00007ffbb4702000 	C:\WINDOWS\System32\win32u.dll
0x00007ffbb5f70000 - 0x00007ffbb5f9a000 	C:\WINDOWS\System32\GDI32.dll
0x00007ffbb3ea0000 - 0x00007ffbb3fab000 	C:\WINDOWS\System32\gdi32full.dll
0x00007ffbb4640000 - 0x00007ffbb46dd000 	C:\WINDOWS\System32\msvcp_win.dll
0x00007ffbb4060000 - 0x00007ffbb4160000 	C:\WINDOWS\System32\ucrtbase.dll
0x00007ffb9ef10000 - 0x00007ffb9f1aa000 	C:\WINDOWS\WinSxS\amd64_microsoft.windows.common-controls_6595b64144ccf1df_6.0.19041.844_none_ca00b6081b84eb1d\COMCTL32.dll
0x00007ffbb5420000 - 0x00007ffbb5450000 	C:\WINDOWS\System32\IMM32.DLL
0x0000000052270000 - 0x0000000052342000 	C:\Program Files\Android\Android Studio\jre\jre\bin\msvcr100.dll
0x0000000052430000 - 0x0000000052c7b000 	C:\Program Files\Android\Android Studio\jre\jre\bin\server\jvm.dll
0x00007ffbb4bc0000 - 0x00007ffbb4bc8000 	C:\WINDOWS\System32\PSAPI.DLL
0x00007ffbad5a0000 - 0x00007ffbad5aa000 	C:\WINDOWS\SYSTEM32\VERSION.dll
0x00007ffb9f300000 - 0x00007ffb9f327000 	C:\WINDOWS\SYSTEM32\WINMM.dll
0x00007ffbb1370000 - 0x00007ffbb1379000 	C:\WINDOWS\SYSTEM32\WSOCK32.dll
0x00007ffbb57b0000 - 0x00007ffbb581b000 	C:\WINDOWS\System32\WS2_32.dll
0x00007ffbae320000 - 0x00007ffbae32f000 	C:\Program Files\Android\Android Studio\jre\jre\bin\verify.dll
0x00007ffbae220000 - 0x00007ffbae249000 	C:\Program Files\Android\Android Studio\jre\jre\bin\java.dll
0x00007ffbae300000 - 0x00007ffbae316000 	C:\Program Files\Android\Android Studio\jre\jre\bin\zip.dll
0x00007ffbb4c30000 - 0x00007ffbb5372000 	C:\WINDOWS\System32\SHELL32.dll
0x00007ffbb1ef0000 - 0x00007ffbb2680000 	C:\WINDOWS\SYSTEM32\windows.storage.dll
0x00007ffbb5450000 - 0x00007ffbb57a5000 	C:\WINDOWS\System32\combase.dll
0x00007ffbb37f0000 - 0x00007ffbb381c000 	C:\WINDOWS\SYSTEM32\Wldp.dll
0x00007ffbb5d30000 - 0x00007ffbb5dde000 	C:\WINDOWS\System32\SHCORE.dll
0x00007ffbb4710000 - 0x00007ffbb4765000 	C:\WINDOWS\System32\shlwapi.dll
0x00007ffbb3d30000 - 0x00007ffbb3d4f000 	C:\WINDOWS\SYSTEM32\profapi.dll
0x00007ffbae2b0000 - 0x00007ffbae2ca000 	C:\Program Files\Android\Android Studio\jre\jre\bin\net.dll
0x00007ffbb3500000 - 0x00007ffbb356a000 	C:\WINDOWS\system32\mswsock.dll
0x00007ffbae1a0000 - 0x00007ffbae1b3000 	C:\Program Files\Android\Android Studio\jre\jre\bin\nio.dll
0x00007ffba60a0000 - 0x00007ffba60c7000 	C:\Users\USER\.gradle\native\f6784746aeab05261644944871eae4fe03e0ef1612fff0a4a95f87b438bc6780\windows-amd64\native-platform.dll
0x00007ffbae050000 - 0x00007ffbae05d000 	C:\Program Files\Android\Android Studio\jre\jre\bin\management.dll
0x00007ffbb3740000 - 0x00007ffbb3758000 	C:\WINDOWS\SYSTEM32\CRYPTSP.dll
0x00007ffbb2ea0000 - 0x00007ffbb2ed4000 	C:\WINDOWS\system32\rsaenh.dll
0x00007ffbb4590000 - 0x00007ffbb45b7000 	C:\WINDOWS\System32\bcrypt.dll
0x00007ffbb3cb0000 - 0x00007ffbb3cde000 	C:\WINDOWS\SYSTEM32\USERENV.dll
0x00007ffbb45c0000 - 0x00007ffbb4640000 	C:\WINDOWS\System32\bcryptprimitives.dll
0x00007ffbb3730000 - 0x00007ffbb373c000 	C:\WINDOWS\SYSTEM32\CRYPTBASE.dll
0x00007ffbb31f0000 - 0x00007ffbb322b000 	C:\WINDOWS\SYSTEM32\IPHLPAPI.DLL
0x00007ffbb4aa0000 - 0x00007ffbb4aa8000 	C:\WINDOWS\System32\NSI.dll
0x00007ffbaca70000 - 0x00007ffbaca87000 	C:\WINDOWS\SYSTEM32\dhcpcsvc6.DLL
0x00007ffbad380000 - 0x00007ffbad39d000 	C:\WINDOWS\SYSTEM32\dhcpcsvc.DLL
0x00007ffbb3230000 - 0x00007ffbb32fc000 	C:\WINDOWS\SYSTEM32\DNSAPI.dll
0x00007ffbaf530000 - 0x00007ffbaf53b000 	C:\WINDOWS\SYSTEM32\WINNSI.DLL
0x000000006adc0000 - 0x000000006aeb2000 	C:\Users\USER\AppData\Local\Temp\room-7402743e-c0b2-4f37-bcff-f667e8ec3811\sqlite-3.20.1-7c3f6a0f-308e-4686-bf65-a24ca991763f-sqlitejdbc.dll

VM Arguments:
jvm_args: -Xmx2048m -Dfile.encoding=UTF-8 -Duser.country=RU -Duser.language=ru -Duser.variant 
java_command: org.gradle.launcher.daemon.bootstrap.GradleDaemon 6.5
java_class_path (initial): C:\Users\USER\.gradle\wrapper\dists\gradle-6.5-bin\6nifqtx7604sqp1q6g8wikw7p\gradle-6.5\lib\gradle-launcher-6.5.jar
Launcher Type: SUN_STANDARD

Environment Variables:
PATH=C:\Program Files (x86)\Intel\Intel(R) Management Engine Components\iCLS\;C:\Program Files\Intel\Intel(R) Management Engine Components\iCLS\;C:\WINDOWS\system32;C:\WINDOWS;C:\WINDOWS\System32\Wbem;C:\WINDOWS\System32\WindowsPowerShell\v1.0\;C:\WINDOWS\System32\OpenSSH\;C:\Program Files (x86)\Intel\Intel(R) Management Engine Components\DAL;C:\Program Files\Intel\Intel(R) Management Engine Components\DAL;C:\Program Files\Git\cmd;C:\Users\USER\AppData\Local\Microsoft\WindowsApps;
USERNAME=USER
OS=Windows_NT
PROCESSOR_IDENTIFIER=Intel64 Family 6 Model 142 Stepping 12, GenuineIntel



---------------  S Y S T E M  ---------------

OS: Windows 10.0 , 64 bit Build 19041 (10.0.19041.928)

CPU:total 8 (initial active 8) (4 cores per cpu, 2 threads per core) family 6 model 142 stepping 12, cmov, cx8, fxsr, mmx, sse, sse2, sse3, ssse3, sse4.1, sse4.2, popcnt, avx, avx2, aes, clmul, erms, 3dnowpref, lzcnt, ht, tsc, tscinvbit, bmi1, bmi2, adx

Memory: 4k page, physical 7975408k(1801788k free), swap 7975408k(5128k free)

vm_info: OpenJDK 64-Bit Server VM (25.242-b01) for windows-amd64 JRE (1.8.0_242-release-1644-b01), built by "builder" with MS VC++ 10.0 (VS2010)

time: Thu Jun 10 12:35:53 2021
timezone: 
elapsed time: 6 seconds (0d 0h 0m 6s)

